<?xml version="1.0" encoding="UTF-8"?>
<robot generator="Robot 7.1.1 (Python 3.12.1 on win32)" generated="2025-01-06T21:12:21.789078" rpa="false" schemaversion="5">
<suite id="s1" name="Tests" source="E:\Python\robotFramework\tests">
<suite id="s1-s1" name="testDemo1" source="E:\Python\robotFramework\tests\testDemo1.robot">
<test id="s1-s1-t1" name="Parameterised Test case" line="13">
<kw name="Open the browser and launch the login page" owner="resources" type="SETUP">
<kw name="Create Dictionary" owner="BuiltIn">
<arg>screenshot_dir</arg>
<arg>E:\\Python\\robotFramework\\tests\\config/../reports/screenshots</arg>
<doc>Creates and returns a dictionary based on the given ``items``.</doc>
<status status="NOT RUN" start="2025-01-06T21:12:22.277421" elapsed="0.000000"/>
</kw>
<kw name="Set Screenshot Directory" owner="SeleniumLibrary">
<arg>E:\\Python\\robotFramework\\tests\\config/../reports/screenshots</arg>
<doc>Sets the directory for captured screenshots.</doc>
<status status="NOT RUN" start="2025-01-06T21:12:22.277421" elapsed="0.001004"/>
</kw>
<kw name="Run Keyword And Ignore Error" owner="BuiltIn">
<kw name="Set Selenium Timeout" owner="SeleniumLibrary">
<arg>5</arg>
<doc>Sets the timeout that is used by various keywords.</doc>
<status status="NOT RUN" start="2025-01-06T21:12:22.278425" elapsed="0.000000"/>
</kw>
<arg>Set Selenium Timeout</arg>
<arg>5</arg>
<doc>Runs the given keyword with the given arguments and ignores possible error.</doc>
<status status="NOT RUN" start="2025-01-06T21:12:22.278425" elapsed="0.000000"/>
</kw>
<kw name="Open Browser" owner="SeleniumLibrary">
<arg>${url}</arg>
<arg>chrome</arg>
<doc>Opens a new browser instance to the optional ``url``.</doc>
<status status="NOT RUN" start="2025-01-06T21:12:22.278425" elapsed="0.000000"/>
</kw>
<kw name="Maximize Browser Window" owner="SeleniumLibrary">
<doc>Maximizes current browser window.</doc>
<status status="NOT RUN" start="2025-01-06T21:12:22.278425" elapsed="0.000000"/>
</kw>
<kw name="Run Keyword And Ignore Error" owner="BuiltIn">
<kw name="Wait Until Page Contains Element" owner="SeleniumLibrary">
<arg>css:body</arg>
<arg>5</arg>
<doc>Waits until the element ``locator`` appears on the current page.</doc>
<status status="NOT RUN" start="2025-01-06T21:12:22.279426" elapsed="0.000000"/>
</kw>
<var>${status}</var>
<var>${error}</var>
<arg>Wait Until Page Contains Element</arg>
<arg>css:body</arg>
<arg>5</arg>
<doc>Runs the given keyword with the given arguments and ignores possible error.</doc>
<status status="NOT RUN" start="2025-01-06T21:12:22.279426" elapsed="0.000000"/>
</kw>
<kw name="Run Keyword If" owner="BuiltIn">
<kw name="Relaunch browser" owner="resources">
<kw name="Log" owner="BuiltIn">
<arg>Relaunching the browser as it fails to load</arg>
<doc>Logs the given message with the given level.</doc>
<status status="NOT RUN" start="2025-01-06T21:12:22.280426" elapsed="0.000000"/>
</kw>
<kw name="Close Browser" owner="SeleniumLibrary">
<doc>Closes the current browser.</doc>
<status status="NOT RUN" start="2025-01-06T21:12:22.281432" elapsed="0.000000"/>
</kw>
<kw name="Open Browser" owner="SeleniumLibrary">
<arg>${url}</arg>
<arg>chrome</arg>
<doc>Opens a new browser instance to the optional ``url``.</doc>
<status status="NOT RUN" start="2025-01-06T21:12:22.281432" elapsed="0.000000"/>
</kw>
<kw name="Maximize Browser Window" owner="SeleniumLibrary">
<doc>Maximizes current browser window.</doc>
<status status="NOT RUN" start="2025-01-06T21:12:22.281432" elapsed="0.000000"/>
</kw>
<status status="PASS" start="2025-01-06T21:12:22.280426" elapsed="0.001006"/>
</kw>
<arg>'${status}'=='FAIL'</arg>
<arg>Relaunch browser</arg>
<doc>Runs the given keyword with the given arguments, if ``condition`` is true.</doc>
<status status="NOT RUN" start="2025-01-06T21:12:22.280426" elapsed="0.001006"/>
</kw>
<status status="PASS" start="2025-01-06T21:12:22.275916" elapsed="0.005516"/>
</kw>
<kw name="Check the unsucessful login scnearios" owner="login">
<kw name="Enter username and password" owner="login">
<kw name="Input Text" owner="SeleniumLibrary">
<arg>${username_locator}</arg>
<arg>${user_name}</arg>
<doc>Types the given ``text`` into the text field identified by ``locator``.</doc>
<status status="NOT RUN" start="2025-01-06T21:12:22.282426" elapsed="0.000000"/>
</kw>
<kw name="Input Password" owner="SeleniumLibrary">
<arg>${password_locator}</arg>
<arg>${password}</arg>
<doc>Types the given password into the text field identified by ``locator``.</doc>
<status status="NOT RUN" start="2025-01-06T21:12:22.282426" elapsed="0.001001"/>
</kw>
<arg>${username_parameterised}</arg>
<arg>${password_parameterised}</arg>
<status status="PASS" start="2025-01-06T21:12:22.282426" elapsed="0.001001"/>
</kw>
<kw name="Click Button" owner="SeleniumLibrary">
<arg>signInBtn</arg>
<doc>Clicks the button identified by ``locator``.</doc>
<status status="NOT RUN" start="2025-01-06T21:12:22.283427" elapsed="0.000000"/>
</kw>
<kw name="Wait Until Element Is Visible" owner="SeleniumLibrary">
<arg>${incorrect_login_msg_locator}</arg>
<doc>Waits until the element ``locator`` is visible.</doc>
<status status="NOT RUN" start="2025-01-06T21:12:22.283427" elapsed="0.000000"/>
</kw>
<kw name="Get Text" owner="SeleniumLibrary">
<var>${unsuccessful_msg}</var>
<arg>${incorrect_login_msg_locator}</arg>
<doc>Returns the text value of the element identified by ``locator``.</doc>
<status status="NOT RUN" start="2025-01-06T21:12:22.283427" elapsed="0.000999"/>
</kw>
<kw name="Sleep" owner="BuiltIn">
<arg>5</arg>
<doc>Pauses the test executed for the given time.</doc>
<status status="NOT RUN" start="2025-01-06T21:12:22.284426" elapsed="0.000000"/>
</kw>
<kw name="Validate the error message" owner="login">
<kw name="Log" owner="BuiltIn">
<arg>${unsuccessful_msg}</arg>
<doc>Logs the given message with the given level.</doc>
<status status="NOT RUN" start="2025-01-06T21:12:22.285426" elapsed="0.000000"/>
</kw>
<kw name="Should Be Equal As Strings" owner="BuiltIn">
<arg>${unsuccessful_msg}</arg>
<arg>${expected_alert_message}</arg>
<doc>Fails if objects are unequal after converting them to strings.</doc>
<status status="NOT RUN" start="2025-01-06T21:12:22.285426" elapsed="0.000000"/>
</kw>
<arg>${unsuccessful_msg}</arg>
<status status="PASS" start="2025-01-06T21:12:22.284426" elapsed="0.001000"/>
</kw>
<arg>scp</arg>
<arg>learning</arg>
<status status="PASS" start="2025-01-06T21:12:22.282426" elapsed="0.003000"/>
</kw>
<kw name="Check the unsucessful login scnearios" owner="login">
<kw name="Enter username and password" owner="login">
<kw name="Input Text" owner="SeleniumLibrary">
<arg>${username_locator}</arg>
<arg>${user_name}</arg>
<doc>Types the given ``text`` into the text field identified by ``locator``.</doc>
<status status="NOT RUN" start="2025-01-06T21:12:22.286426" elapsed="0.000000"/>
</kw>
<kw name="Input Password" owner="SeleniumLibrary">
<arg>${password_locator}</arg>
<arg>${password}</arg>
<doc>Types the given password into the text field identified by ``locator``.</doc>
<status status="NOT RUN" start="2025-01-06T21:12:22.286426" elapsed="0.000999"/>
</kw>
<arg>${username_parameterised}</arg>
<arg>${password_parameterised}</arg>
<status status="PASS" start="2025-01-06T21:12:22.286426" elapsed="0.000999"/>
</kw>
<kw name="Click Button" owner="SeleniumLibrary">
<arg>signInBtn</arg>
<doc>Clicks the button identified by ``locator``.</doc>
<status status="NOT RUN" start="2025-01-06T21:12:22.287425" elapsed="0.000000"/>
</kw>
<kw name="Wait Until Element Is Visible" owner="SeleniumLibrary">
<arg>${incorrect_login_msg_locator}</arg>
<doc>Waits until the element ``locator`` is visible.</doc>
<status status="NOT RUN" start="2025-01-06T21:12:22.287425" elapsed="0.000000"/>
</kw>
<kw name="Get Text" owner="SeleniumLibrary">
<var>${unsuccessful_msg}</var>
<arg>${incorrect_login_msg_locator}</arg>
<doc>Returns the text value of the element identified by ``locator``.</doc>
<status status="NOT RUN" start="2025-01-06T21:12:22.287425" elapsed="0.001001"/>
</kw>
<kw name="Sleep" owner="BuiltIn">
<arg>5</arg>
<doc>Pauses the test executed for the given time.</doc>
<status status="NOT RUN" start="2025-01-06T21:12:22.288426" elapsed="0.000000"/>
</kw>
<kw name="Validate the error message" owner="login">
<kw name="Log" owner="BuiltIn">
<arg>${unsuccessful_msg}</arg>
<doc>Logs the given message with the given level.</doc>
<status status="NOT RUN" start="2025-01-06T21:12:22.288426" elapsed="0.000000"/>
</kw>
<kw name="Should Be Equal As Strings" owner="BuiltIn">
<arg>${unsuccessful_msg}</arg>
<arg>${expected_alert_message}</arg>
<doc>Fails if objects are unequal after converting them to strings.</doc>
<status status="NOT RUN" start="2025-01-06T21:12:22.289429" elapsed="0.000000"/>
</kw>
<arg>${unsuccessful_msg}</arg>
<status status="PASS" start="2025-01-06T21:12:22.288426" elapsed="0.001003"/>
</kw>
<arg>rahulshettyacademy</arg>
<arg>kjndsj</arg>
<status status="PASS" start="2025-01-06T21:12:22.286426" elapsed="0.003003"/>
</kw>
<kw name="Check the unsucessful login scnearios" owner="login">
<kw name="Enter username and password" owner="login">
<kw name="Input Text" owner="SeleniumLibrary">
<arg>${username_locator}</arg>
<arg>${user_name}</arg>
<doc>Types the given ``text`` into the text field identified by ``locator``.</doc>
<status status="NOT RUN" start="2025-01-06T21:12:22.290425" elapsed="0.000000"/>
</kw>
<kw name="Input Password" owner="SeleniumLibrary">
<arg>${password_locator}</arg>
<arg>${password}</arg>
<doc>Types the given password into the text field identified by ``locator``.</doc>
<status status="NOT RUN" start="2025-01-06T21:12:22.290425" elapsed="0.000000"/>
</kw>
<arg>${username_parameterised}</arg>
<arg>${password_parameterised}</arg>
<status status="PASS" start="2025-01-06T21:12:22.289429" elapsed="0.000996"/>
</kw>
<kw name="Click Button" owner="SeleniumLibrary">
<arg>signInBtn</arg>
<doc>Clicks the button identified by ``locator``.</doc>
<status status="NOT RUN" start="2025-01-06T21:12:22.290425" elapsed="0.000000"/>
</kw>
<kw name="Wait Until Element Is Visible" owner="SeleniumLibrary">
<arg>${incorrect_login_msg_locator}</arg>
<doc>Waits until the element ``locator`` is visible.</doc>
<status status="NOT RUN" start="2025-01-06T21:12:22.290425" elapsed="0.000000"/>
</kw>
<kw name="Get Text" owner="SeleniumLibrary">
<var>${unsuccessful_msg}</var>
<arg>${incorrect_login_msg_locator}</arg>
<doc>Returns the text value of the element identified by ``locator``.</doc>
<status status="NOT RUN" start="2025-01-06T21:12:22.290425" elapsed="0.000000"/>
</kw>
<kw name="Sleep" owner="BuiltIn">
<arg>5</arg>
<doc>Pauses the test executed for the given time.</doc>
<status status="NOT RUN" start="2025-01-06T21:12:22.290425" elapsed="0.001002"/>
</kw>
<kw name="Validate the error message" owner="login">
<kw name="Log" owner="BuiltIn">
<arg>${unsuccessful_msg}</arg>
<doc>Logs the given message with the given level.</doc>
<status status="NOT RUN" start="2025-01-06T21:12:22.291427" elapsed="0.000000"/>
</kw>
<kw name="Should Be Equal As Strings" owner="BuiltIn">
<arg>${unsuccessful_msg}</arg>
<arg>${expected_alert_message}</arg>
<doc>Fails if objects are unequal after converting them to strings.</doc>
<status status="NOT RUN" start="2025-01-06T21:12:22.291427" elapsed="0.000000"/>
</kw>
<arg>${unsuccessful_msg}</arg>
<status status="PASS" start="2025-01-06T21:12:22.291427" elapsed="0.000000"/>
</kw>
<arg>@3$</arg>
<arg>sdfbhd</arg>
<status status="PASS" start="2025-01-06T21:12:22.289429" elapsed="0.001998"/>
</kw>
<kw name="Close Browser" owner="SeleniumLibrary" type="TEARDOWN">
<doc>Closes the current browser.</doc>
<status status="NOT RUN" start="2025-01-06T21:12:22.292575" elapsed="0.000000"/>
</kw>
<status status="PASS" start="2025-01-06T21:12:22.274902" elapsed="0.017673"/>
</test>
<test id="s1-s1-t2" name="Check whether the cart is displayed in the home page" line="20">
<kw name="Open the browser and launch the login page" owner="resources" type="SETUP">
<kw name="Create Dictionary" owner="BuiltIn">
<arg>screenshot_dir</arg>
<arg>E:\\Python\\robotFramework\\tests\\config/../reports/screenshots</arg>
<doc>Creates and returns a dictionary based on the given ``items``.</doc>
<status status="NOT RUN" start="2025-01-06T21:12:22.293663" elapsed="0.000000"/>
</kw>
<kw name="Set Screenshot Directory" owner="SeleniumLibrary">
<arg>E:\\Python\\robotFramework\\tests\\config/../reports/screenshots</arg>
<doc>Sets the directory for captured screenshots.</doc>
<status status="NOT RUN" start="2025-01-06T21:12:22.293663" elapsed="0.001015"/>
</kw>
<kw name="Run Keyword And Ignore Error" owner="BuiltIn">
<kw name="Set Selenium Timeout" owner="SeleniumLibrary">
<arg>5</arg>
<doc>Sets the timeout that is used by various keywords.</doc>
<status status="NOT RUN" start="2025-01-06T21:12:22.294678" elapsed="0.000000"/>
</kw>
<arg>Set Selenium Timeout</arg>
<arg>5</arg>
<doc>Runs the given keyword with the given arguments and ignores possible error.</doc>
<status status="NOT RUN" start="2025-01-06T21:12:22.294678" elapsed="0.000000"/>
</kw>
<kw name="Open Browser" owner="SeleniumLibrary">
<arg>${url}</arg>
<arg>chrome</arg>
<doc>Opens a new browser instance to the optional ``url``.</doc>
<status status="NOT RUN" start="2025-01-06T21:12:22.294678" elapsed="0.000000"/>
</kw>
<kw name="Maximize Browser Window" owner="SeleniumLibrary">
<doc>Maximizes current browser window.</doc>
<status status="NOT RUN" start="2025-01-06T21:12:22.294678" elapsed="0.000000"/>
</kw>
<kw name="Run Keyword And Ignore Error" owner="BuiltIn">
<kw name="Wait Until Page Contains Element" owner="SeleniumLibrary">
<arg>css:body</arg>
<arg>5</arg>
<doc>Waits until the element ``locator`` appears on the current page.</doc>
<status status="NOT RUN" start="2025-01-06T21:12:22.295759" elapsed="0.000000"/>
</kw>
<var>${status}</var>
<var>${error}</var>
<arg>Wait Until Page Contains Element</arg>
<arg>css:body</arg>
<arg>5</arg>
<doc>Runs the given keyword with the given arguments and ignores possible error.</doc>
<status status="NOT RUN" start="2025-01-06T21:12:22.295759" elapsed="0.000000"/>
</kw>
<kw name="Run Keyword If" owner="BuiltIn">
<kw name="Relaunch browser" owner="resources">
<kw name="Log" owner="BuiltIn">
<arg>Relaunching the browser as it fails to load</arg>
<doc>Logs the given message with the given level.</doc>
<status status="NOT RUN" start="2025-01-06T21:12:22.296768" elapsed="0.000000"/>
</kw>
<kw name="Close Browser" owner="SeleniumLibrary">
<doc>Closes the current browser.</doc>
<status status="NOT RUN" start="2025-01-06T21:12:22.296768" elapsed="0.000000"/>
</kw>
<kw name="Open Browser" owner="SeleniumLibrary">
<arg>${url}</arg>
<arg>chrome</arg>
<doc>Opens a new browser instance to the optional ``url``.</doc>
<status status="NOT RUN" start="2025-01-06T21:12:22.296768" elapsed="0.000000"/>
</kw>
<kw name="Maximize Browser Window" owner="SeleniumLibrary">
<doc>Maximizes current browser window.</doc>
<status status="NOT RUN" start="2025-01-06T21:12:22.296768" elapsed="0.000000"/>
</kw>
<status status="PASS" start="2025-01-06T21:12:22.295759" elapsed="0.001009"/>
</kw>
<arg>'${status}'=='FAIL'</arg>
<arg>Relaunch browser</arg>
<doc>Runs the given keyword with the given arguments, if ``condition`` is true.</doc>
<status status="NOT RUN" start="2025-01-06T21:12:22.295759" elapsed="0.001009"/>
</kw>
<status status="PASS" start="2025-01-06T21:12:22.293663" elapsed="0.003105"/>
</kw>
<kw name="Login to home page" owner="login">
<kw name="Input Text" owner="SeleniumLibrary">
<arg>${username_locator}</arg>
<arg>${default_username}</arg>
<doc>Types the given ``text`` into the text field identified by ``locator``.</doc>
<status status="NOT RUN" start="2025-01-06T21:12:22.298249" elapsed="0.000000"/>
</kw>
<kw name="Input Password" owner="SeleniumLibrary">
<arg>${password_locator}</arg>
<arg>${default_password}</arg>
<doc>Types the given password into the text field identified by ``locator``.</doc>
<status status="NOT RUN" start="2025-01-06T21:12:22.298249" elapsed="0.000000"/>
</kw>
<kw name="Click Button" owner="SeleniumLibrary">
<arg>${sign_in_locator}</arg>
<doc>Clicks the button identified by ``locator``.</doc>
<status status="NOT RUN" start="2025-01-06T21:12:22.298249" elapsed="0.001005"/>
</kw>
<kw name="Wait Until Element Is Visible" owner="SeleniumLibrary">
<arg>${cart_locator}</arg>
<doc>Waits until the element ``locator`` is visible.</doc>
<status status="NOT RUN" start="2025-01-06T21:12:22.299254" elapsed="0.000000"/>
</kw>
<status status="PASS" start="2025-01-06T21:12:22.296768" elapsed="0.002486"/>
</kw>
<kw name="Sleep" owner="BuiltIn">
<arg>5</arg>
<doc>Pauses the test executed for the given time.</doc>
<status status="NOT RUN" start="2025-01-06T21:12:22.299254" elapsed="0.000000"/>
</kw>
<kw name="Close Browser" owner="SeleniumLibrary" type="TEARDOWN">
<doc>Closes the current browser.</doc>
<status status="NOT RUN" start="2025-01-06T21:12:22.299254" elapsed="0.000000"/>
</kw>
<tag>smoke</tag>
<status status="PASS" start="2025-01-06T21:12:22.292575" elapsed="0.006679"/>
</test>
<test id="s1-s1-t3" name="Check the items displayed in the home page" line="24">
<kw name="Open the browser and launch the login page" owner="resources" type="SETUP">
<kw name="Create Dictionary" owner="BuiltIn">
<arg>screenshot_dir</arg>
<arg>E:\\Python\\robotFramework\\tests\\config/../reports/screenshots</arg>
<doc>Creates and returns a dictionary based on the given ``items``.</doc>
<status status="NOT RUN" start="2025-01-06T21:12:22.300734" elapsed="0.000000"/>
</kw>
<kw name="Set Screenshot Directory" owner="SeleniumLibrary">
<arg>E:\\Python\\robotFramework\\tests\\config/../reports/screenshots</arg>
<doc>Sets the directory for captured screenshots.</doc>
<status status="NOT RUN" start="2025-01-06T21:12:22.300734" elapsed="0.001009"/>
</kw>
<kw name="Run Keyword And Ignore Error" owner="BuiltIn">
<kw name="Set Selenium Timeout" owner="SeleniumLibrary">
<arg>5</arg>
<doc>Sets the timeout that is used by various keywords.</doc>
<status status="NOT RUN" start="2025-01-06T21:12:22.301743" elapsed="0.000000"/>
</kw>
<arg>Set Selenium Timeout</arg>
<arg>5</arg>
<doc>Runs the given keyword with the given arguments and ignores possible error.</doc>
<status status="NOT RUN" start="2025-01-06T21:12:22.301743" elapsed="0.000000"/>
</kw>
<kw name="Open Browser" owner="SeleniumLibrary">
<arg>${url}</arg>
<arg>chrome</arg>
<doc>Opens a new browser instance to the optional ``url``.</doc>
<status status="NOT RUN" start="2025-01-06T21:12:22.301743" elapsed="0.000000"/>
</kw>
<kw name="Maximize Browser Window" owner="SeleniumLibrary">
<doc>Maximizes current browser window.</doc>
<status status="NOT RUN" start="2025-01-06T21:12:22.302745" elapsed="0.000000"/>
</kw>
<kw name="Run Keyword And Ignore Error" owner="BuiltIn">
<kw name="Wait Until Page Contains Element" owner="SeleniumLibrary">
<arg>css:body</arg>
<arg>5</arg>
<doc>Waits until the element ``locator`` appears on the current page.</doc>
<status status="NOT RUN" start="2025-01-06T21:12:22.302745" elapsed="0.000000"/>
</kw>
<var>${status}</var>
<var>${error}</var>
<arg>Wait Until Page Contains Element</arg>
<arg>css:body</arg>
<arg>5</arg>
<doc>Runs the given keyword with the given arguments and ignores possible error.</doc>
<status status="NOT RUN" start="2025-01-06T21:12:22.302745" elapsed="0.000000"/>
</kw>
<kw name="Run Keyword If" owner="BuiltIn">
<kw name="Relaunch browser" owner="resources">
<kw name="Log" owner="BuiltIn">
<arg>Relaunching the browser as it fails to load</arg>
<doc>Logs the given message with the given level.</doc>
<status status="NOT RUN" start="2025-01-06T21:12:22.303744" elapsed="0.000000"/>
</kw>
<kw name="Close Browser" owner="SeleniumLibrary">
<doc>Closes the current browser.</doc>
<status status="NOT RUN" start="2025-01-06T21:12:22.303744" elapsed="0.000000"/>
</kw>
<kw name="Open Browser" owner="SeleniumLibrary">
<arg>${url}</arg>
<arg>chrome</arg>
<doc>Opens a new browser instance to the optional ``url``.</doc>
<status status="NOT RUN" start="2025-01-06T21:12:22.303744" elapsed="0.000000"/>
</kw>
<kw name="Maximize Browser Window" owner="SeleniumLibrary">
<doc>Maximizes current browser window.</doc>
<status status="NOT RUN" start="2025-01-06T21:12:22.303744" elapsed="0.000000"/>
</kw>
<status status="PASS" start="2025-01-06T21:12:22.302745" elapsed="0.000999"/>
</kw>
<arg>'${status}'=='FAIL'</arg>
<arg>Relaunch browser</arg>
<doc>Runs the given keyword with the given arguments, if ``condition`` is true.</doc>
<status status="NOT RUN" start="2025-01-06T21:12:22.302745" elapsed="0.000999"/>
</kw>
<status status="PASS" start="2025-01-06T21:12:22.300734" elapsed="0.003010"/>
</kw>
<kw name="Login to home page" owner="login">
<kw name="Input Text" owner="SeleniumLibrary">
<arg>${username_locator}</arg>
<arg>${default_username}</arg>
<doc>Types the given ``text`` into the text field identified by ``locator``.</doc>
<status status="NOT RUN" start="2025-01-06T21:12:22.304915" elapsed="0.000000"/>
</kw>
<kw name="Input Password" owner="SeleniumLibrary">
<arg>${password_locator}</arg>
<arg>${default_password}</arg>
<doc>Types the given password into the text field identified by ``locator``.</doc>
<status status="NOT RUN" start="2025-01-06T21:12:22.304915" elapsed="0.000000"/>
</kw>
<kw name="Click Button" owner="SeleniumLibrary">
<arg>${sign_in_locator}</arg>
<doc>Clicks the button identified by ``locator``.</doc>
<status status="NOT RUN" start="2025-01-06T21:12:22.304915" elapsed="0.000000"/>
</kw>
<kw name="Wait Until Element Is Visible" owner="SeleniumLibrary">
<arg>${cart_locator}</arg>
<doc>Waits until the element ``locator`` is visible.</doc>
<status status="NOT RUN" start="2025-01-06T21:12:22.304915" elapsed="0.000000"/>
</kw>
<status status="PASS" start="2025-01-06T21:12:22.303744" elapsed="0.001171"/>
</kw>
<kw name="The homepage should contain the items from the expected list" owner="home">
<kw name="Create List" owner="BuiltIn">
<var>${expected_list}</var>
<arg>iphone X</arg>
<arg>Samsung Note 8</arg>
<arg>Nokia Edge</arg>
<arg>Blackberry</arg>
<doc>Returns a list containing given items.</doc>
<status status="NOT RUN" start="2025-01-06T21:12:22.305916" elapsed="0.000000"/>
</kw>
<kw name="Get WebElements" owner="SeleniumLibrary">
<var>${cart_list_webElements}</var>
<arg>${cart_title_locator}</arg>
<doc>Returns a list of WebElement objects matching the ``locator``.</doc>
<status status="NOT RUN" start="2025-01-06T21:12:22.305916" elapsed="0.000000"/>
</kw>
<kw name="Create List" owner="BuiltIn">
<var>@{actual_list}</var>
<doc>Returns a list containing given items.</doc>
<status status="NOT RUN" start="2025-01-06T21:12:22.305916" elapsed="0.001000"/>
</kw>
<for flavor="IN">
<iter>
<kw name="Get Text" owner="SeleniumLibrary">
<var>${item_title}</var>
<arg>${each_ele}</arg>
<doc>Returns the text value of the element identified by ``locator``.</doc>
<status status="NOT RUN" start="2025-01-06T21:12:22.306916" elapsed="0.000000"/>
</kw>
<kw name="Append To List" owner="Collections">
<arg>${actual_list}</arg>
<arg>${item_title}</arg>
<doc>Adds ``values`` to the end of ``list``.</doc>
<status status="NOT RUN" start="2025-01-06T21:12:22.306916" elapsed="0.000000"/>
</kw>
<var name="${each_ele}"/>
<status status="PASS" start="2025-01-06T21:12:22.306916" elapsed="0.000000"/>
</iter>
<var>${each_ele}</var>
<value>@{cart_list_webElements}</value>
<status status="PASS" start="2025-01-06T21:12:22.306916" elapsed="0.000000"/>
</for>
<kw name="Log" owner="BuiltIn">
<arg>${actual_list}</arg>
<doc>Logs the given message with the given level.</doc>
<status status="NOT RUN" start="2025-01-06T21:12:22.308017" elapsed="0.000000"/>
</kw>
<kw name="Log" owner="BuiltIn">
<arg>${expected_list}</arg>
<doc>Logs the given message with the given level.</doc>
<status status="NOT RUN" start="2025-01-06T21:12:22.308017" elapsed="0.000000"/>
</kw>
<kw name="Lists Should Be Equal" owner="Collections">
<arg>${actual_list}</arg>
<arg>${expected_list}</arg>
<doc>Fails if given lists are unequal.</doc>
<status status="NOT RUN" start="2025-01-06T21:12:22.308017" elapsed="0.000000"/>
</kw>
<status status="PASS" start="2025-01-06T21:12:22.305916" elapsed="0.002101"/>
</kw>
<kw name="Close Browser" owner="SeleniumLibrary" type="TEARDOWN">
<doc>Closes the current browser.</doc>
<status status="NOT RUN" start="2025-01-06T21:12:22.309024" elapsed="0.000000"/>
</kw>
<status status="PASS" start="2025-01-06T21:12:22.299254" elapsed="0.009770"/>
</test>
<test id="s1-s1-t4" name="Verify the functionality for adding items to the cart" line="28">
<kw name="Open the browser and launch the login page" owner="resources" type="SETUP">
<kw name="Create Dictionary" owner="BuiltIn">
<arg>screenshot_dir</arg>
<arg>E:\\Python\\robotFramework\\tests\\config/../reports/screenshots</arg>
<doc>Creates and returns a dictionary based on the given ``items``.</doc>
<status status="NOT RUN" start="2025-01-06T21:12:22.310055" elapsed="0.000000"/>
</kw>
<kw name="Set Screenshot Directory" owner="SeleniumLibrary">
<arg>E:\\Python\\robotFramework\\tests\\config/../reports/screenshots</arg>
<doc>Sets the directory for captured screenshots.</doc>
<status status="NOT RUN" start="2025-01-06T21:12:22.310055" elapsed="0.000000"/>
</kw>
<kw name="Run Keyword And Ignore Error" owner="BuiltIn">
<kw name="Set Selenium Timeout" owner="SeleniumLibrary">
<arg>5</arg>
<doc>Sets the timeout that is used by various keywords.</doc>
<status status="NOT RUN" start="2025-01-06T21:12:22.310055" elapsed="0.001484"/>
</kw>
<arg>Set Selenium Timeout</arg>
<arg>5</arg>
<doc>Runs the given keyword with the given arguments and ignores possible error.</doc>
<status status="NOT RUN" start="2025-01-06T21:12:22.310055" elapsed="0.001484"/>
</kw>
<kw name="Open Browser" owner="SeleniumLibrary">
<arg>${url}</arg>
<arg>chrome</arg>
<doc>Opens a new browser instance to the optional ``url``.</doc>
<status status="NOT RUN" start="2025-01-06T21:12:22.311539" elapsed="0.000000"/>
</kw>
<kw name="Maximize Browser Window" owner="SeleniumLibrary">
<doc>Maximizes current browser window.</doc>
<status status="NOT RUN" start="2025-01-06T21:12:22.311539" elapsed="0.000000"/>
</kw>
<kw name="Run Keyword And Ignore Error" owner="BuiltIn">
<kw name="Wait Until Page Contains Element" owner="SeleniumLibrary">
<arg>css:body</arg>
<arg>5</arg>
<doc>Waits until the element ``locator`` appears on the current page.</doc>
<status status="NOT RUN" start="2025-01-06T21:12:22.312629" elapsed="0.000000"/>
</kw>
<var>${status}</var>
<var>${error}</var>
<arg>Wait Until Page Contains Element</arg>
<arg>css:body</arg>
<arg>5</arg>
<doc>Runs the given keyword with the given arguments and ignores possible error.</doc>
<status status="NOT RUN" start="2025-01-06T21:12:22.312629" elapsed="0.000000"/>
</kw>
<kw name="Run Keyword If" owner="BuiltIn">
<kw name="Relaunch browser" owner="resources">
<kw name="Log" owner="BuiltIn">
<arg>Relaunching the browser as it fails to load</arg>
<doc>Logs the given message with the given level.</doc>
<status status="NOT RUN" start="2025-01-06T21:12:22.313641" elapsed="0.000000"/>
</kw>
<kw name="Close Browser" owner="SeleniumLibrary">
<doc>Closes the current browser.</doc>
<status status="NOT RUN" start="2025-01-06T21:12:22.313641" elapsed="0.000000"/>
</kw>
<kw name="Open Browser" owner="SeleniumLibrary">
<arg>${url}</arg>
<arg>chrome</arg>
<doc>Opens a new browser instance to the optional ``url``.</doc>
<status status="NOT RUN" start="2025-01-06T21:12:22.313641" elapsed="0.000000"/>
</kw>
<kw name="Maximize Browser Window" owner="SeleniumLibrary">
<doc>Maximizes current browser window.</doc>
<status status="NOT RUN" start="2025-01-06T21:12:22.314823" elapsed="0.000000"/>
</kw>
<status status="PASS" start="2025-01-06T21:12:22.313641" elapsed="0.001182"/>
</kw>
<arg>'${status}'=='FAIL'</arg>
<arg>Relaunch browser</arg>
<doc>Runs the given keyword with the given arguments, if ``condition`` is true.</doc>
<status status="NOT RUN" start="2025-01-06T21:12:22.312629" elapsed="0.002194"/>
</kw>
<status status="PASS" start="2025-01-06T21:12:22.310055" elapsed="0.004768"/>
</kw>
<kw name="Login to home page" owner="login">
<kw name="Input Text" owner="SeleniumLibrary">
<arg>${username_locator}</arg>
<arg>${default_username}</arg>
<doc>Types the given ``text`` into the text field identified by ``locator``.</doc>
<status status="NOT RUN" start="2025-01-06T21:12:22.314823" elapsed="0.000000"/>
</kw>
<kw name="Input Password" owner="SeleniumLibrary">
<arg>${password_locator}</arg>
<arg>${default_password}</arg>
<doc>Types the given password into the text field identified by ``locator``.</doc>
<status status="NOT RUN" start="2025-01-06T21:12:22.314823" elapsed="0.000000"/>
</kw>
<kw name="Click Button" owner="SeleniumLibrary">
<arg>${sign_in_locator}</arg>
<doc>Clicks the button identified by ``locator``.</doc>
<status status="NOT RUN" start="2025-01-06T21:12:22.315835" elapsed="0.000000"/>
</kw>
<kw name="Wait Until Element Is Visible" owner="SeleniumLibrary">
<arg>${cart_locator}</arg>
<doc>Waits until the element ``locator`` is visible.</doc>
<status status="NOT RUN" start="2025-01-06T21:12:22.315835" elapsed="0.000000"/>
</kw>
<status status="PASS" start="2025-01-06T21:12:22.314823" elapsed="0.001012"/>
</kw>
<kw name="From the home page, check for the items in expected list and add it to the cart" owner="home">
<kw name="Create Dictionary" owner="BuiltIn">
<var>${item_dic}</var>
<doc>Creates and returns a dictionary based on the given ``items``.</doc>
<status status="NOT RUN" start="2025-01-06T21:12:22.315835" elapsed="0.000000"/>
</kw>
<kw name="Get WebElements" owner="SeleniumLibrary">
<var>${cart_list_webElements}</var>
<arg>${cart_title_locator}</arg>
<doc>Returns a list of WebElement objects matching the ``locator``.</doc>
<status status="NOT RUN" start="2025-01-06T21:12:22.315835" elapsed="0.000000"/>
</kw>
<kw name="Set Variable" owner="BuiltIn">
<var>${index}</var>
<arg>1</arg>
<doc>Returns the given values which can then be assigned to a variables.</doc>
<status status="NOT RUN" start="2025-01-06T21:12:22.316846" elapsed="0.000000"/>
</kw>
<for flavor="IN">
<iter>
<kw name="Get Text" owner="SeleniumLibrary">
<var>${item_title}</var>
<arg>${each_ele}</arg>
<doc>Returns the text value of the element identified by ``locator``.</doc>
<status status="NOT RUN" start="2025-01-06T21:12:22.316846" elapsed="0.000000"/>
</kw>
<kw name="Set To Dictionary" owner="Collections">
<arg>${item_dic}</arg>
<arg>${item_title}=${index}</arg>
<doc>Adds the given ``key_value_pairs`` and/or ``items`` to the ``dictionary``.</doc>
<status status="NOT RUN" start="2025-01-06T21:12:22.316846" elapsed="0.000000"/>
</kw>
<kw name="Evaluate" owner="BuiltIn">
<var>${index}</var>
<arg>${index}+1</arg>
<doc>Evaluates the given expression in Python and returns the result.</doc>
<status status="NOT RUN" start="2025-01-06T21:12:22.316846" elapsed="0.000000"/>
</kw>
<var name="${each_ele}"/>
<status status="PASS" start="2025-01-06T21:12:22.316846" elapsed="0.000000"/>
</iter>
<var>${each_ele}</var>
<value>@{cart_list_webElements}</value>
<status status="PASS" start="2025-01-06T21:12:22.316846" elapsed="0.000000"/>
</for>
<for flavor="IN">
<iter>
<kw name="Set Variable" owner="BuiltIn">
<var>${dic_val_test}</var>
<arg>${item_dic}[${element}]</arg>
<doc>Returns the given values which can then be assigned to a variables.</doc>
<status status="NOT RUN" start="2025-01-06T21:12:22.316846" elapsed="0.000000"/>
</kw>
<kw name="Click Element" owner="SeleniumLibrary">
<arg>xpath:(//div[@class='card-footer'])[${dic_val_test}]/button</arg>
<doc>Click the element identified by ``locator``.</doc>
<status status="NOT RUN" start="2025-01-06T21:12:22.317921" elapsed="0.000000"/>
</kw>
<var name="${element}"/>
<status status="PASS" start="2025-01-06T21:12:22.316846" elapsed="0.001075"/>
</iter>
<var>${element}</var>
<value>@{check_in_items}</value>
<status status="PASS" start="2025-01-06T21:12:22.316846" elapsed="0.001075"/>
</for>
<status status="PASS" start="2025-01-06T21:12:22.315835" elapsed="0.002086"/>
</kw>
<kw name="Go to the cart and verify the products" owner="cart">
<kw name="Click Element" owner="SeleniumLibrary">
<arg>xpath://a[contains(text(),'Checkout')]</arg>
<doc>Click the element identified by ``locator``.</doc>
<status status="NOT RUN" start="2025-01-06T21:12:22.317921" elapsed="0.000000"/>
</kw>
<kw name="Wait Until Element Is Visible" owner="SeleniumLibrary">
<arg>xpath://button[contains(text(),'Checkout')]</arg>
<doc>Waits until the element ``locator`` is visible.</doc>
<status status="NOT RUN" start="2025-01-06T21:12:22.318931" elapsed="0.000000"/>
</kw>
<kw name="Create List" owner="BuiltIn">
<var>@{cart_items}</var>
<doc>Returns a list containing given items.</doc>
<status status="NOT RUN" start="2025-01-06T21:12:22.318931" elapsed="0.000000"/>
</kw>
<kw name="Get WebElements" owner="SeleniumLibrary">
<var>@{cart_item_webelements}</var>
<arg>xpath://h4[@class='media-heading']/a</arg>
<doc>Returns a list of WebElement objects matching the ``locator``.</doc>
<status status="NOT RUN" start="2025-01-06T21:12:22.318931" elapsed="0.000000"/>
</kw>
<for flavor="IN">
<iter>
<kw name="Get Text" owner="SeleniumLibrary">
<var>${item_title}</var>
<arg>${cart_item}</arg>
<doc>Returns the text value of the element identified by ``locator``.</doc>
<status status="NOT RUN" start="2025-01-06T21:12:22.318931" elapsed="0.000000"/>
</kw>
<kw name="Append To List" owner="Collections">
<arg>${cart_items}</arg>
<arg>${item_title}</arg>
<doc>Adds ``values`` to the end of ``list``.</doc>
<status status="NOT RUN" start="2025-01-06T21:12:22.318931" elapsed="0.000000"/>
</kw>
<var name="${cart_item}"/>
<status status="PASS" start="2025-01-06T21:12:22.318931" elapsed="0.000000"/>
</iter>
<var>${cart_item}</var>
<value>@{cart_item_webelements}</value>
<status status="PASS" start="2025-01-06T21:12:22.318931" elapsed="0.000000"/>
</for>
<kw name="Log" owner="BuiltIn">
<arg>${cart_items}</arg>
<doc>Logs the given message with the given level.</doc>
<status status="NOT RUN" start="2025-01-06T21:12:22.318931" elapsed="0.000000"/>
</kw>
<kw name="Lists Should Be Equal" owner="Collections">
<arg>${cart_items}</arg>
<arg>${check_in_items}</arg>
<doc>Fails if given lists are unequal.</doc>
<status status="NOT RUN" start="2025-01-06T21:12:22.319942" elapsed="0.000000"/>
</kw>
<status status="PASS" start="2025-01-06T21:12:22.317921" elapsed="0.002021"/>
</kw>
<kw name="Close Browser" owner="SeleniumLibrary" type="TEARDOWN">
<doc>Closes the current browser.</doc>
<status status="NOT RUN" start="2025-01-06T21:12:22.319942" elapsed="0.000000"/>
</kw>
<status status="PASS" start="2025-01-06T21:12:22.309024" elapsed="0.010918"/>
</test>
<test id="s1-s1-t5" name="Verify the login form data fields" line="32">
<kw name="Open the browser and launch the login page" owner="resources" type="SETUP">
<kw name="Create Dictionary" owner="BuiltIn">
<arg>screenshot_dir</arg>
<arg>E:\\Python\\robotFramework\\tests\\config/../reports/screenshots</arg>
<doc>Creates and returns a dictionary based on the given ``items``.</doc>
<status status="NOT RUN" start="2025-01-06T21:12:22.320960" elapsed="0.000000"/>
</kw>
<kw name="Set Screenshot Directory" owner="SeleniumLibrary">
<arg>E:\\Python\\robotFramework\\tests\\config/../reports/screenshots</arg>
<doc>Sets the directory for captured screenshots.</doc>
<status status="NOT RUN" start="2025-01-06T21:12:22.320960" elapsed="0.000000"/>
</kw>
<kw name="Run Keyword And Ignore Error" owner="BuiltIn">
<kw name="Set Selenium Timeout" owner="SeleniumLibrary">
<arg>5</arg>
<doc>Sets the timeout that is used by various keywords.</doc>
<status status="NOT RUN" start="2025-01-06T21:12:22.321960" elapsed="0.000000"/>
</kw>
<arg>Set Selenium Timeout</arg>
<arg>5</arg>
<doc>Runs the given keyword with the given arguments and ignores possible error.</doc>
<status status="NOT RUN" start="2025-01-06T21:12:22.320960" elapsed="0.001000"/>
</kw>
<kw name="Open Browser" owner="SeleniumLibrary">
<arg>${url}</arg>
<arg>chrome</arg>
<doc>Opens a new browser instance to the optional ``url``.</doc>
<status status="NOT RUN" start="2025-01-06T21:12:22.321960" elapsed="0.000000"/>
</kw>
<kw name="Maximize Browser Window" owner="SeleniumLibrary">
<doc>Maximizes current browser window.</doc>
<status status="NOT RUN" start="2025-01-06T21:12:22.321960" elapsed="0.000000"/>
</kw>
<kw name="Run Keyword And Ignore Error" owner="BuiltIn">
<kw name="Wait Until Page Contains Element" owner="SeleniumLibrary">
<arg>css:body</arg>
<arg>5</arg>
<doc>Waits until the element ``locator`` appears on the current page.</doc>
<status status="NOT RUN" start="2025-01-06T21:12:22.321960" elapsed="0.001000"/>
</kw>
<var>${status}</var>
<var>${error}</var>
<arg>Wait Until Page Contains Element</arg>
<arg>css:body</arg>
<arg>5</arg>
<doc>Runs the given keyword with the given arguments and ignores possible error.</doc>
<status status="NOT RUN" start="2025-01-06T21:12:22.321960" elapsed="0.001000"/>
</kw>
<kw name="Run Keyword If" owner="BuiltIn">
<kw name="Relaunch browser" owner="resources">
<kw name="Log" owner="BuiltIn">
<arg>Relaunching the browser as it fails to load</arg>
<doc>Logs the given message with the given level.</doc>
<status status="NOT RUN" start="2025-01-06T21:12:22.322960" elapsed="0.000000"/>
</kw>
<kw name="Close Browser" owner="SeleniumLibrary">
<doc>Closes the current browser.</doc>
<status status="NOT RUN" start="2025-01-06T21:12:22.322960" elapsed="0.000000"/>
</kw>
<kw name="Open Browser" owner="SeleniumLibrary">
<arg>${url}</arg>
<arg>chrome</arg>
<doc>Opens a new browser instance to the optional ``url``.</doc>
<status status="NOT RUN" start="2025-01-06T21:12:22.323966" elapsed="0.000000"/>
</kw>
<kw name="Maximize Browser Window" owner="SeleniumLibrary">
<doc>Maximizes current browser window.</doc>
<status status="NOT RUN" start="2025-01-06T21:12:22.323966" elapsed="0.000000"/>
</kw>
<status status="PASS" start="2025-01-06T21:12:22.322960" elapsed="0.001006"/>
</kw>
<arg>'${status}'=='FAIL'</arg>
<arg>Relaunch browser</arg>
<doc>Runs the given keyword with the given arguments, if ``condition`` is true.</doc>
<status status="NOT RUN" start="2025-01-06T21:12:22.322960" elapsed="0.001006"/>
</kw>
<status status="PASS" start="2025-01-06T21:12:22.320960" elapsed="0.003006"/>
</kw>
<kw name="Enter username and password" owner="login">
<kw name="Input Text" owner="SeleniumLibrary">
<arg>${username_locator}</arg>
<arg>${user_name}</arg>
<doc>Types the given ``text`` into the text field identified by ``locator``.</doc>
<status status="NOT RUN" start="2025-01-06T21:12:22.323966" elapsed="0.000000"/>
</kw>
<kw name="Input Password" owner="SeleniumLibrary">
<arg>${password_locator}</arg>
<arg>${password}</arg>
<doc>Types the given password into the text field identified by ``locator``.</doc>
<status status="NOT RUN" start="2025-01-06T21:12:22.323966" elapsed="0.000000"/>
</kw>
<status status="PASS" start="2025-01-06T21:12:22.323966" elapsed="0.000999"/>
</kw>
<kw name="Select user radio button" owner="login">
<kw name="Select Radio Button" owner="SeleniumLibrary">
<arg>radio</arg>
<arg>user</arg>
<doc>Sets the radio button group ``group_name`` to ``value``.</doc>
<status status="NOT RUN" start="2025-01-06T21:12:22.324965" elapsed="0.000000"/>
</kw>
<kw name="Wait Until Element Is Visible" owner="SeleniumLibrary">
<arg>okayBtn</arg>
<doc>Waits until the element ``locator`` is visible.</doc>
<status status="NOT RUN" start="2025-01-06T21:12:22.324965" elapsed="0.000000"/>
</kw>
<kw name="Click Element" owner="SeleniumLibrary">
<arg>okayBtn</arg>
<doc>Click the element identified by ``locator``.</doc>
<status status="NOT RUN" start="2025-01-06T21:12:22.324965" elapsed="0.000000"/>
</kw>
<kw name="Wait Until Element Is Not Visible" owner="SeleniumLibrary">
<arg>okayBtn</arg>
<doc>Waits until the element ``locator`` is not visible.</doc>
<status status="NOT RUN" start="2025-01-06T21:12:22.324965" elapsed="0.000000"/>
</kw>
<kw name="Radio Button Should Be Set To" owner="SeleniumLibrary">
<arg>radio</arg>
<arg>user</arg>
<doc>Verifies radio button group ``group_name`` is set to ``value``.</doc>
<status status="NOT RUN" start="2025-01-06T21:12:22.325965" elapsed="0.000000"/>
</kw>
<status status="PASS" start="2025-01-06T21:12:22.324965" elapsed="0.001000"/>
</kw>
<kw name="Select Teacher from the dropdown box" owner="login">
<kw name="Select From List By Value" owner="SeleniumLibrary">
<arg>css:Select.form-control</arg>
<arg>teach</arg>
<doc>Selects options from selection list ``locator`` by ``values``.</doc>
<status status="NOT RUN" start="2025-01-06T21:12:22.325965" elapsed="0.000000"/>
</kw>
<status status="PASS" start="2025-01-06T21:12:22.325965" elapsed="0.000000"/>
</kw>
<kw name="Check the agreement box" owner="login">
<kw name="Select Checkbox" owner="SeleniumLibrary">
<arg>terms</arg>
<doc>Selects the checkbox identified by ``locator``.</doc>
<status status="NOT RUN" start="2025-01-06T21:12:22.325965" elapsed="0.000000"/>
</kw>
<kw name="Checkbox Should Be Selected" owner="SeleniumLibrary">
<arg>terms</arg>
<doc>Verifies checkbox ``locator`` is selected/checked.</doc>
<status status="NOT RUN" start="2025-01-06T21:12:22.325965" elapsed="0.001000"/>
</kw>
<status status="PASS" start="2025-01-06T21:12:22.325965" elapsed="0.001000"/>
</kw>
<kw name="Click Signin and user should successfully login" owner="login">
<kw name="Click Button" owner="SeleniumLibrary">
<arg>signInBtn</arg>
<doc>Clicks the button identified by ``locator``.</doc>
<status status="NOT RUN" start="2025-01-06T21:12:22.326965" elapsed="0.000000"/>
</kw>
<kw name="Wait Until Element Is Visible" owner="SeleniumLibrary">
<arg>xpath://a[contains(text(),'Checkout')]</arg>
<doc>Waits until the element ``locator`` is visible.</doc>
<status status="NOT RUN" start="2025-01-06T21:12:22.326965" elapsed="0.000000"/>
</kw>
<status status="PASS" start="2025-01-06T21:12:22.326965" elapsed="0.000000"/>
</kw>
<kw name="Close Browser" owner="SeleniumLibrary" type="TEARDOWN">
<doc>Closes the current browser.</doc>
<status status="NOT RUN" start="2025-01-06T21:12:22.326965" elapsed="0.000000"/>
</kw>
<status status="PASS" start="2025-01-06T21:12:22.319942" elapsed="0.007023"/>
</test>
<status status="PASS" start="2025-01-06T21:12:21.813127" elapsed="0.513838"/>
</suite>
<suite id="s1-s2" name="testDemo2" source="E:\Python\robotFramework\tests\testDemo2.robot">
<test id="s1-s2-t1" name="Invalid username" line="19">
<kw name="Open the browser and launch the login page" owner="resources" type="SETUP">
<kw name="Create Dictionary" owner="BuiltIn">
<arg>screenshot_dir</arg>
<arg>E:\\Python\\robotFramework\\tests\\config/../reports/screenshots</arg>
<doc>Creates and returns a dictionary based on the given ``items``.</doc>
<status status="NOT RUN" start="2025-01-06T21:12:22.367253" elapsed="0.000000"/>
</kw>
<kw name="Set Screenshot Directory" owner="SeleniumLibrary">
<arg>E:\\Python\\robotFramework\\tests\\config/../reports/screenshots</arg>
<doc>Sets the directory for captured screenshots.</doc>
<status status="NOT RUN" start="2025-01-06T21:12:22.367253" elapsed="0.000000"/>
</kw>
<kw name="Run Keyword And Ignore Error" owner="BuiltIn">
<kw name="Set Selenium Timeout" owner="SeleniumLibrary">
<arg>5</arg>
<doc>Sets the timeout that is used by various keywords.</doc>
<status status="NOT RUN" start="2025-01-06T21:12:22.368323" elapsed="0.000000"/>
</kw>
<arg>Set Selenium Timeout</arg>
<arg>5</arg>
<doc>Runs the given keyword with the given arguments and ignores possible error.</doc>
<status status="NOT RUN" start="2025-01-06T21:12:22.368323" elapsed="0.000000"/>
</kw>
<kw name="Open Browser" owner="SeleniumLibrary">
<arg>${url}</arg>
<arg>chrome</arg>
<doc>Opens a new browser instance to the optional ``url``.</doc>
<status status="NOT RUN" start="2025-01-06T21:12:22.368323" elapsed="0.000000"/>
</kw>
<kw name="Maximize Browser Window" owner="SeleniumLibrary">
<doc>Maximizes current browser window.</doc>
<status status="NOT RUN" start="2025-01-06T21:12:22.368323" elapsed="0.000000"/>
</kw>
<kw name="Run Keyword And Ignore Error" owner="BuiltIn">
<kw name="Wait Until Page Contains Element" owner="SeleniumLibrary">
<arg>css:body</arg>
<arg>5</arg>
<doc>Waits until the element ``locator`` appears on the current page.</doc>
<status status="NOT RUN" start="2025-01-06T21:12:22.368323" elapsed="0.001001"/>
</kw>
<var>${status}</var>
<var>${error}</var>
<arg>Wait Until Page Contains Element</arg>
<arg>css:body</arg>
<arg>5</arg>
<doc>Runs the given keyword with the given arguments and ignores possible error.</doc>
<status status="NOT RUN" start="2025-01-06T21:12:22.368323" elapsed="0.001001"/>
</kw>
<kw name="Run Keyword If" owner="BuiltIn">
<kw name="Relaunch browser" owner="resources">
<kw name="Log" owner="BuiltIn">
<arg>Relaunching the browser as it fails to load</arg>
<doc>Logs the given message with the given level.</doc>
<status status="NOT RUN" start="2025-01-06T21:12:22.369324" elapsed="0.000000"/>
</kw>
<kw name="Close Browser" owner="SeleniumLibrary">
<doc>Closes the current browser.</doc>
<status status="NOT RUN" start="2025-01-06T21:12:22.369324" elapsed="0.000000"/>
</kw>
<kw name="Open Browser" owner="SeleniumLibrary">
<arg>${url}</arg>
<arg>chrome</arg>
<doc>Opens a new browser instance to the optional ``url``.</doc>
<status status="NOT RUN" start="2025-01-06T21:12:22.369324" elapsed="0.000000"/>
</kw>
<kw name="Maximize Browser Window" owner="SeleniumLibrary">
<doc>Maximizes current browser window.</doc>
<status status="NOT RUN" start="2025-01-06T21:12:22.369324" elapsed="0.001000"/>
</kw>
<status status="PASS" start="2025-01-06T21:12:22.369324" elapsed="0.001000"/>
</kw>
<arg>'${status}'=='FAIL'</arg>
<arg>Relaunch browser</arg>
<doc>Runs the given keyword with the given arguments, if ``condition`` is true.</doc>
<status status="NOT RUN" start="2025-01-06T21:12:22.369324" elapsed="0.001000"/>
</kw>
<status status="PASS" start="2025-01-06T21:12:22.367253" elapsed="0.003071"/>
</kw>
<kw name="Login with username and password">
<kw name="Enter username and password" owner="login">
<kw name="Input Text" owner="SeleniumLibrary">
<arg>${username_locator}</arg>
<arg>${user_name}</arg>
<doc>Types the given ``text`` into the text field identified by ``locator``.</doc>
<status status="NOT RUN" start="2025-01-06T21:12:22.370324" elapsed="0.000000"/>
</kw>
<kw name="Input Password" owner="SeleniumLibrary">
<arg>${password_locator}</arg>
<arg>${password}</arg>
<doc>Types the given password into the text field identified by ``locator``.</doc>
<status status="NOT RUN" start="2025-01-06T21:12:22.370324" elapsed="0.001000"/>
</kw>
<arg>${user_name_test_data}</arg>
<arg>${password_test_data}</arg>
<status status="PASS" start="2025-01-06T21:12:22.370324" elapsed="0.001000"/>
</kw>
<kw name="Click Button" owner="SeleniumLibrary">
<arg>signInBtn</arg>
<doc>Clicks the button identified by ``locator``.</doc>
<status status="NOT RUN" start="2025-01-06T21:12:22.371324" elapsed="0.000000"/>
</kw>
<kw name="Wait Until Element Is Visible" owner="SeleniumLibrary">
<arg>${incorrect_login_msg_locator}</arg>
<doc>Waits until the element ``locator`` is visible.</doc>
<status status="NOT RUN" start="2025-01-06T21:12:22.371324" elapsed="0.000000"/>
</kw>
<kw name="Get Text" owner="SeleniumLibrary">
<var>${unsuccessful_msg}</var>
<arg>${incorrect_login_msg_locator}</arg>
<doc>Returns the text value of the element identified by ``locator``.</doc>
<status status="NOT RUN" start="2025-01-06T21:12:22.371324" elapsed="0.000000"/>
</kw>
<kw name="Sleep" owner="BuiltIn">
<arg>5</arg>
<doc>Pauses the test executed for the given time.</doc>
<status status="NOT RUN" start="2025-01-06T21:12:22.371324" elapsed="0.000000"/>
</kw>
<kw name="Validate the error message" owner="login">
<kw name="Log" owner="BuiltIn">
<arg>${unsuccessful_msg}</arg>
<doc>Logs the given message with the given level.</doc>
<status status="NOT RUN" start="2025-01-06T21:12:22.372324" elapsed="0.000000"/>
</kw>
<kw name="Should Be Equal As Strings" owner="BuiltIn">
<arg>${unsuccessful_msg}</arg>
<arg>${expected_alert_message}</arg>
<doc>Fails if objects are unequal after converting them to strings.</doc>
<status status="NOT RUN" start="2025-01-06T21:12:22.372324" elapsed="0.000000"/>
</kw>
<arg>${unsuccessful_msg}</arg>
<status status="PASS" start="2025-01-06T21:12:22.371324" elapsed="0.001000"/>
</kw>
<arg>user_name_test_data=XXXX</arg>
<arg>password_test_data=learning</arg>
<status status="PASS" start="2025-01-06T21:12:22.370324" elapsed="0.002000"/>
</kw>
<kw name="Close Browser" owner="SeleniumLibrary" type="TEARDOWN">
<doc>Closes the current browser.</doc>
<status status="NOT RUN" start="2025-01-06T21:12:22.372324" elapsed="0.000000"/>
</kw>
<status status="PASS" start="2025-01-06T21:12:22.365752" elapsed="0.006572"/>
</test>
<test id="s1-s2-t2" name="Invalid Password" line="19">
<kw name="Open the browser and launch the login page" owner="resources" type="SETUP">
<kw name="Create Dictionary" owner="BuiltIn">
<arg>screenshot_dir</arg>
<arg>E:\\Python\\robotFramework\\tests\\config/../reports/screenshots</arg>
<doc>Creates and returns a dictionary based on the given ``items``.</doc>
<status status="NOT RUN" start="2025-01-06T21:12:22.374324" elapsed="0.000000"/>
</kw>
<kw name="Set Screenshot Directory" owner="SeleniumLibrary">
<arg>E:\\Python\\robotFramework\\tests\\config/../reports/screenshots</arg>
<doc>Sets the directory for captured screenshots.</doc>
<status status="NOT RUN" start="2025-01-06T21:12:22.374324" elapsed="0.000000"/>
</kw>
<kw name="Run Keyword And Ignore Error" owner="BuiltIn">
<kw name="Set Selenium Timeout" owner="SeleniumLibrary">
<arg>5</arg>
<doc>Sets the timeout that is used by various keywords.</doc>
<status status="NOT RUN" start="2025-01-06T21:12:22.375324" elapsed="0.000000"/>
</kw>
<arg>Set Selenium Timeout</arg>
<arg>5</arg>
<doc>Runs the given keyword with the given arguments and ignores possible error.</doc>
<status status="NOT RUN" start="2025-01-06T21:12:22.375324" elapsed="0.000000"/>
</kw>
<kw name="Open Browser" owner="SeleniumLibrary">
<arg>${url}</arg>
<arg>chrome</arg>
<doc>Opens a new browser instance to the optional ``url``.</doc>
<status status="NOT RUN" start="2025-01-06T21:12:22.375324" elapsed="0.000000"/>
</kw>
<kw name="Maximize Browser Window" owner="SeleniumLibrary">
<doc>Maximizes current browser window.</doc>
<status status="NOT RUN" start="2025-01-06T21:12:22.375324" elapsed="0.000000"/>
</kw>
<kw name="Run Keyword And Ignore Error" owner="BuiltIn">
<kw name="Wait Until Page Contains Element" owner="SeleniumLibrary">
<arg>css:body</arg>
<arg>5</arg>
<doc>Waits until the element ``locator`` appears on the current page.</doc>
<status status="NOT RUN" start="2025-01-06T21:12:22.375324" elapsed="0.000000"/>
</kw>
<var>${status}</var>
<var>${error}</var>
<arg>Wait Until Page Contains Element</arg>
<arg>css:body</arg>
<arg>5</arg>
<doc>Runs the given keyword with the given arguments and ignores possible error.</doc>
<status status="NOT RUN" start="2025-01-06T21:12:22.375324" elapsed="0.000000"/>
</kw>
<kw name="Run Keyword If" owner="BuiltIn">
<kw name="Relaunch browser" owner="resources">
<kw name="Log" owner="BuiltIn">
<arg>Relaunching the browser as it fails to load</arg>
<doc>Logs the given message with the given level.</doc>
<status status="NOT RUN" start="2025-01-06T21:12:22.376833" elapsed="0.000000"/>
</kw>
<kw name="Close Browser" owner="SeleniumLibrary">
<doc>Closes the current browser.</doc>
<status status="NOT RUN" start="2025-01-06T21:12:22.376833" elapsed="0.000000"/>
</kw>
<kw name="Open Browser" owner="SeleniumLibrary">
<arg>${url}</arg>
<arg>chrome</arg>
<doc>Opens a new browser instance to the optional ``url``.</doc>
<status status="NOT RUN" start="2025-01-06T21:12:22.376833" elapsed="0.000000"/>
</kw>
<kw name="Maximize Browser Window" owner="SeleniumLibrary">
<doc>Maximizes current browser window.</doc>
<status status="NOT RUN" start="2025-01-06T21:12:22.376833" elapsed="0.000000"/>
</kw>
<status status="PASS" start="2025-01-06T21:12:22.376833" elapsed="0.000000"/>
</kw>
<arg>'${status}'=='FAIL'</arg>
<arg>Relaunch browser</arg>
<doc>Runs the given keyword with the given arguments, if ``condition`` is true.</doc>
<status status="NOT RUN" start="2025-01-06T21:12:22.375324" elapsed="0.001509"/>
</kw>
<status status="PASS" start="2025-01-06T21:12:22.374324" elapsed="0.002509"/>
</kw>
<kw name="Login with username and password">
<kw name="Enter username and password" owner="login">
<kw name="Input Text" owner="SeleniumLibrary">
<arg>${username_locator}</arg>
<arg>${user_name}</arg>
<doc>Types the given ``text`` into the text field identified by ``locator``.</doc>
<status status="NOT RUN" start="2025-01-06T21:12:22.377838" elapsed="0.000000"/>
</kw>
<kw name="Input Password" owner="SeleniumLibrary">
<arg>${password_locator}</arg>
<arg>${password}</arg>
<doc>Types the given password into the text field identified by ``locator``.</doc>
<status status="NOT RUN" start="2025-01-06T21:12:22.377838" elapsed="0.000000"/>
</kw>
<arg>${user_name_test_data}</arg>
<arg>${password_test_data}</arg>
<status status="PASS" start="2025-01-06T21:12:22.377838" elapsed="0.000000"/>
</kw>
<kw name="Click Button" owner="SeleniumLibrary">
<arg>signInBtn</arg>
<doc>Clicks the button identified by ``locator``.</doc>
<status status="NOT RUN" start="2025-01-06T21:12:22.377838" elapsed="0.000000"/>
</kw>
<kw name="Wait Until Element Is Visible" owner="SeleniumLibrary">
<arg>${incorrect_login_msg_locator}</arg>
<doc>Waits until the element ``locator`` is visible.</doc>
<status status="NOT RUN" start="2025-01-06T21:12:22.377838" elapsed="0.001001"/>
</kw>
<kw name="Get Text" owner="SeleniumLibrary">
<var>${unsuccessful_msg}</var>
<arg>${incorrect_login_msg_locator}</arg>
<doc>Returns the text value of the element identified by ``locator``.</doc>
<status status="NOT RUN" start="2025-01-06T21:12:22.378839" elapsed="0.000000"/>
</kw>
<kw name="Sleep" owner="BuiltIn">
<arg>5</arg>
<doc>Pauses the test executed for the given time.</doc>
<status status="NOT RUN" start="2025-01-06T21:12:22.378839" elapsed="0.000000"/>
</kw>
<kw name="Validate the error message" owner="login">
<kw name="Log" owner="BuiltIn">
<arg>${unsuccessful_msg}</arg>
<doc>Logs the given message with the given level.</doc>
<status status="NOT RUN" start="2025-01-06T21:12:22.378839" elapsed="0.000000"/>
</kw>
<kw name="Should Be Equal As Strings" owner="BuiltIn">
<arg>${unsuccessful_msg}</arg>
<arg>${expected_alert_message}</arg>
<doc>Fails if objects are unequal after converting them to strings.</doc>
<status status="NOT RUN" start="2025-01-06T21:12:22.378839" elapsed="0.000000"/>
</kw>
<arg>${unsuccessful_msg}</arg>
<status status="PASS" start="2025-01-06T21:12:22.378839" elapsed="0.000000"/>
</kw>
<arg>user_name_test_data=rahulshettyacademy</arg>
<arg>password_test_data=PPPP</arg>
<status status="PASS" start="2025-01-06T21:12:22.377838" elapsed="0.001001"/>
</kw>
<kw name="Close Browser" owner="SeleniumLibrary" type="TEARDOWN">
<doc>Closes the current browser.</doc>
<status status="NOT RUN" start="2025-01-06T21:12:22.378839" elapsed="0.000999"/>
</kw>
<status status="PASS" start="2025-01-06T21:12:22.372324" elapsed="0.007514"/>
</test>
<test id="s1-s2-t3" name="Special Character username" line="19">
<kw name="Open the browser and launch the login page" owner="resources" type="SETUP">
<kw name="Create Dictionary" owner="BuiltIn">
<arg>screenshot_dir</arg>
<arg>E:\\Python\\robotFramework\\tests\\config/../reports/screenshots</arg>
<doc>Creates and returns a dictionary based on the given ``items``.</doc>
<status status="NOT RUN" start="2025-01-06T21:12:22.380838" elapsed="0.000000"/>
</kw>
<kw name="Set Screenshot Directory" owner="SeleniumLibrary">
<arg>E:\\Python\\robotFramework\\tests\\config/../reports/screenshots</arg>
<doc>Sets the directory for captured screenshots.</doc>
<status status="NOT RUN" start="2025-01-06T21:12:22.380838" elapsed="0.000000"/>
</kw>
<kw name="Run Keyword And Ignore Error" owner="BuiltIn">
<kw name="Set Selenium Timeout" owner="SeleniumLibrary">
<arg>5</arg>
<doc>Sets the timeout that is used by various keywords.</doc>
<status status="NOT RUN" start="2025-01-06T21:12:22.380838" elapsed="0.000000"/>
</kw>
<arg>Set Selenium Timeout</arg>
<arg>5</arg>
<doc>Runs the given keyword with the given arguments and ignores possible error.</doc>
<status status="NOT RUN" start="2025-01-06T21:12:22.380838" elapsed="0.000000"/>
</kw>
<kw name="Open Browser" owner="SeleniumLibrary">
<arg>${url}</arg>
<arg>chrome</arg>
<doc>Opens a new browser instance to the optional ``url``.</doc>
<status status="NOT RUN" start="2025-01-06T21:12:22.381838" elapsed="0.000000"/>
</kw>
<kw name="Maximize Browser Window" owner="SeleniumLibrary">
<doc>Maximizes current browser window.</doc>
<status status="NOT RUN" start="2025-01-06T21:12:22.381838" elapsed="0.000000"/>
</kw>
<kw name="Run Keyword And Ignore Error" owner="BuiltIn">
<kw name="Wait Until Page Contains Element" owner="SeleniumLibrary">
<arg>css:body</arg>
<arg>5</arg>
<doc>Waits until the element ``locator`` appears on the current page.</doc>
<status status="NOT RUN" start="2025-01-06T21:12:22.381838" elapsed="0.000000"/>
</kw>
<var>${status}</var>
<var>${error}</var>
<arg>Wait Until Page Contains Element</arg>
<arg>css:body</arg>
<arg>5</arg>
<doc>Runs the given keyword with the given arguments and ignores possible error.</doc>
<status status="NOT RUN" start="2025-01-06T21:12:22.381838" elapsed="0.000000"/>
</kw>
<kw name="Run Keyword If" owner="BuiltIn">
<kw name="Relaunch browser" owner="resources">
<kw name="Log" owner="BuiltIn">
<arg>Relaunching the browser as it fails to load</arg>
<doc>Logs the given message with the given level.</doc>
<status status="NOT RUN" start="2025-01-06T21:12:22.381838" elapsed="0.000999"/>
</kw>
<kw name="Close Browser" owner="SeleniumLibrary">
<doc>Closes the current browser.</doc>
<status status="NOT RUN" start="2025-01-06T21:12:22.382837" elapsed="0.000000"/>
</kw>
<kw name="Open Browser" owner="SeleniumLibrary">
<arg>${url}</arg>
<arg>chrome</arg>
<doc>Opens a new browser instance to the optional ``url``.</doc>
<status status="NOT RUN" start="2025-01-06T21:12:22.382837" elapsed="0.000000"/>
</kw>
<kw name="Maximize Browser Window" owner="SeleniumLibrary">
<doc>Maximizes current browser window.</doc>
<status status="NOT RUN" start="2025-01-06T21:12:22.382837" elapsed="0.000000"/>
</kw>
<status status="PASS" start="2025-01-06T21:12:22.381838" elapsed="0.000999"/>
</kw>
<arg>'${status}'=='FAIL'</arg>
<arg>Relaunch browser</arg>
<doc>Runs the given keyword with the given arguments, if ``condition`` is true.</doc>
<status status="NOT RUN" start="2025-01-06T21:12:22.381838" elapsed="0.000999"/>
</kw>
<status status="PASS" start="2025-01-06T21:12:22.380838" elapsed="0.001999"/>
</kw>
<kw name="Login with username and password">
<kw name="Enter username and password" owner="login">
<kw name="Input Text" owner="SeleniumLibrary">
<arg>${username_locator}</arg>
<arg>${user_name}</arg>
<doc>Types the given ``text`` into the text field identified by ``locator``.</doc>
<status status="NOT RUN" start="2025-01-06T21:12:22.383838" elapsed="0.000000"/>
</kw>
<kw name="Input Password" owner="SeleniumLibrary">
<arg>${password_locator}</arg>
<arg>${password}</arg>
<doc>Types the given password into the text field identified by ``locator``.</doc>
<status status="NOT RUN" start="2025-01-06T21:12:22.383838" elapsed="0.000000"/>
</kw>
<arg>${user_name_test_data}</arg>
<arg>${password_test_data}</arg>
<status status="PASS" start="2025-01-06T21:12:22.382837" elapsed="0.001001"/>
</kw>
<kw name="Click Button" owner="SeleniumLibrary">
<arg>signInBtn</arg>
<doc>Clicks the button identified by ``locator``.</doc>
<status status="NOT RUN" start="2025-01-06T21:12:22.383838" elapsed="0.000000"/>
</kw>
<kw name="Wait Until Element Is Visible" owner="SeleniumLibrary">
<arg>${incorrect_login_msg_locator}</arg>
<doc>Waits until the element ``locator`` is visible.</doc>
<status status="NOT RUN" start="2025-01-06T21:12:22.383838" elapsed="0.000000"/>
</kw>
<kw name="Get Text" owner="SeleniumLibrary">
<var>${unsuccessful_msg}</var>
<arg>${incorrect_login_msg_locator}</arg>
<doc>Returns the text value of the element identified by ``locator``.</doc>
<status status="NOT RUN" start="2025-01-06T21:12:22.383838" elapsed="0.000000"/>
</kw>
<kw name="Sleep" owner="BuiltIn">
<arg>5</arg>
<doc>Pauses the test executed for the given time.</doc>
<status status="NOT RUN" start="2025-01-06T21:12:22.383838" elapsed="0.000000"/>
</kw>
<kw name="Validate the error message" owner="login">
<kw name="Log" owner="BuiltIn">
<arg>${unsuccessful_msg}</arg>
<doc>Logs the given message with the given level.</doc>
<status status="NOT RUN" start="2025-01-06T21:12:22.385161" elapsed="0.000000"/>
</kw>
<kw name="Should Be Equal As Strings" owner="BuiltIn">
<arg>${unsuccessful_msg}</arg>
<arg>${expected_alert_message}</arg>
<doc>Fails if objects are unequal after converting them to strings.</doc>
<status status="NOT RUN" start="2025-01-06T21:12:22.385161" elapsed="0.000000"/>
</kw>
<arg>${unsuccessful_msg}</arg>
<status status="PASS" start="2025-01-06T21:12:22.385161" elapsed="0.000000"/>
</kw>
<arg>user_name_test_data=!@#$</arg>
<arg>password_test_data=learning</arg>
<status status="PASS" start="2025-01-06T21:12:22.382837" elapsed="0.002324"/>
</kw>
<kw name="Close Browser" owner="SeleniumLibrary" type="TEARDOWN">
<doc>Closes the current browser.</doc>
<status status="NOT RUN" start="2025-01-06T21:12:22.386488" elapsed="0.000000"/>
</kw>
<status status="PASS" start="2025-01-06T21:12:22.379838" elapsed="0.006650"/>
</test>
<test id="s1-s2-t4" name="Special Charatcer Passowrd" line="19">
<kw name="Open the browser and launch the login page" owner="resources" type="SETUP">
<kw name="Create Dictionary" owner="BuiltIn">
<arg>screenshot_dir</arg>
<arg>E:\\Python\\robotFramework\\tests\\config/../reports/screenshots</arg>
<doc>Creates and returns a dictionary based on the given ``items``.</doc>
<status status="NOT RUN" start="2025-01-06T21:12:22.387983" elapsed="0.001406"/>
</kw>
<kw name="Set Screenshot Directory" owner="SeleniumLibrary">
<arg>E:\\Python\\robotFramework\\tests\\config/../reports/screenshots</arg>
<doc>Sets the directory for captured screenshots.</doc>
<status status="NOT RUN" start="2025-01-06T21:12:22.389389" elapsed="0.000000"/>
</kw>
<kw name="Run Keyword And Ignore Error" owner="BuiltIn">
<kw name="Set Selenium Timeout" owner="SeleniumLibrary">
<arg>5</arg>
<doc>Sets the timeout that is used by various keywords.</doc>
<status status="NOT RUN" start="2025-01-06T21:12:22.389896" elapsed="0.000000"/>
</kw>
<arg>Set Selenium Timeout</arg>
<arg>5</arg>
<doc>Runs the given keyword with the given arguments and ignores possible error.</doc>
<status status="NOT RUN" start="2025-01-06T21:12:22.389389" elapsed="0.000507"/>
</kw>
<kw name="Open Browser" owner="SeleniumLibrary">
<arg>${url}</arg>
<arg>chrome</arg>
<doc>Opens a new browser instance to the optional ``url``.</doc>
<status status="NOT RUN" start="2025-01-06T21:12:22.389896" elapsed="0.000000"/>
</kw>
<kw name="Maximize Browser Window" owner="SeleniumLibrary">
<doc>Maximizes current browser window.</doc>
<status status="NOT RUN" start="2025-01-06T21:12:22.389896" elapsed="0.000000"/>
</kw>
<kw name="Run Keyword And Ignore Error" owner="BuiltIn">
<kw name="Wait Until Page Contains Element" owner="SeleniumLibrary">
<arg>css:body</arg>
<arg>5</arg>
<doc>Waits until the element ``locator`` appears on the current page.</doc>
<status status="NOT RUN" start="2025-01-06T21:12:22.389896" elapsed="0.001148"/>
</kw>
<var>${status}</var>
<var>${error}</var>
<arg>Wait Until Page Contains Element</arg>
<arg>css:body</arg>
<arg>5</arg>
<doc>Runs the given keyword with the given arguments and ignores possible error.</doc>
<status status="NOT RUN" start="2025-01-06T21:12:22.389896" elapsed="0.001148"/>
</kw>
<kw name="Run Keyword If" owner="BuiltIn">
<kw name="Relaunch browser" owner="resources">
<kw name="Log" owner="BuiltIn">
<arg>Relaunching the browser as it fails to load</arg>
<doc>Logs the given message with the given level.</doc>
<status status="NOT RUN" start="2025-01-06T21:12:22.392147" elapsed="0.000000"/>
</kw>
<kw name="Close Browser" owner="SeleniumLibrary">
<doc>Closes the current browser.</doc>
<status status="NOT RUN" start="2025-01-06T21:12:22.392147" elapsed="0.000000"/>
</kw>
<kw name="Open Browser" owner="SeleniumLibrary">
<arg>${url}</arg>
<arg>chrome</arg>
<doc>Opens a new browser instance to the optional ``url``.</doc>
<status status="NOT RUN" start="2025-01-06T21:12:22.392147" elapsed="0.000000"/>
</kw>
<kw name="Maximize Browser Window" owner="SeleniumLibrary">
<doc>Maximizes current browser window.</doc>
<status status="NOT RUN" start="2025-01-06T21:12:22.392147" elapsed="0.000000"/>
</kw>
<status status="PASS" start="2025-01-06T21:12:22.391044" elapsed="0.001103"/>
</kw>
<arg>'${status}'=='FAIL'</arg>
<arg>Relaunch browser</arg>
<doc>Runs the given keyword with the given arguments, if ``condition`` is true.</doc>
<status status="NOT RUN" start="2025-01-06T21:12:22.391044" elapsed="0.001103"/>
</kw>
<status status="PASS" start="2025-01-06T21:12:22.387983" elapsed="0.005187"/>
</kw>
<kw name="Login with username and password">
<kw name="Enter username and password" owner="login">
<kw name="Input Text" owner="SeleniumLibrary">
<arg>${username_locator}</arg>
<arg>${user_name}</arg>
<doc>Types the given ``text`` into the text field identified by ``locator``.</doc>
<status status="NOT RUN" start="2025-01-06T21:12:22.393170" elapsed="0.000000"/>
</kw>
<kw name="Input Password" owner="SeleniumLibrary">
<arg>${password_locator}</arg>
<arg>${password}</arg>
<doc>Types the given password into the text field identified by ``locator``.</doc>
<status status="NOT RUN" start="2025-01-06T21:12:22.394170" elapsed="0.000000"/>
</kw>
<arg>${user_name_test_data}</arg>
<arg>${password_test_data}</arg>
<status status="PASS" start="2025-01-06T21:12:22.393170" elapsed="0.001000"/>
</kw>
<kw name="Click Button" owner="SeleniumLibrary">
<arg>signInBtn</arg>
<doc>Clicks the button identified by ``locator``.</doc>
<status status="NOT RUN" start="2025-01-06T21:12:22.394170" elapsed="0.000000"/>
</kw>
<kw name="Wait Until Element Is Visible" owner="SeleniumLibrary">
<arg>${incorrect_login_msg_locator}</arg>
<doc>Waits until the element ``locator`` is visible.</doc>
<status status="NOT RUN" start="2025-01-06T21:12:22.394170" elapsed="0.000000"/>
</kw>
<kw name="Get Text" owner="SeleniumLibrary">
<var>${unsuccessful_msg}</var>
<arg>${incorrect_login_msg_locator}</arg>
<doc>Returns the text value of the element identified by ``locator``.</doc>
<status status="NOT RUN" start="2025-01-06T21:12:22.394170" elapsed="0.000000"/>
</kw>
<kw name="Sleep" owner="BuiltIn">
<arg>5</arg>
<doc>Pauses the test executed for the given time.</doc>
<status status="NOT RUN" start="2025-01-06T21:12:22.395225" elapsed="0.000000"/>
</kw>
<kw name="Validate the error message" owner="login">
<kw name="Log" owner="BuiltIn">
<arg>${unsuccessful_msg}</arg>
<doc>Logs the given message with the given level.</doc>
<status status="NOT RUN" start="2025-01-06T21:12:22.395225" elapsed="0.000000"/>
</kw>
<kw name="Should Be Equal As Strings" owner="BuiltIn">
<arg>${unsuccessful_msg}</arg>
<arg>${expected_alert_message}</arg>
<doc>Fails if objects are unequal after converting them to strings.</doc>
<status status="NOT RUN" start="2025-01-06T21:12:22.395225" elapsed="0.000000"/>
</kw>
<arg>${unsuccessful_msg}</arg>
<status status="PASS" start="2025-01-06T21:12:22.395225" elapsed="0.000000"/>
</kw>
<arg>user_name_test_data=rahulshettyacademy</arg>
<arg>password_test_data=$%%^&amp;</arg>
<status status="PASS" start="2025-01-06T21:12:22.393170" elapsed="0.002055"/>
</kw>
<kw name="Close Browser" owner="SeleniumLibrary" type="TEARDOWN">
<doc>Closes the current browser.</doc>
<status status="NOT RUN" start="2025-01-06T21:12:22.396251" elapsed="0.000000"/>
</kw>
<status status="PASS" start="2025-01-06T21:12:22.386488" elapsed="0.009763"/>
</test>
<status status="PASS" start="2025-01-06T21:12:22.327965" elapsed="0.068286"/>
</suite>
<suite id="s1-s3" name="testDemo3" source="E:\Python\robotFramework\tests\testDemo3.robot">
<test id="s1-s3-t1" name="Check the items displayed in the home page" line="15">
<kw name="Open the browser and launch the login page" owner="resources" type="SETUP">
<kw name="Create Dictionary" owner="BuiltIn">
<arg>screenshot_dir</arg>
<arg>E:\\Python\\robotFramework\\tests\\config/../reports/screenshots</arg>
<doc>Creates and returns a dictionary based on the given ``items``.</doc>
<status status="NOT RUN" start="2025-01-06T21:12:22.413793" elapsed="0.000000"/>
</kw>
<kw name="Set Screenshot Directory" owner="SeleniumLibrary">
<arg>E:\\Python\\robotFramework\\tests\\config/../reports/screenshots</arg>
<doc>Sets the directory for captured screenshots.</doc>
<status status="NOT RUN" start="2025-01-06T21:12:22.413793" elapsed="0.000000"/>
</kw>
<kw name="Run Keyword And Ignore Error" owner="BuiltIn">
<kw name="Set Selenium Timeout" owner="SeleniumLibrary">
<arg>5</arg>
<doc>Sets the timeout that is used by various keywords.</doc>
<status status="NOT RUN" start="2025-01-06T21:12:22.414793" elapsed="0.000000"/>
</kw>
<arg>Set Selenium Timeout</arg>
<arg>5</arg>
<doc>Runs the given keyword with the given arguments and ignores possible error.</doc>
<status status="NOT RUN" start="2025-01-06T21:12:22.413793" elapsed="0.001000"/>
</kw>
<kw name="Open Browser" owner="SeleniumLibrary">
<arg>${url}</arg>
<arg>chrome</arg>
<doc>Opens a new browser instance to the optional ``url``.</doc>
<status status="NOT RUN" start="2025-01-06T21:12:22.414793" elapsed="0.000000"/>
</kw>
<kw name="Maximize Browser Window" owner="SeleniumLibrary">
<doc>Maximizes current browser window.</doc>
<status status="NOT RUN" start="2025-01-06T21:12:22.414793" elapsed="0.000000"/>
</kw>
<kw name="Run Keyword And Ignore Error" owner="BuiltIn">
<kw name="Wait Until Page Contains Element" owner="SeleniumLibrary">
<arg>css:body</arg>
<arg>5</arg>
<doc>Waits until the element ``locator`` appears on the current page.</doc>
<status status="NOT RUN" start="2025-01-06T21:12:22.414793" elapsed="0.000000"/>
</kw>
<var>${status}</var>
<var>${error}</var>
<arg>Wait Until Page Contains Element</arg>
<arg>css:body</arg>
<arg>5</arg>
<doc>Runs the given keyword with the given arguments and ignores possible error.</doc>
<status status="NOT RUN" start="2025-01-06T21:12:22.414793" elapsed="0.000000"/>
</kw>
<kw name="Run Keyword If" owner="BuiltIn">
<kw name="Relaunch browser" owner="resources">
<kw name="Log" owner="BuiltIn">
<arg>Relaunching the browser as it fails to load</arg>
<doc>Logs the given message with the given level.</doc>
<status status="NOT RUN" start="2025-01-06T21:12:22.415793" elapsed="0.000000"/>
</kw>
<kw name="Close Browser" owner="SeleniumLibrary">
<doc>Closes the current browser.</doc>
<status status="NOT RUN" start="2025-01-06T21:12:22.415793" elapsed="0.000000"/>
</kw>
<kw name="Open Browser" owner="SeleniumLibrary">
<arg>${url}</arg>
<arg>chrome</arg>
<doc>Opens a new browser instance to the optional ``url``.</doc>
<status status="NOT RUN" start="2025-01-06T21:12:22.415793" elapsed="0.000000"/>
</kw>
<kw name="Maximize Browser Window" owner="SeleniumLibrary">
<doc>Maximizes current browser window.</doc>
<status status="NOT RUN" start="2025-01-06T21:12:22.415793" elapsed="0.000000"/>
</kw>
<status status="PASS" start="2025-01-06T21:12:22.414793" elapsed="0.001000"/>
</kw>
<arg>'${status}'=='FAIL'</arg>
<arg>Relaunch browser</arg>
<doc>Runs the given keyword with the given arguments, if ``condition`` is true.</doc>
<status status="NOT RUN" start="2025-01-06T21:12:22.414793" elapsed="0.001000"/>
</kw>
<status status="PASS" start="2025-01-06T21:12:22.413793" elapsed="0.002000"/>
</kw>
<kw name="Login to home page" owner="login">
<kw name="Input Text" owner="SeleniumLibrary">
<arg>${username_locator}</arg>
<arg>${default_username}</arg>
<doc>Types the given ``text`` into the text field identified by ``locator``.</doc>
<status status="NOT RUN" start="2025-01-06T21:12:22.415793" elapsed="0.000000"/>
</kw>
<kw name="Input Password" owner="SeleniumLibrary">
<arg>${password_locator}</arg>
<arg>${default_password}</arg>
<doc>Types the given password into the text field identified by ``locator``.</doc>
<status status="NOT RUN" start="2025-01-06T21:12:22.416796" elapsed="0.000000"/>
</kw>
<kw name="Click Button" owner="SeleniumLibrary">
<arg>${sign_in_locator}</arg>
<doc>Clicks the button identified by ``locator``.</doc>
<status status="NOT RUN" start="2025-01-06T21:12:22.416796" elapsed="0.000000"/>
</kw>
<kw name="Wait Until Element Is Visible" owner="SeleniumLibrary">
<arg>${cart_locator}</arg>
<doc>Waits until the element ``locator`` is visible.</doc>
<status status="NOT RUN" start="2025-01-06T21:12:22.416796" elapsed="0.000000"/>
</kw>
<status status="PASS" start="2025-01-06T21:12:22.415793" elapsed="0.001003"/>
</kw>
<kw name="The homepage should contain the items from the expected list" owner="home">
<kw name="Create List" owner="BuiltIn">
<var>${expected_list}</var>
<arg>iphone X</arg>
<arg>Samsung Note 8</arg>
<arg>Nokia Edge</arg>
<arg>Blackberry</arg>
<doc>Returns a list containing given items.</doc>
<status status="NOT RUN" start="2025-01-06T21:12:22.417793" elapsed="0.000000"/>
</kw>
<kw name="Get WebElements" owner="SeleniumLibrary">
<var>${cart_list_webElements}</var>
<arg>${cart_title_locator}</arg>
<doc>Returns a list of WebElement objects matching the ``locator``.</doc>
<status status="NOT RUN" start="2025-01-06T21:12:22.417793" elapsed="0.000000"/>
</kw>
<kw name="Create List" owner="BuiltIn">
<var>@{actual_list}</var>
<doc>Returns a list containing given items.</doc>
<status status="NOT RUN" start="2025-01-06T21:12:22.417793" elapsed="0.000000"/>
</kw>
<for flavor="IN">
<iter>
<kw name="Get Text" owner="SeleniumLibrary">
<var>${item_title}</var>
<arg>${each_ele}</arg>
<doc>Returns the text value of the element identified by ``locator``.</doc>
<status status="NOT RUN" start="2025-01-06T21:12:22.418793" elapsed="0.000000"/>
</kw>
<kw name="Append To List" owner="Collections">
<arg>${actual_list}</arg>
<arg>${item_title}</arg>
<doc>Adds ``values`` to the end of ``list``.</doc>
<status status="NOT RUN" start="2025-01-06T21:12:22.418793" elapsed="0.000000"/>
</kw>
<var name="${each_ele}"/>
<status status="PASS" start="2025-01-06T21:12:22.417793" elapsed="0.001000"/>
</iter>
<var>${each_ele}</var>
<value>@{cart_list_webElements}</value>
<status status="PASS" start="2025-01-06T21:12:22.417793" elapsed="0.001000"/>
</for>
<kw name="Log" owner="BuiltIn">
<arg>${actual_list}</arg>
<doc>Logs the given message with the given level.</doc>
<status status="NOT RUN" start="2025-01-06T21:12:22.418793" elapsed="0.000000"/>
</kw>
<kw name="Log" owner="BuiltIn">
<arg>${expected_list}</arg>
<doc>Logs the given message with the given level.</doc>
<status status="NOT RUN" start="2025-01-06T21:12:22.418793" elapsed="0.000000"/>
</kw>
<kw name="Lists Should Be Equal" owner="Collections">
<arg>${actual_list}</arg>
<arg>${expected_list}</arg>
<doc>Fails if given lists are unequal.</doc>
<status status="NOT RUN" start="2025-01-06T21:12:22.418793" elapsed="0.000000"/>
</kw>
<status status="PASS" start="2025-01-06T21:12:22.417793" elapsed="0.001000"/>
</kw>
<kw name="Close Browser" owner="SeleniumLibrary" type="TEARDOWN">
<doc>Closes the current browser.</doc>
<status status="NOT RUN" start="2025-01-06T21:12:22.418793" elapsed="0.000000"/>
</kw>
<tag>regrssion</tag>
<status status="PASS" start="2025-01-06T21:12:22.413793" elapsed="0.005000"/>
</test>
<status status="PASS" start="2025-01-06T21:12:22.397286" elapsed="0.022507"/>
</suite>
<suite id="s1-s4" name="testDemo4" source="E:\Python\robotFramework\tests\testDemo4.robot">
<test id="s1-s4-t1" name="Verify the functionality for adding items to the cart" line="18">
<kw name="Open the browser and launch the login page" owner="resources" type="SETUP">
<kw name="Create Dictionary" owner="BuiltIn">
<arg>screenshot_dir</arg>
<arg>E:\\Python\\robotFramework\\tests\\config/../reports/screenshots</arg>
<doc>Creates and returns a dictionary based on the given ``items``.</doc>
<status status="NOT RUN" start="2025-01-06T21:12:22.438286" elapsed="0.000000"/>
</kw>
<kw name="Set Screenshot Directory" owner="SeleniumLibrary">
<arg>E:\\Python\\robotFramework\\tests\\config/../reports/screenshots</arg>
<doc>Sets the directory for captured screenshots.</doc>
<status status="NOT RUN" start="2025-01-06T21:12:22.439306" elapsed="0.000000"/>
</kw>
<kw name="Run Keyword And Ignore Error" owner="BuiltIn">
<kw name="Set Selenium Timeout" owner="SeleniumLibrary">
<arg>5</arg>
<doc>Sets the timeout that is used by various keywords.</doc>
<status status="NOT RUN" start="2025-01-06T21:12:22.439306" elapsed="0.000000"/>
</kw>
<arg>Set Selenium Timeout</arg>
<arg>5</arg>
<doc>Runs the given keyword with the given arguments and ignores possible error.</doc>
<status status="NOT RUN" start="2025-01-06T21:12:22.439306" elapsed="0.000000"/>
</kw>
<kw name="Open Browser" owner="SeleniumLibrary">
<arg>${url}</arg>
<arg>chrome</arg>
<doc>Opens a new browser instance to the optional ``url``.</doc>
<status status="NOT RUN" start="2025-01-06T21:12:22.439306" elapsed="0.000000"/>
</kw>
<kw name="Maximize Browser Window" owner="SeleniumLibrary">
<doc>Maximizes current browser window.</doc>
<status status="NOT RUN" start="2025-01-06T21:12:22.439306" elapsed="0.001023"/>
</kw>
<kw name="Run Keyword And Ignore Error" owner="BuiltIn">
<kw name="Wait Until Page Contains Element" owner="SeleniumLibrary">
<arg>css:body</arg>
<arg>5</arg>
<doc>Waits until the element ``locator`` appears on the current page.</doc>
<status status="NOT RUN" start="2025-01-06T21:12:22.440329" elapsed="0.000000"/>
</kw>
<var>${status}</var>
<var>${error}</var>
<arg>Wait Until Page Contains Element</arg>
<arg>css:body</arg>
<arg>5</arg>
<doc>Runs the given keyword with the given arguments and ignores possible error.</doc>
<status status="NOT RUN" start="2025-01-06T21:12:22.440329" elapsed="0.000000"/>
</kw>
<kw name="Run Keyword If" owner="BuiltIn">
<kw name="Relaunch browser" owner="resources">
<kw name="Log" owner="BuiltIn">
<arg>Relaunching the browser as it fails to load</arg>
<doc>Logs the given message with the given level.</doc>
<status status="NOT RUN" start="2025-01-06T21:12:22.441346" elapsed="0.000000"/>
</kw>
<kw name="Close Browser" owner="SeleniumLibrary">
<doc>Closes the current browser.</doc>
<status status="NOT RUN" start="2025-01-06T21:12:22.441346" elapsed="0.000000"/>
</kw>
<kw name="Open Browser" owner="SeleniumLibrary">
<arg>${url}</arg>
<arg>chrome</arg>
<doc>Opens a new browser instance to the optional ``url``.</doc>
<status status="NOT RUN" start="2025-01-06T21:12:22.441346" elapsed="0.000000"/>
</kw>
<kw name="Maximize Browser Window" owner="SeleniumLibrary">
<doc>Maximizes current browser window.</doc>
<status status="NOT RUN" start="2025-01-06T21:12:22.441346" elapsed="0.000000"/>
</kw>
<status status="PASS" start="2025-01-06T21:12:22.440329" elapsed="0.001017"/>
</kw>
<arg>'${status}'=='FAIL'</arg>
<arg>Relaunch browser</arg>
<doc>Runs the given keyword with the given arguments, if ``condition`` is true.</doc>
<status status="NOT RUN" start="2025-01-06T21:12:22.440329" elapsed="0.001017"/>
</kw>
<status status="PASS" start="2025-01-06T21:12:22.438286" elapsed="0.003060"/>
</kw>
<kw name="Login to home page" owner="login">
<kw name="Input Text" owner="SeleniumLibrary">
<arg>${username_locator}</arg>
<arg>${default_username}</arg>
<doc>Types the given ``text`` into the text field identified by ``locator``.</doc>
<status status="NOT RUN" start="2025-01-06T21:12:22.442471" elapsed="0.000000"/>
</kw>
<kw name="Input Password" owner="SeleniumLibrary">
<arg>${password_locator}</arg>
<arg>${default_password}</arg>
<doc>Types the given password into the text field identified by ``locator``.</doc>
<status status="NOT RUN" start="2025-01-06T21:12:22.442471" elapsed="0.000000"/>
</kw>
<kw name="Click Button" owner="SeleniumLibrary">
<arg>${sign_in_locator}</arg>
<doc>Clicks the button identified by ``locator``.</doc>
<status status="NOT RUN" start="2025-01-06T21:12:22.442471" elapsed="0.000000"/>
</kw>
<kw name="Wait Until Element Is Visible" owner="SeleniumLibrary">
<arg>${cart_locator}</arg>
<doc>Waits until the element ``locator`` is visible.</doc>
<status status="NOT RUN" start="2025-01-06T21:12:22.443501" elapsed="0.000000"/>
</kw>
<status status="PASS" start="2025-01-06T21:12:22.441346" elapsed="0.002155"/>
</kw>
<kw name="Add Items To The Cart" owner="Shop">
<arg>${check_in_items}</arg>
<status status="NOT RUN" start="2025-01-06T21:12:22.443501" elapsed="0.000000"/>
</kw>
<kw name="Verify Elements In The Cart" owner="Cart">
<arg>${check_in_items}</arg>
<status status="NOT RUN" start="2025-01-06T21:12:22.443501" elapsed="0.000000"/>
</kw>
<kw name="Pause Execution" owner="Dialogs">
<doc>Pauses execution until user clicks ``Ok`` button.</doc>
<status status="NOT RUN" start="2025-01-06T21:12:22.443501" elapsed="0.000000"/>
</kw>
<kw name="Close Browser" owner="SeleniumLibrary" type="TEARDOWN">
<doc>Closes the current browser.</doc>
<status status="NOT RUN" start="2025-01-06T21:12:22.443501" elapsed="0.000000"/>
</kw>
<tag>regrssion</tag>
<tag>smoke</tag>
<status status="PASS" start="2025-01-06T21:12:22.438286" elapsed="0.005215"/>
</test>
<status status="PASS" start="2025-01-06T21:12:22.419793" elapsed="0.024726"/>
</suite>
<suite id="s1-s5" name="testDemo5" source="E:\Python\robotFramework\tests\testDemo5.robot">
<test id="s1-s5-t1" name="Complete the order" line="14">
<kw name="Open the browser and launch the login page" owner="resources" type="SETUP">
<kw name="Create Dictionary" owner="BuiltIn">
<arg>screenshot_dir</arg>
<arg>E:\\Python\\robotFramework\\tests\\config/../reports/screenshots</arg>
<doc>Creates and returns a dictionary based on the given ``items``.</doc>
<status status="NOT RUN" start="2025-01-06T21:12:22.461586" elapsed="0.000000"/>
</kw>
<kw name="Set Screenshot Directory" owner="SeleniumLibrary">
<arg>E:\\Python\\robotFramework\\tests\\config/../reports/screenshots</arg>
<doc>Sets the directory for captured screenshots.</doc>
<status status="NOT RUN" start="2025-01-06T21:12:22.461586" elapsed="0.000000"/>
</kw>
<kw name="Run Keyword And Ignore Error" owner="BuiltIn">
<kw name="Set Selenium Timeout" owner="SeleniumLibrary">
<arg>5</arg>
<doc>Sets the timeout that is used by various keywords.</doc>
<status status="NOT RUN" start="2025-01-06T21:12:22.461586" elapsed="0.001000"/>
</kw>
<arg>Set Selenium Timeout</arg>
<arg>5</arg>
<doc>Runs the given keyword with the given arguments and ignores possible error.</doc>
<status status="NOT RUN" start="2025-01-06T21:12:22.461586" elapsed="0.001000"/>
</kw>
<kw name="Open Browser" owner="SeleniumLibrary">
<arg>${url}</arg>
<arg>chrome</arg>
<doc>Opens a new browser instance to the optional ``url``.</doc>
<status status="NOT RUN" start="2025-01-06T21:12:22.462586" elapsed="0.000000"/>
</kw>
<kw name="Maximize Browser Window" owner="SeleniumLibrary">
<doc>Maximizes current browser window.</doc>
<status status="NOT RUN" start="2025-01-06T21:12:22.462586" elapsed="0.000000"/>
</kw>
<kw name="Run Keyword And Ignore Error" owner="BuiltIn">
<kw name="Wait Until Page Contains Element" owner="SeleniumLibrary">
<arg>css:body</arg>
<arg>5</arg>
<doc>Waits until the element ``locator`` appears on the current page.</doc>
<status status="NOT RUN" start="2025-01-06T21:12:22.462586" elapsed="0.000000"/>
</kw>
<var>${status}</var>
<var>${error}</var>
<arg>Wait Until Page Contains Element</arg>
<arg>css:body</arg>
<arg>5</arg>
<doc>Runs the given keyword with the given arguments and ignores possible error.</doc>
<status status="NOT RUN" start="2025-01-06T21:12:22.462586" elapsed="0.000000"/>
</kw>
<kw name="Run Keyword If" owner="BuiltIn">
<kw name="Relaunch browser" owner="resources">
<kw name="Log" owner="BuiltIn">
<arg>Relaunching the browser as it fails to load</arg>
<doc>Logs the given message with the given level.</doc>
<status status="NOT RUN" start="2025-01-06T21:12:22.463586" elapsed="0.000000"/>
</kw>
<kw name="Close Browser" owner="SeleniumLibrary">
<doc>Closes the current browser.</doc>
<status status="NOT RUN" start="2025-01-06T21:12:22.463586" elapsed="0.000000"/>
</kw>
<kw name="Open Browser" owner="SeleniumLibrary">
<arg>${url}</arg>
<arg>chrome</arg>
<doc>Opens a new browser instance to the optional ``url``.</doc>
<status status="NOT RUN" start="2025-01-06T21:12:22.463586" elapsed="0.001000"/>
</kw>
<kw name="Maximize Browser Window" owner="SeleniumLibrary">
<doc>Maximizes current browser window.</doc>
<status status="NOT RUN" start="2025-01-06T21:12:22.464586" elapsed="0.000000"/>
</kw>
<status status="PASS" start="2025-01-06T21:12:22.463586" elapsed="0.001000"/>
</kw>
<arg>'${status}'=='FAIL'</arg>
<arg>Relaunch browser</arg>
<doc>Runs the given keyword with the given arguments, if ``condition`` is true.</doc>
<status status="NOT RUN" start="2025-01-06T21:12:22.463586" elapsed="0.001000"/>
</kw>
<status status="PASS" start="2025-01-06T21:12:22.461586" elapsed="0.003000"/>
</kw>
<kw name="Login to home page" owner="login">
<kw name="Input Text" owner="SeleniumLibrary">
<arg>${username_locator}</arg>
<arg>${default_username}</arg>
<doc>Types the given ``text`` into the text field identified by ``locator``.</doc>
<status status="NOT RUN" start="2025-01-06T21:12:22.464586" elapsed="0.000000"/>
</kw>
<kw name="Input Password" owner="SeleniumLibrary">
<arg>${password_locator}</arg>
<arg>${default_password}</arg>
<doc>Types the given password into the text field identified by ``locator``.</doc>
<status status="NOT RUN" start="2025-01-06T21:12:22.464586" elapsed="0.000000"/>
</kw>
<kw name="Click Button" owner="SeleniumLibrary">
<arg>${sign_in_locator}</arg>
<doc>Clicks the button identified by ``locator``.</doc>
<status status="NOT RUN" start="2025-01-06T21:12:22.465586" elapsed="0.000000"/>
</kw>
<kw name="Wait Until Element Is Visible" owner="SeleniumLibrary">
<arg>${cart_locator}</arg>
<doc>Waits until the element ``locator`` is visible.</doc>
<status status="NOT RUN" start="2025-01-06T21:12:22.465586" elapsed="0.000000"/>
</kw>
<status status="PASS" start="2025-01-06T21:12:22.464586" elapsed="0.001000"/>
</kw>
<kw name="Add Items To The Cart" owner="Shop">
<arg>${order_list}</arg>
<status status="NOT RUN" start="2025-01-06T21:12:22.465586" elapsed="0.000000"/>
</kw>
<kw name="Verify Elements In The Cart" owner="Cart">
<arg>${order_list}</arg>
<arg>True</arg>
<status status="NOT RUN" start="2025-01-06T21:12:22.465586" elapsed="0.000000"/>
</kw>
<kw name="Create Dictionary" owner="BuiltIn">
<var>&amp;{country_details}</var>
<arg>Ind=India</arg>
<doc>Creates and returns a dictionary based on the given ``items``.</doc>
<status status="NOT RUN" start="2025-01-06T21:12:22.465586" elapsed="0.001000"/>
</kw>
<kw name="Select the location and click Puchase button" owner="purchase">
<kw name="Log" owner="BuiltIn">
<arg>${location}</arg>
<doc>Logs the given message with the given level.</doc>
<status status="NOT RUN" start="2025-01-06T21:12:22.466586" elapsed="0.000000"/>
</kw>
<kw name="Get Dictionary Keys" owner="Collections">
<var>${search_key_list}</var>
<arg>${location}</arg>
<doc>Returns keys of the given ``dictionary`` as a list.</doc>
<status status="NOT RUN" start="2025-01-06T21:12:22.467690" elapsed="0.000000"/>
</kw>
<kw name="Get Dictionary Values" owner="Collections">
<var>${country_list}</var>
<arg>${location}</arg>
<doc>Returns values of the given ``dictionary`` as a list.</doc>
<status status="NOT RUN" start="2025-01-06T21:12:22.467690" elapsed="0.000000"/>
</kw>
<kw name="Get From List" owner="Collections">
<var>${expected_country_name_input}</var>
<arg>${search_key_list}</arg>
<arg>0</arg>
<doc>Returns the value specified with an ``index`` from ``list``.</doc>
<status status="NOT RUN" start="2025-01-06T21:12:22.467690" elapsed="0.000000"/>
</kw>
<kw name="Get From List" owner="Collections">
<var>${expected_country_name}</var>
<arg>${country_list}</arg>
<arg>0</arg>
<doc>Returns the value specified with an ``index`` from ``list``.</doc>
<status status="NOT RUN" start="2025-01-06T21:12:22.467690" elapsed="0.000000"/>
</kw>
<kw name="Wait Until Page Contains Element" owner="SeleniumLibrary">
<arg>country</arg>
<doc>Waits until the element ``locator`` appears on the current page.</doc>
<status status="NOT RUN" start="2025-01-06T21:12:22.468708" elapsed="0.000000"/>
</kw>
<kw name="Input Text" owner="SeleniumLibrary">
<arg>country</arg>
<arg>${expected_country_name_input}</arg>
<doc>Types the given ``text`` into the text field identified by ``locator``.</doc>
<status status="NOT RUN" start="2025-01-06T21:12:22.468708" elapsed="0.000000"/>
</kw>
<kw name="Wait Until Page Contains Element" owner="SeleniumLibrary">
<arg>${country_list_locator}</arg>
<arg>timeout=10</arg>
<doc>Waits until the element ``locator`` appears on the current page.</doc>
<status status="NOT RUN" start="2025-01-06T21:12:22.468708" elapsed="0.000000"/>
</kw>
<kw name="Get WebElements" owner="SeleniumLibrary">
<var>${country_webelements}</var>
<arg>${country_list_locator}</arg>
<doc>Returns a list of WebElement objects matching the ``locator``.</doc>
<status status="NOT RUN" start="2025-01-06T21:12:22.468708" elapsed="0.000000"/>
</kw>
<for flavor="IN">
<iter>
<kw name="Get Text" owner="SeleniumLibrary">
<var>${country_name}</var>
<arg>${element}</arg>
<doc>Returns the text value of the element identified by ``locator``.</doc>
<status status="NOT RUN" start="2025-01-06T21:12:22.469725" elapsed="0.000000"/>
</kw>
<if>
<branch type="IF" condition="$country_name == $expected_country_name">
<kw name="Click Element" owner="SeleniumLibrary">
<arg>${element}</arg>
<doc>Click the element identified by ``locator``.</doc>
<status status="NOT RUN" start="2025-01-06T21:12:22.469725" elapsed="0.000000"/>
</kw>
<kw name="Exit For Loop" owner="BuiltIn">
<doc>Stops executing the enclosing FOR loop.</doc>
<status status="NOT RUN" start="2025-01-06T21:12:22.469725" elapsed="0.000000"/>
</kw>
<status status="PASS" start="2025-01-06T21:12:22.469725" elapsed="0.000000"/>
</branch>
<status status="PASS" start="2025-01-06T21:12:22.469725" elapsed="0.000000"/>
</if>
<var name="${element}"/>
<status status="PASS" start="2025-01-06T21:12:22.469725" elapsed="0.000000"/>
</iter>
<var>${element}</var>
<value>@{country_webelements}</value>
<status status="PASS" start="2025-01-06T21:12:22.468708" elapsed="0.002018"/>
</for>
<kw name="Get Value" owner="SeleniumLibrary">
<var>${selected_country_name}</var>
<arg>${location_box}</arg>
<doc>Returns the value attribute of the element identified by ``locator``.</doc>
<status status="NOT RUN" start="2025-01-06T21:12:22.470726" elapsed="0.000000"/>
</kw>
<kw name="Should Be Equal As Strings" owner="BuiltIn">
<arg>${selected_country_name}</arg>
<arg>${expected_country_name}</arg>
<doc>Fails if objects are unequal after converting them to strings.</doc>
<status status="NOT RUN" start="2025-01-06T21:12:22.470726" elapsed="0.000000"/>
</kw>
<kw name="Click Element" owner="SeleniumLibrary">
<arg>${purchase_button}</arg>
<doc>Click the element identified by ``locator``.</doc>
<status status="NOT RUN" start="2025-01-06T21:12:22.470726" elapsed="0.000000"/>
</kw>
<kw name="Get Text" owner="SeleniumLibrary">
<var>${success_message}</var>
<arg>${success_message_locator}</arg>
<doc>Returns the text value of the element identified by ``locator``.</doc>
<status status="NOT RUN" start="2025-01-06T21:12:22.470726" elapsed="0.000000"/>
</kw>
<kw name="Replace String" owner="String">
<var>${cleared_x_string}</var>
<arg>${success_message}</arg>
<arg>×</arg>
<arg>${EMPTY}</arg>
<doc>Replaces ``search_for`` in the given ``string`` with ``replace_with``.</doc>
<status status="NOT RUN" start="2025-01-06T21:12:22.470726" elapsed="0.000000"/>
</kw>
<kw name="Replace String" owner="String">
<var>${cleared_newline_string}</var>
<arg>${cleared_x_string}</arg>
<arg>\n</arg>
<arg>${EMPTY}</arg>
<doc>Replaces ``search_for`` in the given ``string`` with ``replace_with``.</doc>
<status status="NOT RUN" start="2025-01-06T21:12:22.471902" elapsed="0.000000"/>
</kw>
<kw name="Log" owner="BuiltIn">
<arg>${cleared_newline_string}</arg>
<doc>Logs the given message with the given level.</doc>
<status status="NOT RUN" start="2025-01-06T21:12:22.471902" elapsed="0.000000"/>
</kw>
<kw name="Should Be Equal As Strings" owner="BuiltIn">
<arg>${cleared_newline_string}</arg>
<arg>${expected_success_message}</arg>
<doc>Fails if objects are unequal after converting them to strings.</doc>
<status status="NOT RUN" start="2025-01-06T21:12:22.471902" elapsed="0.000000"/>
</kw>
<arg>${country_details}</arg>
<status status="PASS" start="2025-01-06T21:12:22.466586" elapsed="0.005316"/>
</kw>
<kw name="Pause Execution" owner="Dialogs">
<doc>Pauses execution until user clicks ``Ok`` button.</doc>
<status status="NOT RUN" start="2025-01-06T21:12:22.471902" elapsed="0.000000"/>
</kw>
<kw name="Close Browser" owner="SeleniumLibrary" type="TEARDOWN">
<doc>Closes the current browser.</doc>
<status status="NOT RUN" start="2025-01-06T21:12:22.472931" elapsed="0.000000"/>
</kw>
<status status="PASS" start="2025-01-06T21:12:22.460586" elapsed="0.012345"/>
</test>
<status status="PASS" start="2025-01-06T21:12:22.444519" elapsed="0.028412"/>
</suite>
<status status="PASS" start="2025-01-06T21:12:21.792744" elapsed="0.681204"/>
</suite>
<statistics>
<total>
<stat pass="12" fail="0" skip="0">All Tests</stat>
</total>
<tag>
<stat pass="2" fail="0" skip="0">regrssion</stat>
<stat pass="2" fail="0" skip="0">smoke</stat>
</tag>
<suite>
<stat pass="12" fail="0" skip="0" id="s1" name="Tests">Tests</stat>
<stat pass="5" fail="0" skip="0" id="s1-s1" name="testDemo1">Tests.testDemo1</stat>
<stat pass="4" fail="0" skip="0" id="s1-s2" name="testDemo2">Tests.testDemo2</stat>
<stat pass="1" fail="0" skip="0" id="s1-s3" name="testDemo3">Tests.testDemo3</stat>
<stat pass="1" fail="0" skip="0" id="s1-s4" name="testDemo4">Tests.testDemo4</stat>
<stat pass="1" fail="0" skip="0" id="s1-s5" name="testDemo5">Tests.testDemo5</stat>
</suite>
</statistics>
<errors>
</errors>
</robot>
