<?xml version="1.0" encoding="UTF-8"?>
<robot generator="Robot 7.1.1 (Python 3.12.1 on win32)" generated="2025-01-05T14:36:02.233290" rpa="false" schemaversion="5">
<suite id="s1" name="Tests" source="E:\Python\robotFramework\tests">
<suite id="s1-s1" name="testDemo5" source="E:\Python\robotFramework\tests\testDemo5.robot">
<test id="s1-s1-t1" name="Complete the order" line="14">
<kw name="Open the browser and launch the login page" owner="resources" type="SETUP">
<kw name="Create Dictionary" owner="BuiltIn">
<arg>screenshot_dir</arg>
<arg>E:\\Python\\robotFramework\\tests\\config/../reports/screenshots</arg>
<doc>Creates and returns a dictionary based on the given ``items``.</doc>
<status status="PASS" start="2025-01-05T14:36:03.505739" elapsed="0.001003"/>
</kw>
<kw name="Set Screenshot Directory" owner="SeleniumLibrary">
<arg>E:\\Python\\robotFramework\\tests\\config/../reports/screenshots</arg>
<doc>Sets the directory for captured screenshots.</doc>
<status status="PASS" start="2025-01-05T14:36:03.507742" elapsed="0.000000"/>
</kw>
<kw name="Run Keyword And Ignore Error" owner="BuiltIn">
<kw name="Set Selenium Timeout" owner="SeleniumLibrary">
<arg>5</arg>
<doc>Sets the timeout that is used by various keywords.</doc>
<status status="PASS" start="2025-01-05T14:36:03.508743" elapsed="0.000999"/>
</kw>
<arg>Set Selenium Timeout</arg>
<arg>5</arg>
<doc>Runs the given keyword with the given arguments and ignores possible error.</doc>
<status status="PASS" start="2025-01-05T14:36:03.508743" elapsed="0.000999"/>
</kw>
<kw name="Open Browser" owner="SeleniumLibrary">
<msg time="2025-01-05T14:36:03.510745" level="INFO">Opening browser 'chrome' to base url 'https://rahulshettyacademy.com/loginpagePractise/'.</msg>
<arg>${url}</arg>
<arg>chrome</arg>
<doc>Opens a new browser instance to the optional ``url``.</doc>
<status status="PASS" start="2025-01-05T14:36:03.509742" elapsed="6.973708"/>
</kw>
<kw name="Maximize Browser Window" owner="SeleniumLibrary">
<doc>Maximizes current browser window.</doc>
<status status="PASS" start="2025-01-05T14:36:10.484449" elapsed="0.105578"/>
</kw>
<kw name="Run Keyword And Ignore Error" owner="BuiltIn">
<kw name="Wait Until Page Contains Element" owner="SeleniumLibrary">
<arg>css:body</arg>
<arg>5</arg>
<doc>Waits until the element ``locator`` appears on the current page.</doc>
<status status="PASS" start="2025-01-05T14:36:10.593491" elapsed="0.081733"/>
</kw>
<msg time="2025-01-05T14:36:10.677983" level="INFO">${status} = PASS</msg>
<msg time="2025-01-05T14:36:10.679305" level="INFO">${error} = None</msg>
<var>${status}</var>
<var>${error}</var>
<arg>Wait Until Page Contains Element</arg>
<arg>css:body</arg>
<arg>5</arg>
<doc>Runs the given keyword with the given arguments and ignores possible error.</doc>
<status status="PASS" start="2025-01-05T14:36:10.590027" elapsed="0.089278"/>
</kw>
<kw name="Run Keyword If" owner="BuiltIn">
<arg>'${status}'=='FAIL'</arg>
<arg>Relaunch browser</arg>
<doc>Runs the given keyword with the given arguments, if ``condition`` is true.</doc>
<status status="PASS" start="2025-01-05T14:36:10.680554" elapsed="0.002007"/>
</kw>
<status status="PASS" start="2025-01-05T14:36:03.504739" elapsed="7.178822"/>
</kw>
<kw name="Login to home page" owner="login">
<kw name="Input Text" owner="SeleniumLibrary">
<msg time="2025-01-05T14:36:10.686561" level="INFO">Typing text 'rahulshettyacademy' into text field 'username'.</msg>
<arg>${username_locator}</arg>
<arg>${default_username}</arg>
<doc>Types the given ``text`` into the text field identified by ``locator``.</doc>
<status status="PASS" start="2025-01-05T14:36:10.685561" elapsed="1.311405"/>
</kw>
<kw name="Input Password" owner="SeleniumLibrary">
<msg time="2025-01-05T14:36:11.999115" level="INFO">Typing password into text field 'password'.</msg>
<msg time="2025-01-05T14:36:12.312662" level="INFO">Temporally setting log level to: NONE</msg>
<arg>${password_locator}</arg>
<arg>${default_password}</arg>
<doc>Types the given password into the text field identified by ``locator``.</doc>
<status status="PASS" start="2025-01-05T14:36:11.997970" elapsed="0.770297"/>
</kw>
<kw name="Click Button" owner="SeleniumLibrary">
<msg time="2025-01-05T14:36:12.770267" level="INFO">Clicking button 'signInBtn'.</msg>
<arg>${sign_in_locator}</arg>
<doc>Clicks the button identified by ``locator``.</doc>
<status status="PASS" start="2025-01-05T14:36:12.769267" elapsed="0.697682"/>
</kw>
<kw name="Wait Until Element Is Visible" owner="SeleniumLibrary">
<arg>${cart_locator}</arg>
<doc>Waits until the element ``locator`` is visible.</doc>
<status status="PASS" start="2025-01-05T14:36:13.467954" elapsed="6.095288"/>
</kw>
<status status="PASS" start="2025-01-05T14:36:10.684561" elapsed="8.878681"/>
</kw>
<kw name="Add Items To The Cart" owner="Shop">
<msg time="2025-01-05T14:36:19.703801" level="INFO">Clicking element '(//div[@class='card-footer'])[3]/button'.</msg>
<arg>${order_list}</arg>
<status status="PASS" start="2025-01-05T14:36:19.563242" elapsed="0.467080"/>
</kw>
<kw name="Verify Elements In The Cart" owner="Cart">
<msg time="2025-01-05T14:36:20.031841" level="INFO">Clicking element '//a[contains(text(),'Checkout')]'.</msg>
<msg time="2025-01-05T14:36:20.497646" level="INFO">Clicking button '//button[contains(text(),'Checkout')]'.</msg>
<msg time="2025-01-05T14:36:21.204956" level="INFO">['Nokia Edge']
['Nokia Edge']
True</msg>
<arg>${order_list}</arg>
<arg>True</arg>
<status status="PASS" start="2025-01-05T14:36:20.030322" elapsed="1.174634"/>
</kw>
<kw name="Create Dictionary" owner="BuiltIn">
<msg time="2025-01-05T14:36:21.207618" level="INFO">&amp;{country_details} = { Ind=India }</msg>
<var>&amp;{country_details}</var>
<arg>Ind=India</arg>
<doc>Creates and returns a dictionary based on the given ``items``.</doc>
<status status="PASS" start="2025-01-05T14:36:21.204956" elapsed="0.002662"/>
</kw>
<kw name="Select the location and click Puchase button" owner="purchase">
<kw name="Log" owner="BuiltIn">
<msg time="2025-01-05T14:36:21.209760" level="INFO">{'Ind': 'India'}</msg>
<arg>${location}</arg>
<doc>Logs the given message with the given level.</doc>
<status status="PASS" start="2025-01-05T14:36:21.209760" elapsed="0.000000"/>
</kw>
<kw name="Get Dictionary Keys" owner="Collections">
<msg time="2025-01-05T14:36:21.211240" level="INFO">${search_key_list} = ['Ind']</msg>
<var>${search_key_list}</var>
<arg>${location}</arg>
<doc>Returns keys of the given ``dictionary`` as a list.</doc>
<status status="PASS" start="2025-01-05T14:36:21.209760" elapsed="0.001480"/>
</kw>
<kw name="Get Dictionary Values" owner="Collections">
<msg time="2025-01-05T14:36:21.212503" level="INFO">${country_list} = ['India']</msg>
<var>${country_list}</var>
<arg>${location}</arg>
<doc>Returns values of the given ``dictionary`` as a list.</doc>
<status status="PASS" start="2025-01-05T14:36:21.212503" elapsed="0.000000"/>
</kw>
<kw name="Get From List" owner="Collections">
<msg time="2025-01-05T14:36:21.214822" level="INFO">${expected_country_name_input} = Ind</msg>
<var>${expected_country_name_input}</var>
<arg>${search_key_list}</arg>
<arg>0</arg>
<doc>Returns the value specified with an ``index`` from ``list``.</doc>
<status status="PASS" start="2025-01-05T14:36:21.213812" elapsed="0.001010"/>
</kw>
<kw name="Get From List" owner="Collections">
<msg time="2025-01-05T14:36:21.216292" level="INFO">${expected_country_name} = India</msg>
<var>${expected_country_name}</var>
<arg>${country_list}</arg>
<arg>0</arg>
<doc>Returns the value specified with an ``index`` from ``list``.</doc>
<status status="PASS" start="2025-01-05T14:36:21.214822" elapsed="0.001470"/>
</kw>
<kw name="Wait Until Page Contains Element" owner="SeleniumLibrary">
<arg>country</arg>
<doc>Waits until the element ``locator`` appears on the current page.</doc>
<status status="PASS" start="2025-01-05T14:36:21.217299" elapsed="0.036369"/>
</kw>
<kw name="Input Text" owner="SeleniumLibrary">
<msg time="2025-01-05T14:36:21.255116" level="INFO">Typing text 'Ind' into text field 'country'.</msg>
<arg>country</arg>
<arg>${expected_country_name_input}</arg>
<doc>Types the given ``text`` into the text field identified by ``locator``.</doc>
<status status="PASS" start="2025-01-05T14:36:21.253668" elapsed="0.765932"/>
</kw>
<kw name="Wait Until Page Contains Element" owner="SeleniumLibrary">
<arg>${country_list_locator}</arg>
<arg>timeout=10</arg>
<doc>Waits until the element ``locator`` appears on the current page.</doc>
<status status="PASS" start="2025-01-05T14:36:22.019600" elapsed="5.018740"/>
</kw>
<kw name="Get WebElements" owner="SeleniumLibrary">
<msg time="2025-01-05T14:36:27.056590" level="INFO">${country_webelements} = [&lt;selenium.webdriver.remote.webelement.WebElement (session="4cb18107e6d3288aedb1aafcaebfc0b0", element="f.FC093A2E17CC166CDDBFC21371EDEB97.d.E67F49015C7DEABAEBC896277FC0A0F4.e.126")&gt;, &lt;selenium.webdri...</msg>
<var>${country_webelements}</var>
<arg>${country_list_locator}</arg>
<doc>Returns a list of WebElement objects matching the ``locator``.</doc>
<status status="PASS" start="2025-01-05T14:36:27.039341" elapsed="0.018720"/>
</kw>
<for flavor="IN">
<iter>
<kw name="Get Text" owner="SeleniumLibrary">
<msg time="2025-01-05T14:36:27.077531" level="INFO">${country_name} = India</msg>
<var>${country_name}</var>
<arg>${element}</arg>
<doc>Returns the text value of the element identified by ``locator``.</doc>
<status status="PASS" start="2025-01-05T14:36:27.059106" elapsed="0.018425"/>
</kw>
<if>
<branch type="IF" condition="$country_name == $expected_country_name">
<kw name="Click Element" owner="SeleniumLibrary">
<msg time="2025-01-05T14:36:27.079544" level="INFO">Clicking element '&lt;selenium.webdriver.remote.webelement.WebElement (session="4cb18107e6d3288aedb1aafcaebfc0b0", element="f.FC093A2E17CC166CDDBFC21371EDEB97.d.E67F49015C7DEABAEBC896277FC0A0F4.e.126")&gt;'.</msg>
<arg>${element}</arg>
<doc>Click the element identified by ``locator``.</doc>
<status status="PASS" start="2025-01-05T14:36:27.078587" elapsed="0.121940"/>
</kw>
<kw name="Exit For Loop" owner="BuiltIn">
<msg time="2025-01-05T14:36:27.201542" level="INFO">Exiting for loop altogether.</msg>
<doc>Stops executing the enclosing FOR loop.</doc>
<status status="PASS" start="2025-01-05T14:36:27.200527" elapsed="0.001015"/>
</kw>
<status status="PASS" start="2025-01-05T14:36:27.078587" elapsed="0.122955"/>
</branch>
<status status="PASS" start="2025-01-05T14:36:27.078587" elapsed="0.122955"/>
</if>
<var name="${element}">&lt;selenium.webdriver.remote.webelement.WebElement (session="4cb18107e6d3288aedb1aafcaebfc0b0", element="f.FC093A2E17CC166CDDBFC21371EDEB97.d.E67F49015C7DEABAEBC896277FC0A0F4.e.126")&gt;</var>
<status status="PASS" start="2025-01-05T14:36:27.059106" elapsed="0.142436"/>
</iter>
<var>${element}</var>
<value>@{country_webelements}</value>
<status status="PASS" start="2025-01-05T14:36:27.058061" elapsed="0.143481"/>
</for>
<kw name="Get Value" owner="SeleniumLibrary">
<msg time="2025-01-05T14:36:27.228560" level="INFO">${selected_country_name} = India</msg>
<var>${selected_country_name}</var>
<arg>${location_box}</arg>
<doc>Returns the value attribute of the element identified by ``locator``.</doc>
<status status="PASS" start="2025-01-05T14:36:27.201542" elapsed="0.027018"/>
</kw>
<kw name="Should Be Equal As Strings" owner="BuiltIn">
<arg>${selected_country_name}</arg>
<arg>${expected_country_name}</arg>
<doc>Fails if objects are unequal after converting them to strings.</doc>
<status status="PASS" start="2025-01-05T14:36:27.228560" elapsed="0.000000"/>
</kw>
<kw name="Click Element" owner="SeleniumLibrary">
<msg time="2025-01-05T14:36:27.229788" level="INFO">Clicking element 'xpath://input[@value='Purchase']'.</msg>
<arg>${purchase_button}</arg>
<doc>Click the element identified by ``locator``.</doc>
<status status="PASS" start="2025-01-05T14:36:27.229788" elapsed="0.122192"/>
</kw>
<kw name="Get Text" owner="SeleniumLibrary">
<msg time="2025-01-05T14:36:27.374892" level="INFO">${success_message} = ×
Success! Thank you! Your order will be delivered in next few weeks :-).</msg>
<var>${success_message}</var>
<arg>${success_message_locator}</arg>
<doc>Returns the text value of the element identified by ``locator``.</doc>
<status status="PASS" start="2025-01-05T14:36:27.351980" elapsed="0.023913"/>
</kw>
<kw name="Replace String" owner="String">
<msg time="2025-01-05T14:36:27.376893" level="INFO">${cleared_x_string} = 
Success! Thank you! Your order will be delivered in next few weeks :-).</msg>
<var>${cleared_x_string}</var>
<arg>${success_message}</arg>
<arg>×</arg>
<arg>${EMPTY}</arg>
<doc>Replaces ``search_for`` in the given ``string`` with ``replace_with``.</doc>
<status status="PASS" start="2025-01-05T14:36:27.375893" elapsed="0.001000"/>
</kw>
<kw name="Replace String" owner="String">
<msg time="2025-01-05T14:36:27.377893" level="INFO">${cleared_newline_string} = Success! Thank you! Your order will be delivered in next few weeks :-).</msg>
<var>${cleared_newline_string}</var>
<arg>${cleared_x_string}</arg>
<arg>\n</arg>
<arg>${EMPTY}</arg>
<doc>Replaces ``search_for`` in the given ``string`` with ``replace_with``.</doc>
<status status="PASS" start="2025-01-05T14:36:27.376893" elapsed="0.001000"/>
</kw>
<kw name="Log" owner="BuiltIn">
<msg time="2025-01-05T14:36:27.378893" level="INFO">Success! Thank you! Your order will be delivered in next few weeks :-).</msg>
<arg>${cleared_newline_string}</arg>
<doc>Logs the given message with the given level.</doc>
<status status="PASS" start="2025-01-05T14:36:27.377893" elapsed="0.001000"/>
</kw>
<kw name="Should Be Equal As Strings" owner="BuiltIn">
<arg>${cleared_newline_string}</arg>
<arg>${expected_success_message}</arg>
<doc>Fails if objects are unequal after converting them to strings.</doc>
<status status="PASS" start="2025-01-05T14:36:27.378893" elapsed="0.000000"/>
</kw>
<arg>${country_details}</arg>
<status status="PASS" start="2025-01-05T14:36:21.207618" elapsed="6.171275"/>
</kw>
<kw name="Pause Execution" owner="Dialogs">
<doc>Pauses execution until user clicks ``Ok`` button.</doc>
<status status="PASS" start="2025-01-05T14:36:27.378893" elapsed="896.289405"/>
</kw>
<kw name="Close Browser" owner="SeleniumLibrary" type="TEARDOWN">
<msg time="2025-01-05T14:51:27.761035" level="WARN">Retrying (Retry(total=2, connect=None, read=None, redirect=None, status=None)) after connection broken by 'NewConnectionError('&lt;urllib3.connection.HTTPConnection object at 0x000002B145E68500&gt;: Failed to establish a new connection: [WinError 10061] No connection could be made because the target machine actively refused it')': /session/4cb18107e6d3288aedb1aafcaebfc0b0</msg>
<msg time="2025-01-05T14:51:31.873906" level="WARN">Retrying (Retry(total=1, connect=None, read=None, redirect=None, status=None)) after connection broken by 'NewConnectionError('&lt;urllib3.connection.HTTPConnection object at 0x000002B145E8A990&gt;: Failed to establish a new connection: [WinError 10061] No connection could be made because the target machine actively refused it')': /session/4cb18107e6d3288aedb1aafcaebfc0b0</msg>
<msg time="2025-01-05T14:51:35.946422" level="WARN">Retrying (Retry(total=0, connect=None, read=None, redirect=None, status=None)) after connection broken by 'NewConnectionError('&lt;urllib3.connection.HTTPConnection object at 0x000002B145E8ABD0&gt;: Failed to establish a new connection: [WinError 10061] No connection could be made because the target machine actively refused it')': /session/4cb18107e6d3288aedb1aafcaebfc0b0</msg>
<doc>Closes the current browser.</doc>
<status status="PASS" start="2025-01-05T14:51:23.669299" elapsed="20.573206"/>
</kw>
<status status="PASS" start="2025-01-05T14:36:03.502739" elapsed="940.740763"/>
</test>
<status status="PASS" start="2025-01-05T14:36:02.289357" elapsed="941.955151"/>
</suite>
<status status="PASS" start="2025-01-05T14:36:02.253323" elapsed="941.994270"/>
</suite>
<statistics>
<total>
<stat pass="1" fail="0" skip="0">All Tests</stat>
</total>
<tag>
</tag>
<suite>
<stat pass="1" fail="0" skip="0" id="s1" name="Tests">Tests</stat>
<stat pass="1" fail="0" skip="0" id="s1-s1" name="testDemo5">Tests.testDemo5</stat>
</suite>
</statistics>
<errors>
<msg time="2025-01-05T14:51:27.761035" level="WARN">Retrying (Retry(total=2, connect=None, read=None, redirect=None, status=None)) after connection broken by 'NewConnectionError('&lt;urllib3.connection.HTTPConnection object at 0x000002B145E68500&gt;: Failed to establish a new connection: [WinError 10061] No connection could be made because the target machine actively refused it')': /session/4cb18107e6d3288aedb1aafcaebfc0b0</msg>
<msg time="2025-01-05T14:51:31.873906" level="WARN">Retrying (Retry(total=1, connect=None, read=None, redirect=None, status=None)) after connection broken by 'NewConnectionError('&lt;urllib3.connection.HTTPConnection object at 0x000002B145E8A990&gt;: Failed to establish a new connection: [WinError 10061] No connection could be made because the target machine actively refused it')': /session/4cb18107e6d3288aedb1aafcaebfc0b0</msg>
<msg time="2025-01-05T14:51:35.946422" level="WARN">Retrying (Retry(total=0, connect=None, read=None, redirect=None, status=None)) after connection broken by 'NewConnectionError('&lt;urllib3.connection.HTTPConnection object at 0x000002B145E8ABD0&gt;: Failed to establish a new connection: [WinError 10061] No connection could be made because the target machine actively refused it')': /session/4cb18107e6d3288aedb1aafcaebfc0b0</msg>
</errors>
</robot>
