<?xml version="1.0" encoding="UTF-8"?>
<robot generator="Robot 7.1.1 (Python 3.12.1 on win32)" generated="2025-01-06T21:02:21.983037" rpa="false" schemaversion="5">
<suite id="s1" name="Tests" source="E:\Python\robotFramework\tests">
<suite id="s1-s1" name="testDemo4" source="E:\Python\robotFramework\tests\testDemo4.robot">
<test id="s1-s1-t1" name="Verify the functionality for adding items to the cart" line="18">
<kw name="Open the browser and launch the login page" owner="resources" type="SETUP">
<kw name="Create Dictionary" owner="BuiltIn">
<arg>screenshot_dir</arg>
<arg>E:\\Python\\robotFramework\\tests\\config/../reports/screenshots</arg>
<doc>Creates and returns a dictionary based on the given ``items``.</doc>
<status status="PASS" start="2025-01-06T21:02:22.388157" elapsed="0.000000"/>
</kw>
<kw name="Set Screenshot Directory" owner="SeleniumLibrary">
<arg>E:\\Python\\robotFramework\\tests\\config/../reports/screenshots</arg>
<doc>Sets the directory for captured screenshots.</doc>
<status status="PASS" start="2025-01-06T21:02:22.389154" elapsed="0.000000"/>
</kw>
<kw name="Run Keyword And Ignore Error" owner="BuiltIn">
<kw name="Set Selenium Timeout" owner="SeleniumLibrary">
<arg>5</arg>
<doc>Sets the timeout that is used by various keywords.</doc>
<status status="PASS" start="2025-01-06T21:02:22.389154" elapsed="0.000000"/>
</kw>
<arg>Set Selenium Timeout</arg>
<arg>5</arg>
<doc>Runs the given keyword with the given arguments and ignores possible error.</doc>
<status status="PASS" start="2025-01-06T21:02:22.389154" elapsed="0.000000"/>
</kw>
<kw name="Open Browser" owner="SeleniumLibrary">
<msg time="2025-01-06T21:02:22.390154" level="INFO">Opening browser 'chrome' to base url 'https://rahulshettyacademy.com/loginpagePractise/'.</msg>
<arg>${url}</arg>
<arg>chrome</arg>
<doc>Opens a new browser instance to the optional ``url``.</doc>
<status status="PASS" start="2025-01-06T21:02:22.390154" elapsed="34.037503"/>
</kw>
<kw name="Maximize Browser Window" owner="SeleniumLibrary">
<doc>Maximizes current browser window.</doc>
<status status="PASS" start="2025-01-06T21:02:56.428662" elapsed="0.036798"/>
</kw>
<kw name="Run Keyword And Ignore Error" owner="BuiltIn">
<kw name="Wait Until Page Contains Element" owner="SeleniumLibrary">
<arg>css:body</arg>
<arg>5</arg>
<doc>Waits until the element ``locator`` appears on the current page.</doc>
<status status="PASS" start="2025-01-06T21:02:56.466465" elapsed="0.018909"/>
</kw>
<msg time="2025-01-06T21:02:56.485374" level="INFO">${status} = PASS</msg>
<msg time="2025-01-06T21:02:56.485374" level="INFO">${error} = None</msg>
<var>${status}</var>
<var>${error}</var>
<arg>Wait Until Page Contains Element</arg>
<arg>css:body</arg>
<arg>5</arg>
<doc>Runs the given keyword with the given arguments and ignores possible error.</doc>
<status status="PASS" start="2025-01-06T21:02:56.466465" elapsed="0.018909"/>
</kw>
<kw name="Run Keyword If" owner="BuiltIn">
<arg>'${status}'=='FAIL'</arg>
<arg>Relaunch browser</arg>
<doc>Runs the given keyword with the given arguments, if ``condition`` is true.</doc>
<status status="PASS" start="2025-01-06T21:02:56.485374" elapsed="0.001004"/>
</kw>
<status status="PASS" start="2025-01-06T21:02:22.387154" elapsed="34.099224"/>
</kw>
<kw name="Login to home page" owner="login">
<kw name="Input Text" owner="SeleniumLibrary">
<msg time="2025-01-06T21:02:56.487378" level="INFO">Typing text 'rahulshettyacademy' into text field 'username'.</msg>
<arg>${username_locator}</arg>
<arg>${default_username}</arg>
<doc>Types the given ``text`` into the text field identified by ``locator``.</doc>
<status status="PASS" start="2025-01-06T21:02:56.487378" elapsed="0.226110"/>
</kw>
<kw name="Input Password" owner="SeleniumLibrary">
<msg time="2025-01-06T21:02:56.714487" level="INFO">Typing password into text field 'password'.</msg>
<msg time="2025-01-06T21:02:56.768278" level="INFO">Temporally setting log level to: NONE</msg>
<arg>${password_locator}</arg>
<arg>${default_password}</arg>
<doc>Types the given password into the text field identified by ``locator``.</doc>
<status status="PASS" start="2025-01-06T21:02:56.713488" elapsed="0.133929"/>
</kw>
<kw name="Click Button" owner="SeleniumLibrary">
<msg time="2025-01-06T21:02:56.847417" level="INFO">Clicking button 'signInBtn'.</msg>
<arg>${sign_in_locator}</arg>
<doc>Clicks the button identified by ``locator``.</doc>
<status status="PASS" start="2025-01-06T21:02:56.847417" elapsed="0.092041"/>
</kw>
<kw name="Wait Until Element Is Visible" owner="SeleniumLibrary">
<arg>${cart_locator}</arg>
<doc>Waits until the element ``locator`` is visible.</doc>
<status status="PASS" start="2025-01-06T21:02:56.939458" elapsed="5.454900"/>
</kw>
<status status="PASS" start="2025-01-06T21:02:56.486378" elapsed="5.907980"/>
</kw>
<kw name="Add Items To The Cart" owner="Shop">
<msg time="2025-01-06T21:03:02.448723" level="INFO">Clicking element '(//div[@class='card-footer'])[2]/button'.</msg>
<msg time="2025-01-06T21:03:02.590046" level="INFO">Clicking element '(//div[@class='card-footer'])[4]/button'.</msg>
<arg>${check_in_items}</arg>
<status status="PASS" start="2025-01-06T21:03:02.394358" elapsed="0.290366"/>
</kw>
<kw name="Verify Elements In The Cart" owner="Cart">
<msg time="2025-01-06T21:03:02.685724" level="INFO">Clicking element '//a[contains(text(),'Checkout')]'.</msg>
<msg time="2025-01-06T21:03:02.847970" level="INFO">['Samsung Note 8', 'Blackberry']
['Samsung Note 8', 'Blackberry']
True</msg>
<arg>${check_in_items}</arg>
<status status="PASS" start="2025-01-06T21:03:02.685724" elapsed="0.162246"/>
</kw>
<kw name="Pause Execution" owner="Dialogs">
<doc>Pauses execution until user clicks ``Ok`` button.</doc>
<status status="PASS" start="2025-01-06T21:03:02.848968" elapsed="20.976918"/>
</kw>
<kw name="Close Browser" owner="SeleniumLibrary" type="TEARDOWN">
<doc>Closes the current browser.</doc>
<status status="PASS" start="2025-01-06T21:03:23.826891" elapsed="2.477180"/>
</kw>
<tag>regrssion</tag>
<tag>smoke</tag>
<status status="PASS" start="2025-01-06T21:02:22.386154" elapsed="63.917917"/>
</test>
<status status="PASS" start="2025-01-06T21:02:21.999554" elapsed="64.305517"/>
</suite>
<status status="PASS" start="2025-01-06T21:02:21.986038" elapsed="64.320034"/>
</suite>
<statistics>
<total>
<stat pass="1" fail="0" skip="0">All Tests</stat>
</total>
<tag>
<stat pass="1" fail="0" skip="0">regrssion</stat>
<stat pass="1" fail="0" skip="0">smoke</stat>
</tag>
<suite>
<stat pass="1" fail="0" skip="0" id="s1" name="Tests">Tests</stat>
<stat pass="1" fail="0" skip="0" id="s1-s1" name="testDemo4">Tests.testDemo4</stat>
</suite>
</statistics>
<errors>
</errors>
</robot>
