<?xml version="1.0" encoding="UTF-8"?>
<robot generator="Robot 7.1.1 (Python 3.12.1 on win32)" generated="2025-01-06T20:33:09.436149" rpa="false" schemaversion="5">
<suite id="s1" name="testDemo1" source="E:\Python\robotFramework\tests\testDemo1.robot">
<test id="s1-t1" name="Parameterised Test case" line="13">
<kw name="Open the browser and launch the login page" owner="resources" type="SETUP">
<kw name="Create Dictionary" owner="BuiltIn">
<arg>screenshot_dir</arg>
<arg>E:\\Python\\robotFramework\\tests\\config/../reports/screenshots</arg>
<doc>Creates and returns a dictionary based on the given ``items``.</doc>
<status status="PASS" start="2025-01-06T20:33:11.427768" elapsed="0.001000"/>
</kw>
<kw name="Set Screenshot Directory" owner="SeleniumLibrary">
<arg>E:\\Python\\robotFramework\\tests\\config/../reports/screenshots</arg>
<doc>Sets the directory for captured screenshots.</doc>
<status status="PASS" start="2025-01-06T20:33:11.429768" elapsed="0.001000"/>
</kw>
<kw name="Run Keyword And Ignore Error" owner="BuiltIn">
<kw name="Set Selenium Timeout" owner="SeleniumLibrary">
<arg>5</arg>
<doc>Sets the timeout that is used by various keywords.</doc>
<status status="PASS" start="2025-01-06T20:33:11.431768" elapsed="0.001000"/>
</kw>
<arg>Set Selenium Timeout</arg>
<arg>5</arg>
<doc>Runs the given keyword with the given arguments and ignores possible error.</doc>
<status status="PASS" start="2025-01-06T20:33:11.430768" elapsed="0.002000"/>
</kw>
<kw name="Open Browser" owner="SeleniumLibrary">
<msg time="2025-01-06T20:33:11.433768" level="INFO">Opening browser 'chrome' to base url 'https://rahulshettyacademy.com/loginpagePractise/'.</msg>
<arg>${url}</arg>
<arg>chrome</arg>
<doc>Opens a new browser instance to the optional ``url``.</doc>
<status status="PASS" start="2025-01-06T20:33:11.432768" elapsed="5.863998"/>
</kw>
<kw name="Maximize Browser Window" owner="SeleniumLibrary">
<doc>Maximizes current browser window.</doc>
<status status="PASS" start="2025-01-06T20:33:17.297766" elapsed="0.043446"/>
</kw>
<kw name="Run Keyword And Ignore Error" owner="BuiltIn">
<kw name="Wait Until Page Contains Element" owner="SeleniumLibrary">
<arg>css:body</arg>
<arg>5</arg>
<doc>Waits until the element ``locator`` appears on the current page.</doc>
<status status="PASS" start="2025-01-06T20:33:17.343224" elapsed="0.016175"/>
</kw>
<msg time="2025-01-06T20:33:17.359399" level="INFO">${status} = PASS</msg>
<msg time="2025-01-06T20:33:17.360398" level="INFO">${error} = None</msg>
<var>${status}</var>
<var>${error}</var>
<arg>Wait Until Page Contains Element</arg>
<arg>css:body</arg>
<arg>5</arg>
<doc>Runs the given keyword with the given arguments and ignores possible error.</doc>
<status status="PASS" start="2025-01-06T20:33:17.342212" elapsed="0.018186"/>
</kw>
<kw name="Run Keyword If" owner="BuiltIn">
<arg>'${status}'=='FAIL'</arg>
<arg>Relaunch browser</arg>
<doc>Runs the given keyword with the given arguments, if ``condition`` is true.</doc>
<status status="PASS" start="2025-01-06T20:33:17.361399" elapsed="0.001000"/>
</kw>
<status status="PASS" start="2025-01-06T20:33:11.420772" elapsed="5.942704"/>
</kw>
<kw name="Check the unsucessful login scnearios" owner="login">
<kw name="Enter username and password" owner="login">
<kw name="Input Text" owner="SeleniumLibrary">
<msg time="2025-01-06T20:33:17.375976" level="INFO">Typing text 'scp' into text field 'username'.</msg>
<arg>${username_locator}</arg>
<arg>${user_name}</arg>
<doc>Types the given ``text`` into the text field identified by ``locator``.</doc>
<status status="PASS" start="2025-01-06T20:33:17.373948" elapsed="0.136472"/>
</kw>
<kw name="Input Password" owner="SeleniumLibrary">
<msg time="2025-01-06T20:33:17.515993" level="INFO">Typing password into text field 'password'.</msg>
<msg time="2025-01-06T20:33:17.551388" level="INFO">Temporally setting log level to: NONE</msg>
<arg>${password_locator}</arg>
<arg>${password}</arg>
<doc>Types the given password into the text field identified by ``locator``.</doc>
<status status="PASS" start="2025-01-06T20:33:17.512420" elapsed="0.133380"/>
</kw>
<arg>${username_parameterised}</arg>
<arg>${password_parameterised}</arg>
<status status="PASS" start="2025-01-06T20:33:17.369886" elapsed="0.275914"/>
</kw>
<kw name="Click Button" owner="SeleniumLibrary">
<msg time="2025-01-06T20:33:17.646824" level="INFO">Clicking button 'signInBtn'.</msg>
<arg>signInBtn</arg>
<doc>Clicks the button identified by ``locator``.</doc>
<status status="PASS" start="2025-01-06T20:33:17.645800" elapsed="0.076540"/>
</kw>
<kw name="Wait Until Element Is Visible" owner="SeleniumLibrary">
<arg>${incorrect_login_msg_locator}</arg>
<doc>Waits until the element ``locator`` is visible.</doc>
<status status="PASS" start="2025-01-06T20:33:17.722340" elapsed="2.127635"/>
</kw>
<kw name="Get Text" owner="SeleniumLibrary">
<msg time="2025-01-06T20:33:19.877055" level="INFO">${unsuccessful_msg} = Incorrect username/password.</msg>
<var>${unsuccessful_msg}</var>
<arg>${incorrect_login_msg_locator}</arg>
<doc>Returns the text value of the element identified by ``locator``.</doc>
<status status="PASS" start="2025-01-06T20:33:19.850982" elapsed="0.027079"/>
</kw>
<kw name="Sleep" owner="BuiltIn">
<msg time="2025-01-06T20:33:24.879096" level="INFO">Slept 5 seconds.</msg>
<arg>5</arg>
<doc>Pauses the test executed for the given time.</doc>
<status status="PASS" start="2025-01-06T20:33:19.878978" elapsed="5.000624"/>
</kw>
<kw name="Validate the error message" owner="login">
<kw name="Log" owner="BuiltIn">
<msg time="2025-01-06T20:33:24.890154" level="INFO">Incorrect username/password.</msg>
<arg>${unsuccessful_msg}</arg>
<doc>Logs the given message with the given level.</doc>
<status status="PASS" start="2025-01-06T20:33:24.888154" elapsed="0.002999"/>
</kw>
<kw name="Should Be Equal As Strings" owner="BuiltIn">
<arg>${unsuccessful_msg}</arg>
<arg>${expected_alert_message}</arg>
<doc>Fails if objects are unequal after converting them to strings.</doc>
<status status="PASS" start="2025-01-06T20:33:24.893164" elapsed="0.003437"/>
</kw>
<arg>${unsuccessful_msg}</arg>
<status status="PASS" start="2025-01-06T20:33:24.883101" elapsed="0.015761"/>
</kw>
<arg>scp</arg>
<arg>learning</arg>
<status status="PASS" start="2025-01-06T20:33:17.365847" elapsed="7.534015"/>
</kw>
<kw name="Check the unsucessful login scnearios" owner="login">
<kw name="Enter username and password" owner="login">
<kw name="Input Text" owner="SeleniumLibrary">
<msg time="2025-01-06T20:33:24.919037" level="INFO">Typing text 'rahulshettyacademy' into text field 'username'.</msg>
<arg>${username_locator}</arg>
<arg>${user_name}</arg>
<doc>Types the given ``text`` into the text field identified by ``locator``.</doc>
<status status="PASS" start="2025-01-06T20:33:24.914037" elapsed="0.212979"/>
</kw>
<kw name="Input Password" owner="SeleniumLibrary">
<msg time="2025-01-06T20:33:25.135222" level="INFO">Typing password into text field 'password'.</msg>
<msg time="2025-01-06T20:33:25.190300" level="INFO">Temporally setting log level to: NONE</msg>
<arg>${password_locator}</arg>
<arg>${password}</arg>
<doc>Types the given password into the text field identified by ``locator``.</doc>
<status status="PASS" start="2025-01-06T20:33:25.131222" elapsed="0.139984"/>
</kw>
<arg>${username_parameterised}</arg>
<arg>${password_parameterised}</arg>
<status status="PASS" start="2025-01-06T20:33:24.906980" elapsed="0.366514"/>
</kw>
<kw name="Click Button" owner="SeleniumLibrary">
<msg time="2025-01-06T20:33:25.276648" level="INFO">Clicking button 'signInBtn'.</msg>
<arg>signInBtn</arg>
<doc>Clicks the button identified by ``locator``.</doc>
<status status="PASS" start="2025-01-06T20:33:25.275597" elapsed="0.105937"/>
</kw>
<kw name="Wait Until Element Is Visible" owner="SeleniumLibrary">
<arg>${incorrect_login_msg_locator}</arg>
<doc>Waits until the element ``locator`` is visible.</doc>
<status status="PASS" start="2025-01-06T20:33:25.383604" elapsed="2.117630"/>
</kw>
<kw name="Get Text" owner="SeleniumLibrary">
<msg time="2025-01-06T20:33:27.535016" level="INFO">${unsuccessful_msg} = Incorrect username/password.</msg>
<var>${unsuccessful_msg}</var>
<arg>${incorrect_login_msg_locator}</arg>
<doc>Returns the text value of the element identified by ``locator``.</doc>
<status status="PASS" start="2025-01-06T20:33:27.503499" elapsed="0.032531"/>
</kw>
<kw name="Sleep" owner="BuiltIn">
<msg time="2025-01-06T20:33:32.539688" level="INFO">Slept 5 seconds.</msg>
<arg>5</arg>
<doc>Pauses the test executed for the given time.</doc>
<status status="PASS" start="2025-01-06T20:33:27.538062" elapsed="5.002636"/>
</kw>
<kw name="Validate the error message" owner="login">
<kw name="Log" owner="BuiltIn">
<msg time="2025-01-06T20:33:32.548768" level="INFO">Incorrect username/password.</msg>
<arg>${unsuccessful_msg}</arg>
<doc>Logs the given message with the given level.</doc>
<status status="PASS" start="2025-01-06T20:33:32.545695" elapsed="0.004077"/>
</kw>
<kw name="Should Be Equal As Strings" owner="BuiltIn">
<arg>${unsuccessful_msg}</arg>
<arg>${expected_alert_message}</arg>
<doc>Fails if objects are unequal after converting them to strings.</doc>
<status status="PASS" start="2025-01-06T20:33:32.552773" elapsed="0.004998"/>
</kw>
<arg>${unsuccessful_msg}</arg>
<status status="PASS" start="2025-01-06T20:33:32.542695" elapsed="0.017082"/>
</kw>
<arg>rahulshettyacademy</arg>
<arg>kjndsj</arg>
<status status="PASS" start="2025-01-06T20:33:24.902910" elapsed="7.657860"/>
</kw>
<kw name="Check the unsucessful login scnearios" owner="login">
<kw name="Enter username and password" owner="login">
<kw name="Input Text" owner="SeleniumLibrary">
<msg time="2025-01-06T20:33:32.578693" level="INFO">Typing text '@3$' into text field 'username'.</msg>
<arg>${username_locator}</arg>
<arg>${user_name}</arg>
<doc>Types the given ``text`` into the text field identified by ``locator``.</doc>
<status status="PASS" start="2025-01-06T20:33:32.576787" elapsed="0.128820"/>
</kw>
<kw name="Input Password" owner="SeleniumLibrary">
<msg time="2025-01-06T20:33:32.709419" level="INFO">Typing password into text field 'password'.</msg>
<msg time="2025-01-06T20:33:32.771886" level="INFO">Temporally setting log level to: NONE</msg>
<arg>${password_locator}</arg>
<arg>${password}</arg>
<doc>Types the given password into the text field identified by ``locator``.</doc>
<status status="PASS" start="2025-01-06T20:33:32.707910" elapsed="0.139851"/>
</kw>
<arg>${username_parameterised}</arg>
<arg>${password_parameterised}</arg>
<status status="PASS" start="2025-01-06T20:33:32.570776" elapsed="0.279017"/>
</kw>
<kw name="Click Button" owner="SeleniumLibrary">
<msg time="2025-01-06T20:33:32.855940" level="INFO">Clicking button 'signInBtn'.</msg>
<arg>signInBtn</arg>
<doc>Clicks the button identified by ``locator``.</doc>
<status status="PASS" start="2025-01-06T20:33:32.852840" elapsed="0.116162"/>
</kw>
<kw name="Wait Until Element Is Visible" owner="SeleniumLibrary">
<arg>${incorrect_login_msg_locator}</arg>
<doc>Waits until the element ``locator`` is visible.</doc>
<status status="PASS" start="2025-01-06T20:33:32.972267" elapsed="2.125459"/>
</kw>
<kw name="Get Text" owner="SeleniumLibrary">
<msg time="2025-01-06T20:33:35.136010" level="INFO">${unsuccessful_msg} = Incorrect username/password.</msg>
<var>${unsuccessful_msg}</var>
<arg>${incorrect_login_msg_locator}</arg>
<doc>Returns the text value of the element identified by ``locator``.</doc>
<status status="PASS" start="2025-01-06T20:33:35.099725" elapsed="0.037285"/>
</kw>
<kw name="Sleep" owner="BuiltIn">
<msg time="2025-01-06T20:33:40.140366" level="INFO">Slept 5 seconds.</msg>
<arg>5</arg>
<doc>Pauses the test executed for the given time.</doc>
<status status="PASS" start="2025-01-06T20:33:35.138009" elapsed="5.002874"/>
</kw>
<kw name="Validate the error message" owner="login">
<kw name="Log" owner="BuiltIn">
<msg time="2025-01-06T20:33:40.147891" level="INFO">Incorrect username/password.</msg>
<arg>${unsuccessful_msg}</arg>
<doc>Logs the given message with the given level.</doc>
<status status="PASS" start="2025-01-06T20:33:40.146892" elapsed="0.002000"/>
</kw>
<kw name="Should Be Equal As Strings" owner="BuiltIn">
<arg>${unsuccessful_msg}</arg>
<arg>${expected_alert_message}</arg>
<doc>Fails if objects are unequal after converting them to strings.</doc>
<status status="PASS" start="2025-01-06T20:33:40.149892" elapsed="0.002000"/>
</kw>
<arg>${unsuccessful_msg}</arg>
<status status="PASS" start="2025-01-06T20:33:40.142891" elapsed="0.010000"/>
</kw>
<arg>@3$</arg>
<arg>sdfbhd</arg>
<status status="PASS" start="2025-01-06T20:33:32.563784" elapsed="7.590108"/>
</kw>
<kw name="Close Browser" owner="SeleniumLibrary" type="TEARDOWN">
<doc>Closes the current browser.</doc>
<status status="PASS" start="2025-01-06T20:33:40.156888" elapsed="2.633370"/>
</kw>
<status status="PASS" start="2025-01-06T20:33:11.413773" elapsed="31.376485"/>
</test>
<test id="s1-t2" name="Check whether the cart is displayed in the home page" line="20">
<kw name="Open the browser and launch the login page" owner="resources" type="SETUP">
<kw name="Create Dictionary" owner="BuiltIn">
<arg>screenshot_dir</arg>
<arg>E:\\Python\\robotFramework\\tests\\config/../reports/screenshots</arg>
<doc>Creates and returns a dictionary based on the given ``items``.</doc>
<status status="PASS" start="2025-01-06T20:33:42.803229" elapsed="0.002012"/>
</kw>
<kw name="Set Screenshot Directory" owner="SeleniumLibrary">
<arg>E:\\Python\\robotFramework\\tests\\config/../reports/screenshots</arg>
<doc>Sets the directory for captured screenshots.</doc>
<status status="PASS" start="2025-01-06T20:33:42.806535" elapsed="0.002011"/>
</kw>
<kw name="Run Keyword And Ignore Error" owner="BuiltIn">
<kw name="Set Selenium Timeout" owner="SeleniumLibrary">
<arg>5</arg>
<doc>Sets the timeout that is used by various keywords.</doc>
<status status="PASS" start="2025-01-06T20:33:42.812621" elapsed="0.001004"/>
</kw>
<arg>Set Selenium Timeout</arg>
<arg>5</arg>
<doc>Runs the given keyword with the given arguments and ignores possible error.</doc>
<status status="PASS" start="2025-01-06T20:33:42.810621" elapsed="0.004001"/>
</kw>
<kw name="Open Browser" owner="SeleniumLibrary">
<msg time="2025-01-06T20:33:42.818208" level="INFO">Opening browser 'chrome' to base url 'https://rahulshettyacademy.com/loginpagePractise/'.</msg>
<arg>${url}</arg>
<arg>chrome</arg>
<doc>Opens a new browser instance to the optional ``url``.</doc>
<status status="PASS" start="2025-01-06T20:33:42.816619" elapsed="4.462281"/>
</kw>
<kw name="Maximize Browser Window" owner="SeleniumLibrary">
<doc>Maximizes current browser window.</doc>
<status status="PASS" start="2025-01-06T20:33:47.281535" elapsed="0.038692"/>
</kw>
<kw name="Run Keyword And Ignore Error" owner="BuiltIn">
<kw name="Wait Until Page Contains Element" owner="SeleniumLibrary">
<arg>css:body</arg>
<arg>5</arg>
<doc>Waits until the element ``locator`` appears on the current page.</doc>
<status status="PASS" start="2025-01-06T20:33:47.323742" elapsed="0.022577"/>
</kw>
<msg time="2025-01-06T20:33:47.347330" level="INFO">${status} = PASS</msg>
<msg time="2025-01-06T20:33:47.348322" level="INFO">${error} = None</msg>
<var>${status}</var>
<var>${error}</var>
<arg>Wait Until Page Contains Element</arg>
<arg>css:body</arg>
<arg>5</arg>
<doc>Runs the given keyword with the given arguments and ignores possible error.</doc>
<status status="PASS" start="2025-01-06T20:33:47.321230" elapsed="0.027092"/>
</kw>
<kw name="Run Keyword If" owner="BuiltIn">
<arg>'${status}'=='FAIL'</arg>
<arg>Relaunch browser</arg>
<doc>Runs the given keyword with the given arguments, if ``condition`` is true.</doc>
<status status="PASS" start="2025-01-06T20:33:47.349828" elapsed="0.002004"/>
</kw>
<status status="PASS" start="2025-01-06T20:33:42.800230" elapsed="4.552602"/>
</kw>
<kw name="Login to home page" owner="login">
<kw name="Input Text" owner="SeleniumLibrary">
<msg time="2025-01-06T20:33:47.358832" level="INFO">Typing text 'rahulshettyacademy' into text field 'username'.</msg>
<arg>${username_locator}</arg>
<arg>${default_username}</arg>
<doc>Types the given ``text`` into the text field identified by ``locator``.</doc>
<status status="PASS" start="2025-01-06T20:33:47.356831" elapsed="0.176122"/>
</kw>
<kw name="Input Password" owner="SeleniumLibrary">
<msg time="2025-01-06T20:33:47.537465" level="INFO">Typing password into text field 'password'.</msg>
<msg time="2025-01-06T20:33:47.588907" level="INFO">Temporally setting log level to: NONE</msg>
<arg>${password_locator}</arg>
<arg>${default_password}</arg>
<doc>Types the given password into the text field identified by ``locator``.</doc>
<status status="PASS" start="2025-01-06T20:33:47.535461" elapsed="0.123788"/>
</kw>
<kw name="Click Button" owner="SeleniumLibrary">
<msg time="2025-01-06T20:33:47.661248" level="INFO">Clicking button 'signInBtn'.</msg>
<arg>${sign_in_locator}</arg>
<doc>Clicks the button identified by ``locator``.</doc>
<status status="PASS" start="2025-01-06T20:33:47.661248" elapsed="0.088865"/>
</kw>
<kw name="Wait Until Element Is Visible" owner="SeleniumLibrary">
<arg>${cart_locator}</arg>
<doc>Waits until the element ``locator`` is visible.</doc>
<status status="PASS" start="2025-01-06T20:33:47.751131" elapsed="7.917894"/>
</kw>
<status status="PASS" start="2025-01-06T20:33:47.353831" elapsed="8.315194"/>
</kw>
<kw name="Sleep" owner="BuiltIn">
<msg time="2025-01-06T20:34:00.671188" level="INFO">Slept 5 seconds.</msg>
<arg>5</arg>
<doc>Pauses the test executed for the given time.</doc>
<status status="PASS" start="2025-01-06T20:33:55.670024" elapsed="5.001670"/>
</kw>
<kw name="Close Browser" owner="SeleniumLibrary" type="TEARDOWN">
<doc>Closes the current browser.</doc>
<status status="PASS" start="2025-01-06T20:34:00.673792" elapsed="3.849500"/>
</kw>
<status status="PASS" start="2025-01-06T20:33:42.793230" elapsed="21.731070"/>
</test>
<test id="s1-t3" name="Check the items displayed in the home page" line="23">
<kw name="Open the browser and launch the login page" owner="resources" type="SETUP">
<kw name="Create Dictionary" owner="BuiltIn">
<arg>screenshot_dir</arg>
<arg>E:\\Python\\robotFramework\\tests\\config/../reports/screenshots</arg>
<doc>Creates and returns a dictionary based on the given ``items``.</doc>
<status status="PASS" start="2025-01-06T20:34:04.537296" elapsed="0.001046"/>
</kw>
<kw name="Set Screenshot Directory" owner="SeleniumLibrary">
<arg>E:\\Python\\robotFramework\\tests\\config/../reports/screenshots</arg>
<doc>Sets the directory for captured screenshots.</doc>
<status status="PASS" start="2025-01-06T20:34:04.538946" elapsed="0.002101"/>
</kw>
<kw name="Run Keyword And Ignore Error" owner="BuiltIn">
<kw name="Set Selenium Timeout" owner="SeleniumLibrary">
<arg>5</arg>
<doc>Sets the timeout that is used by various keywords.</doc>
<status status="PASS" start="2025-01-06T20:34:04.544039" elapsed="0.002012"/>
</kw>
<arg>Set Selenium Timeout</arg>
<arg>5</arg>
<doc>Runs the given keyword with the given arguments and ignores possible error.</doc>
<status status="PASS" start="2025-01-06T20:34:04.542039" elapsed="0.004012"/>
</kw>
<kw name="Open Browser" owner="SeleniumLibrary">
<msg time="2025-01-06T20:34:04.549046" level="INFO">Opening browser 'chrome' to base url 'https://rahulshettyacademy.com/loginpagePractise/'.</msg>
<arg>${url}</arg>
<arg>chrome</arg>
<doc>Opens a new browser instance to the optional ``url``.</doc>
<status status="PASS" start="2025-01-06T20:34:04.547036" elapsed="3.954521"/>
</kw>
<kw name="Maximize Browser Window" owner="SeleniumLibrary">
<doc>Maximizes current browser window.</doc>
<status status="PASS" start="2025-01-06T20:34:08.503557" elapsed="0.042004"/>
</kw>
<kw name="Run Keyword And Ignore Error" owner="BuiltIn">
<kw name="Wait Until Page Contains Element" owner="SeleniumLibrary">
<arg>css:body</arg>
<arg>5</arg>
<doc>Waits until the element ``locator`` appears on the current page.</doc>
<status status="PASS" start="2025-01-06T20:34:08.549441" elapsed="0.020047"/>
</kw>
<msg time="2025-01-06T20:34:08.570488" level="INFO">${status} = PASS</msg>
<msg time="2025-01-06T20:34:08.571488" level="INFO">${error} = None</msg>
<var>${status}</var>
<var>${error}</var>
<arg>Wait Until Page Contains Element</arg>
<arg>css:body</arg>
<arg>5</arg>
<doc>Runs the given keyword with the given arguments and ignores possible error.</doc>
<status status="PASS" start="2025-01-06T20:34:08.547028" elapsed="0.024460"/>
</kw>
<kw name="Run Keyword If" owner="BuiltIn">
<arg>'${status}'=='FAIL'</arg>
<arg>Relaunch browser</arg>
<doc>Runs the given keyword with the given arguments, if ``condition`` is true.</doc>
<status status="PASS" start="2025-01-06T20:34:08.573488" elapsed="0.001000"/>
</kw>
<status status="PASS" start="2025-01-06T20:34:04.535296" elapsed="4.039192"/>
</kw>
<kw name="Login to home page" owner="login">
<kw name="Input Text" owner="SeleniumLibrary">
<msg time="2025-01-06T20:34:08.578487" level="INFO">Typing text 'rahulshettyacademy' into text field 'username'.</msg>
<arg>${username_locator}</arg>
<arg>${default_username}</arg>
<doc>Types the given ``text`` into the text field identified by ``locator``.</doc>
<status status="PASS" start="2025-01-06T20:34:08.577487" elapsed="0.170709"/>
</kw>
<kw name="Input Password" owner="SeleniumLibrary">
<msg time="2025-01-06T20:34:08.751292" level="INFO">Typing password into text field 'password'.</msg>
<msg time="2025-01-06T20:34:08.809191" level="INFO">Temporally setting log level to: NONE</msg>
<arg>${password_locator}</arg>
<arg>${default_password}</arg>
<doc>Types the given password into the text field identified by ``locator``.</doc>
<status status="PASS" start="2025-01-06T20:34:08.749276" elapsed="0.127063"/>
</kw>
<kw name="Click Button" owner="SeleniumLibrary">
<msg time="2025-01-06T20:34:08.878837" level="INFO">Clicking button 'signInBtn'.</msg>
<arg>${sign_in_locator}</arg>
<doc>Clicks the button identified by ``locator``.</doc>
<status status="PASS" start="2025-01-06T20:34:08.877339" elapsed="0.076226"/>
</kw>
<kw name="Wait Until Element Is Visible" owner="SeleniumLibrary">
<arg>${cart_locator}</arg>
<doc>Waits until the element ``locator`` is visible.</doc>
<status status="PASS" start="2025-01-06T20:34:08.954570" elapsed="5.106725"/>
</kw>
<status status="PASS" start="2025-01-06T20:34:08.575488" elapsed="5.486807"/>
</kw>
<kw name="The homepage should contain the items from the expected list" owner="home">
<kw name="Create List" owner="BuiltIn">
<msg time="2025-01-06T20:34:14.067294" level="INFO">${expected_list} = ['iphone X', 'Samsung Note 8', 'Nokia Edge', 'Blackberry']</msg>
<var>${expected_list}</var>
<arg>iphone X</arg>
<arg>Samsung Note 8</arg>
<arg>Nokia Edge</arg>
<arg>Blackberry</arg>
<doc>Returns a list containing given items.</doc>
<status status="PASS" start="2025-01-06T20:34:14.066295" elapsed="0.001999"/>
</kw>
<kw name="Get WebElements" owner="SeleniumLibrary">
<msg time="2025-01-06T20:34:14.088325" level="INFO">${cart_list_webElements} = [&lt;selenium.webdriver.remote.webelement.WebElement (session="a5426903e18d29216ae918f17ae9c36e", element="f.7FCCF38ED0EE966B8ECB0FEC509D19F3.d.AF759796CC13EC58CDB1A4C98926E497.e.84")&gt;, &lt;selenium.webdriv...</msg>
<var>${cart_list_webElements}</var>
<arg>${cart_title_locator}</arg>
<doc>Returns a list of WebElement objects matching the ``locator``.</doc>
<status status="PASS" start="2025-01-06T20:34:14.069294" elapsed="0.019031"/>
</kw>
<kw name="Create List" owner="BuiltIn">
<msg time="2025-01-06T20:34:14.090325" level="INFO">@{actual_list} = [ ]</msg>
<var>@{actual_list}</var>
<doc>Returns a list containing given items.</doc>
<status status="PASS" start="2025-01-06T20:34:14.089329" elapsed="0.000996"/>
</kw>
<for flavor="IN">
<iter>
<kw name="Get Text" owner="SeleniumLibrary">
<msg time="2025-01-06T20:34:14.113528" level="INFO">${item_title} = iphone X</msg>
<var>${item_title}</var>
<arg>${each_ele}</arg>
<doc>Returns the text value of the element identified by ``locator``.</doc>
<status status="PASS" start="2025-01-06T20:34:14.092324" elapsed="0.022213"/>
</kw>
<kw name="Append To List" owner="Collections">
<arg>${actual_list}</arg>
<arg>${item_title}</arg>
<doc>Adds ``values`` to the end of ``list``.</doc>
<status status="PASS" start="2025-01-06T20:34:14.115536" elapsed="0.000000"/>
</kw>
<var name="${each_ele}">&lt;selenium.webdriver.remote.webelement.WebElement (session="a5426903e18d29216ae918f17ae9c36e", element="f.7FCCF38ED0EE966B8ECB0FEC509D19F3.d.AF759796CC13EC58CDB1A4C98926E497.e.84")&gt;</var>
<status status="PASS" start="2025-01-06T20:34:14.091325" elapsed="0.025211"/>
</iter>
<iter>
<kw name="Get Text" owner="SeleniumLibrary">
<msg time="2025-01-06T20:34:14.132506" level="INFO">${item_title} = Samsung Note 8</msg>
<var>${item_title}</var>
<arg>${each_ele}</arg>
<doc>Returns the text value of the element identified by ``locator``.</doc>
<status status="PASS" start="2025-01-06T20:34:14.117536" elapsed="0.015967"/>
</kw>
<kw name="Append To List" owner="Collections">
<arg>${actual_list}</arg>
<arg>${item_title}</arg>
<doc>Adds ``values`` to the end of ``list``.</doc>
<status status="PASS" start="2025-01-06T20:34:14.133503" elapsed="0.001004"/>
</kw>
<var name="${each_ele}">&lt;selenium.webdriver.remote.webelement.WebElement (session="a5426903e18d29216ae918f17ae9c36e", element="f.7FCCF38ED0EE966B8ECB0FEC509D19F3.d.AF759796CC13EC58CDB1A4C98926E497.e.85")&gt;</var>
<status status="PASS" start="2025-01-06T20:34:14.116536" elapsed="0.018969"/>
</iter>
<iter>
<kw name="Get Text" owner="SeleniumLibrary">
<msg time="2025-01-06T20:34:14.153399" level="INFO">${item_title} = Nokia Edge</msg>
<var>${item_title}</var>
<arg>${each_ele}</arg>
<doc>Returns the text value of the element identified by ``locator``.</doc>
<status status="PASS" start="2025-01-06T20:34:14.136524" elapsed="0.016875"/>
</kw>
<kw name="Append To List" owner="Collections">
<arg>${actual_list}</arg>
<arg>${item_title}</arg>
<doc>Adds ``values`` to the end of ``list``.</doc>
<status status="PASS" start="2025-01-06T20:34:14.155404" elapsed="0.000997"/>
</kw>
<var name="${each_ele}">&lt;selenium.webdriver.remote.webelement.WebElement (session="a5426903e18d29216ae918f17ae9c36e", element="f.7FCCF38ED0EE966B8ECB0FEC509D19F3.d.AF759796CC13EC58CDB1A4C98926E497.e.86")&gt;</var>
<status status="PASS" start="2025-01-06T20:34:14.135505" elapsed="0.021895"/>
</iter>
<iter>
<kw name="Get Text" owner="SeleniumLibrary">
<msg time="2025-01-06T20:34:14.174402" level="INFO">${item_title} = Blackberry</msg>
<var>${item_title}</var>
<arg>${each_ele}</arg>
<doc>Returns the text value of the element identified by ``locator``.</doc>
<status status="PASS" start="2025-01-06T20:34:14.158399" elapsed="0.017010"/>
</kw>
<kw name="Append To List" owner="Collections">
<arg>${actual_list}</arg>
<arg>${item_title}</arg>
<doc>Adds ``values`` to the end of ``list``.</doc>
<status status="PASS" start="2025-01-06T20:34:14.176400" elapsed="0.001010"/>
</kw>
<var name="${each_ele}">&lt;selenium.webdriver.remote.webelement.WebElement (session="a5426903e18d29216ae918f17ae9c36e", element="f.7FCCF38ED0EE966B8ECB0FEC509D19F3.d.AF759796CC13EC58CDB1A4C98926E497.e.87")&gt;</var>
<status status="PASS" start="2025-01-06T20:34:14.158399" elapsed="0.019011"/>
</iter>
<var>${each_ele}</var>
<value>@{cart_list_webElements}</value>
<status status="PASS" start="2025-01-06T20:34:14.090325" elapsed="0.088089"/>
</for>
<kw name="Log" owner="BuiltIn">
<msg time="2025-01-06T20:34:14.180409" level="INFO">['iphone X', 'Samsung Note 8', 'Nokia Edge', 'Blackberry']</msg>
<arg>${actual_list}</arg>
<doc>Logs the given message with the given level.</doc>
<status status="PASS" start="2025-01-06T20:34:14.179409" elapsed="0.001000"/>
</kw>
<kw name="Log" owner="BuiltIn">
<msg time="2025-01-06T20:34:14.182401" level="INFO">['iphone X', 'Samsung Note 8', 'Nokia Edge', 'Blackberry']</msg>
<arg>${expected_list}</arg>
<doc>Logs the given message with the given level.</doc>
<status status="PASS" start="2025-01-06T20:34:14.181408" elapsed="0.000993"/>
</kw>
<kw name="Lists Should Be Equal" owner="Collections">
<arg>${actual_list}</arg>
<arg>${expected_list}</arg>
<doc>Fails if given lists are unequal.</doc>
<status status="PASS" start="2025-01-06T20:34:14.183402" elapsed="0.002002"/>
</kw>
<status status="PASS" start="2025-01-06T20:34:14.064299" elapsed="0.121105"/>
</kw>
<kw name="Close Browser" owner="SeleniumLibrary" type="TEARDOWN">
<doc>Closes the current browser.</doc>
<status status="PASS" start="2025-01-06T20:34:14.187399" elapsed="2.269739"/>
</kw>
<status status="PASS" start="2025-01-06T20:34:04.527296" elapsed="11.930836"/>
</test>
<test id="s1-t4" name="Verify the functionality for adding items to the cart" line="27">
<kw name="Open the browser and launch the login page" owner="resources" type="SETUP">
<kw name="Create Dictionary" owner="BuiltIn">
<arg>screenshot_dir</arg>
<arg>E:\\Python\\robotFramework\\tests\\config/../reports/screenshots</arg>
<doc>Creates and returns a dictionary based on the given ``items``.</doc>
<status status="PASS" start="2025-01-06T20:34:16.465132" elapsed="0.001000"/>
</kw>
<kw name="Set Screenshot Directory" owner="SeleniumLibrary">
<arg>E:\\Python\\robotFramework\\tests\\config/../reports/screenshots</arg>
<doc>Sets the directory for captured screenshots.</doc>
<status status="PASS" start="2025-01-06T20:34:16.467132" elapsed="0.001000"/>
</kw>
<kw name="Run Keyword And Ignore Error" owner="BuiltIn">
<kw name="Set Selenium Timeout" owner="SeleniumLibrary">
<arg>5</arg>
<doc>Sets the timeout that is used by various keywords.</doc>
<status status="PASS" start="2025-01-06T20:34:16.470132" elapsed="0.001264"/>
</kw>
<arg>Set Selenium Timeout</arg>
<arg>5</arg>
<doc>Runs the given keyword with the given arguments and ignores possible error.</doc>
<status status="PASS" start="2025-01-06T20:34:16.469132" elapsed="0.002264"/>
</kw>
<kw name="Open Browser" owner="SeleniumLibrary">
<msg time="2025-01-06T20:34:16.473566" level="INFO">Opening browser 'chrome' to base url 'https://rahulshettyacademy.com/loginpagePractise/'.</msg>
<arg>${url}</arg>
<arg>chrome</arg>
<doc>Opens a new browser instance to the optional ``url``.</doc>
<status status="PASS" start="2025-01-06T20:34:16.472396" elapsed="3.826965"/>
</kw>
<kw name="Maximize Browser Window" owner="SeleniumLibrary">
<doc>Maximizes current browser window.</doc>
<status status="PASS" start="2025-01-06T20:34:20.301946" elapsed="0.039938"/>
</kw>
<kw name="Run Keyword And Ignore Error" owner="BuiltIn">
<kw name="Wait Until Page Contains Element" owner="SeleniumLibrary">
<arg>css:body</arg>
<arg>5</arg>
<doc>Waits until the element ``locator`` appears on the current page.</doc>
<status status="PASS" start="2025-01-06T20:34:20.343887" elapsed="0.015458"/>
</kw>
<msg time="2025-01-06T20:34:20.360347" level="INFO">${status} = PASS</msg>
<msg time="2025-01-06T20:34:20.361347" level="INFO">${error} = None</msg>
<var>${status}</var>
<var>${error}</var>
<arg>Wait Until Page Contains Element</arg>
<arg>css:body</arg>
<arg>5</arg>
<doc>Runs the given keyword with the given arguments and ignores possible error.</doc>
<status status="PASS" start="2025-01-06T20:34:20.342884" elapsed="0.018463"/>
</kw>
<kw name="Run Keyword If" owner="BuiltIn">
<arg>'${status}'=='FAIL'</arg>
<arg>Relaunch browser</arg>
<doc>Runs the given keyword with the given arguments, if ``condition`` is true.</doc>
<status status="PASS" start="2025-01-06T20:34:20.362345" elapsed="0.001395"/>
</kw>
<status status="PASS" start="2025-01-06T20:34:16.463132" elapsed="3.901617"/>
</kw>
<kw name="Login to home page" owner="login">
<kw name="Input Text" owner="SeleniumLibrary">
<msg time="2025-01-06T20:34:20.367749" level="INFO">Typing text 'rahulshettyacademy' into text field 'username'.</msg>
<arg>${username_locator}</arg>
<arg>${default_username}</arg>
<doc>Types the given ``text`` into the text field identified by ``locator``.</doc>
<status status="PASS" start="2025-01-06T20:34:20.366748" elapsed="0.152423"/>
</kw>
<kw name="Input Password" owner="SeleniumLibrary">
<msg time="2025-01-06T20:34:20.523171" level="INFO">Typing password into text field 'password'.</msg>
<msg time="2025-01-06T20:34:20.566412" level="INFO">Temporally setting log level to: NONE</msg>
<arg>${password_locator}</arg>
<arg>${default_password}</arg>
<doc>Types the given password into the text field identified by ``locator``.</doc>
<status status="PASS" start="2025-01-06T20:34:20.521172" elapsed="0.091416"/>
</kw>
<kw name="Click Button" owner="SeleniumLibrary">
<msg time="2025-01-06T20:34:20.614590" level="INFO">Clicking button 'signInBtn'.</msg>
<arg>${sign_in_locator}</arg>
<doc>Clicks the button identified by ``locator``.</doc>
<status status="PASS" start="2025-01-06T20:34:20.613591" elapsed="0.070965"/>
</kw>
<kw name="Wait Until Element Is Visible" owner="SeleniumLibrary">
<arg>${cart_locator}</arg>
<doc>Waits until the element ``locator`` is visible.</doc>
<status status="PASS" start="2025-01-06T20:34:20.685556" elapsed="5.291456"/>
</kw>
<status status="PASS" start="2025-01-06T20:34:20.365749" elapsed="5.612263"/>
</kw>
<kw name="From the home page, check for the items in expected list and add it to the cart" owner="home">
<kw name="Create Dictionary" owner="BuiltIn">
<msg time="2025-01-06T20:34:25.983299" level="INFO">${item_dic} = {}</msg>
<var>${item_dic}</var>
<doc>Creates and returns a dictionary based on the given ``items``.</doc>
<status status="PASS" start="2025-01-06T20:34:25.982162" elapsed="0.001137"/>
</kw>
<kw name="Get WebElements" owner="SeleniumLibrary">
<msg time="2025-01-06T20:34:26.001854" level="INFO">${cart_list_webElements} = [&lt;selenium.webdriver.remote.webelement.WebElement (session="c8214c606d7e4c6464fa711bb4378c17", element="f.75B5A4523576767F0DDFBE6B718923DF.d.4EBC240DFD503B20164BF635E97609C9.e.96")&gt;, &lt;selenium.webdriv...</msg>
<var>${cart_list_webElements}</var>
<arg>${cart_title_locator}</arg>
<doc>Returns a list of WebElement objects matching the ``locator``.</doc>
<status status="PASS" start="2025-01-06T20:34:25.984386" elapsed="0.017468"/>
</kw>
<kw name="Set Variable" owner="BuiltIn">
<msg time="2025-01-06T20:34:26.005110" level="INFO">${index} = 1</msg>
<var>${index}</var>
<arg>1</arg>
<doc>Returns the given values which can then be assigned to a variables.</doc>
<status status="PASS" start="2025-01-06T20:34:26.004069" elapsed="0.001041"/>
</kw>
<for flavor="IN">
<iter>
<kw name="Get Text" owner="SeleniumLibrary">
<msg time="2025-01-06T20:34:26.026075" level="INFO">${item_title} = iphone X</msg>
<var>${item_title}</var>
<arg>${each_ele}</arg>
<doc>Returns the text value of the element identified by ``locator``.</doc>
<status status="PASS" start="2025-01-06T20:34:26.007314" elapsed="0.018761"/>
</kw>
<kw name="Set To Dictionary" owner="Collections">
<arg>${item_dic}</arg>
<arg>${item_title}=${index}</arg>
<doc>Adds the given ``key_value_pairs`` and/or ``items`` to the ``dictionary``.</doc>
<status status="PASS" start="2025-01-06T20:34:26.028075" elapsed="0.001000"/>
</kw>
<kw name="Evaluate" owner="BuiltIn">
<msg time="2025-01-06T20:34:26.030075" level="INFO">${index} = 2</msg>
<var>${index}</var>
<arg>${index}+1</arg>
<doc>Evaluates the given expression in Python and returns the result.</doc>
<status status="PASS" start="2025-01-06T20:34:26.030075" elapsed="0.000000"/>
</kw>
<var name="${each_ele}">&lt;selenium.webdriver.remote.webelement.WebElement (session="c8214c606d7e4c6464fa711bb4378c17", element="f.75B5A4523576767F0DDFBE6B718923DF.d.4EBC240DFD503B20164BF635E97609C9.e.96")&gt;</var>
<status status="PASS" start="2025-01-06T20:34:26.006114" elapsed="0.025433"/>
</iter>
<iter>
<kw name="Get Text" owner="SeleniumLibrary">
<msg time="2025-01-06T20:34:26.046003" level="INFO">${item_title} = Samsung Note 8</msg>
<var>${item_title}</var>
<arg>${each_ele}</arg>
<doc>Returns the text value of the element identified by ``locator``.</doc>
<status status="PASS" start="2025-01-06T20:34:26.032557" elapsed="0.013446"/>
</kw>
<kw name="Set To Dictionary" owner="Collections">
<arg>${item_dic}</arg>
<arg>${item_title}=${index}</arg>
<doc>Adds the given ``key_value_pairs`` and/or ``items`` to the ``dictionary``.</doc>
<status status="PASS" start="2025-01-06T20:34:26.047022" elapsed="0.002020"/>
</kw>
<kw name="Evaluate" owner="BuiltIn">
<msg time="2025-01-06T20:34:26.052324" level="INFO">${index} = 3</msg>
<var>${index}</var>
<arg>${index}+1</arg>
<doc>Evaluates the given expression in Python and returns the result.</doc>
<status status="PASS" start="2025-01-06T20:34:26.049042" elapsed="0.003282"/>
</kw>
<var name="${each_ele}">&lt;selenium.webdriver.remote.webelement.WebElement (session="c8214c606d7e4c6464fa711bb4378c17", element="f.75B5A4523576767F0DDFBE6B718923DF.d.4EBC240DFD503B20164BF635E97609C9.e.97")&gt;</var>
<status status="PASS" start="2025-01-06T20:34:26.031547" elapsed="0.021777"/>
</iter>
<iter>
<kw name="Get Text" owner="SeleniumLibrary">
<msg time="2025-01-06T20:34:26.067171" level="INFO">${item_title} = Nokia Edge</msg>
<var>${item_title}</var>
<arg>${each_ele}</arg>
<doc>Returns the text value of the element identified by ``locator``.</doc>
<status status="PASS" start="2025-01-06T20:34:26.055322" elapsed="0.011849"/>
</kw>
<kw name="Set To Dictionary" owner="Collections">
<arg>${item_dic}</arg>
<arg>${item_title}=${index}</arg>
<doc>Adds the given ``key_value_pairs`` and/or ``items`` to the ``dictionary``.</doc>
<status status="PASS" start="2025-01-06T20:34:26.068183" elapsed="0.002020"/>
</kw>
<kw name="Evaluate" owner="BuiltIn">
<msg time="2025-01-06T20:34:26.074124" level="INFO">${index} = 4</msg>
<var>${index}</var>
<arg>${index}+1</arg>
<doc>Evaluates the given expression in Python and returns the result.</doc>
<status status="PASS" start="2025-01-06T20:34:26.072118" elapsed="0.002006"/>
</kw>
<var name="${each_ele}">&lt;selenium.webdriver.remote.webelement.WebElement (session="c8214c606d7e4c6464fa711bb4378c17", element="f.75B5A4523576767F0DDFBE6B718923DF.d.4EBC240DFD503B20164BF635E97609C9.e.98")&gt;</var>
<status status="PASS" start="2025-01-06T20:34:26.054323" elapsed="0.019801"/>
</iter>
<iter>
<kw name="Get Text" owner="SeleniumLibrary">
<msg time="2025-01-06T20:34:26.086155" level="INFO">${item_title} = Blackberry</msg>
<var>${item_title}</var>
<arg>${each_ele}</arg>
<doc>Returns the text value of the element identified by ``locator``.</doc>
<status status="PASS" start="2025-01-06T20:34:26.075124" elapsed="0.011031"/>
</kw>
<kw name="Set To Dictionary" owner="Collections">
<arg>${item_dic}</arg>
<arg>${item_title}=${index}</arg>
<doc>Adds the given ``key_value_pairs`` and/or ``items`` to the ``dictionary``.</doc>
<status status="PASS" start="2025-01-06T20:34:26.087498" elapsed="0.001006"/>
</kw>
<kw name="Evaluate" owner="BuiltIn">
<msg time="2025-01-06T20:34:26.090678" level="INFO">${index} = 5</msg>
<var>${index}</var>
<arg>${index}+1</arg>
<doc>Evaluates the given expression in Python and returns the result.</doc>
<status status="PASS" start="2025-01-06T20:34:26.089666" elapsed="0.001012"/>
</kw>
<var name="${each_ele}">&lt;selenium.webdriver.remote.webelement.WebElement (session="c8214c606d7e4c6464fa711bb4378c17", element="f.75B5A4523576767F0DDFBE6B718923DF.d.4EBC240DFD503B20164BF635E97609C9.e.99")&gt;</var>
<status status="PASS" start="2025-01-06T20:34:26.075124" elapsed="0.015554"/>
</iter>
<var>${each_ele}</var>
<value>@{cart_list_webElements}</value>
<status status="PASS" start="2025-01-06T20:34:26.006114" elapsed="0.084564"/>
</for>
<for flavor="IN">
<iter>
<kw name="Set Variable" owner="BuiltIn">
<msg time="2025-01-06T20:34:26.092697" level="INFO">${dic_val_test} = 2</msg>
<var>${dic_val_test}</var>
<arg>${item_dic}[${element}]</arg>
<doc>Returns the given values which can then be assigned to a variables.</doc>
<status status="PASS" start="2025-01-06T20:34:26.092697" elapsed="0.000000"/>
</kw>
<kw name="Click Element" owner="SeleniumLibrary">
<msg time="2025-01-06T20:34:26.094716" level="INFO">Clicking element 'xpath:(//div[@class='card-footer'])[2]/button'.</msg>
<arg>xpath:(//div[@class='card-footer'])[${dic_val_test}]/button</arg>
<doc>Click the element identified by ``locator``.</doc>
<status status="PASS" start="2025-01-06T20:34:26.093706" elapsed="0.093294"/>
</kw>
<var name="${element}">Samsung Note 8</var>
<status status="PASS" start="2025-01-06T20:34:26.091687" elapsed="0.095313"/>
</iter>
<iter>
<kw name="Set Variable" owner="BuiltIn">
<msg time="2025-01-06T20:34:26.190594" level="INFO">${dic_val_test} = 4</msg>
<var>${dic_val_test}</var>
<arg>${item_dic}[${element}]</arg>
<doc>Returns the given values which can then be assigned to a variables.</doc>
<status status="PASS" start="2025-01-06T20:34:26.189589" elapsed="0.001005"/>
</kw>
<kw name="Click Element" owner="SeleniumLibrary">
<msg time="2025-01-06T20:34:26.192593" level="INFO">Clicking element 'xpath:(//div[@class='card-footer'])[4]/button'.</msg>
<arg>xpath:(//div[@class='card-footer'])[${dic_val_test}]/button</arg>
<doc>Click the element identified by ``locator``.</doc>
<status status="PASS" start="2025-01-06T20:34:26.191594" elapsed="0.089014"/>
</kw>
<var name="${element}">Blackberry</var>
<status status="PASS" start="2025-01-06T20:34:26.188260" elapsed="0.092348"/>
</iter>
<var>${element}</var>
<value>@{check_in_items}</value>
<status status="PASS" start="2025-01-06T20:34:26.091687" elapsed="0.188921"/>
</for>
<status status="PASS" start="2025-01-06T20:34:25.980012" elapsed="0.300596"/>
</kw>
<kw name="Go to the cart and verify the products" owner="cart">
<kw name="Click Element" owner="SeleniumLibrary">
<msg time="2025-01-06T20:34:26.283653" level="INFO">Clicking element 'xpath://a[contains(text(),'Checkout')]'.</msg>
<arg>xpath://a[contains(text(),'Checkout')]</arg>
<doc>Click the element identified by ``locator``.</doc>
<status status="PASS" start="2025-01-06T20:34:26.282633" elapsed="0.107756"/>
</kw>
<kw name="Wait Until Element Is Visible" owner="SeleniumLibrary">
<arg>xpath://button[contains(text(),'Checkout')]</arg>
<doc>Waits until the element ``locator`` is visible.</doc>
<status status="PASS" start="2025-01-06T20:34:26.391391" elapsed="0.027460"/>
</kw>
<kw name="Create List" owner="BuiltIn">
<msg time="2025-01-06T20:34:26.420860" level="INFO">@{cart_items} = [ ]</msg>
<var>@{cart_items}</var>
<doc>Returns a list containing given items.</doc>
<status status="PASS" start="2025-01-06T20:34:26.419851" elapsed="0.002242"/>
</kw>
<kw name="Get WebElements" owner="SeleniumLibrary">
<msg time="2025-01-06T20:34:26.439950" level="INFO">@{cart_item_webelements} = [ &lt;selenium.webdriver.remote.webelement.WebElement (session="c8214c606d7e4c6464fa711bb4378c17", element="f.75B5A4523576767F0DDFBE6B718923DF.d.4EBC240DFD503B20164BF635E97609C9.e.109")&gt; | &lt;selenium.webd...</msg>
<var>@{cart_item_webelements}</var>
<arg>xpath://h4[@class='media-heading']/a</arg>
<doc>Returns a list of WebElement objects matching the ``locator``.</doc>
<status status="PASS" start="2025-01-06T20:34:26.423098" elapsed="0.016852"/>
</kw>
<for flavor="IN">
<iter>
<kw name="Get Text" owner="SeleniumLibrary">
<msg time="2025-01-06T20:34:26.451059" level="INFO">${item_title} = Samsung Note 8</msg>
<var>${item_title}</var>
<arg>${cart_item}</arg>
<doc>Returns the text value of the element identified by ``locator``.</doc>
<status status="PASS" start="2025-01-06T20:34:26.440961" elapsed="0.011096"/>
</kw>
<kw name="Append To List" owner="Collections">
<arg>${cart_items}</arg>
<arg>${item_title}</arg>
<doc>Adds ``values`` to the end of ``list``.</doc>
<status status="PASS" start="2025-01-06T20:34:26.453058" elapsed="0.001344"/>
</kw>
<var name="${cart_item}">&lt;selenium.webdriver.remote.webelement.WebElement (session="c8214c606d7e4c6464fa711bb4378c17", element="f.75B5A4523576767F0DDFBE6B718923DF.d.4EBC240DFD503B20164BF635E97609C9.e.109")&gt;</var>
<status status="PASS" start="2025-01-06T20:34:26.440961" elapsed="0.013441"/>
</iter>
<iter>
<kw name="Get Text" owner="SeleniumLibrary">
<msg time="2025-01-06T20:34:26.466235" level="INFO">${item_title} = Blackberry</msg>
<var>${item_title}</var>
<arg>${cart_item}</arg>
<doc>Returns the text value of the element identified by ``locator``.</doc>
<status status="PASS" start="2025-01-06T20:34:26.455417" elapsed="0.010818"/>
</kw>
<kw name="Append To List" owner="Collections">
<arg>${cart_items}</arg>
<arg>${item_title}</arg>
<doc>Adds ``values`` to the end of ``list``.</doc>
<status status="PASS" start="2025-01-06T20:34:26.467245" elapsed="0.001063"/>
</kw>
<var name="${cart_item}">&lt;selenium.webdriver.remote.webelement.WebElement (session="c8214c606d7e4c6464fa711bb4378c17", element="f.75B5A4523576767F0DDFBE6B718923DF.d.4EBC240DFD503B20164BF635E97609C9.e.110")&gt;</var>
<status status="PASS" start="2025-01-06T20:34:26.455417" elapsed="0.012891"/>
</iter>
<var>${cart_item}</var>
<value>@{cart_item_webelements}</value>
<status status="PASS" start="2025-01-06T20:34:26.439950" elapsed="0.029377"/>
</for>
<kw name="Log" owner="BuiltIn">
<msg time="2025-01-06T20:34:26.471972" level="INFO">['Samsung Note 8', 'Blackberry']</msg>
<arg>${cart_items}</arg>
<doc>Logs the given message with the given level.</doc>
<status status="PASS" start="2025-01-06T20:34:26.470481" elapsed="0.001491"/>
</kw>
<kw name="Lists Should Be Equal" owner="Collections">
<arg>${cart_items}</arg>
<arg>${check_in_items}</arg>
<doc>Fails if given lists are unequal.</doc>
<status status="PASS" start="2025-01-06T20:34:26.472986" elapsed="0.001007"/>
</kw>
<status status="PASS" start="2025-01-06T20:34:26.281621" elapsed="0.192372"/>
</kw>
<kw name="Close Browser" owner="SeleniumLibrary" type="TEARDOWN">
<doc>Closes the current browser.</doc>
<status status="PASS" start="2025-01-06T20:34:26.476004" elapsed="2.296759"/>
</kw>
<status status="PASS" start="2025-01-06T20:34:16.459132" elapsed="12.314810"/>
</test>
<test id="s1-t5" name="Verify the login form data fields" line="31">
<kw name="Open the browser and launch the login page" owner="resources" type="SETUP">
<kw name="Create Dictionary" owner="BuiltIn">
<arg>screenshot_dir</arg>
<arg>E:\\Python\\robotFramework\\tests\\config/../reports/screenshots</arg>
<doc>Creates and returns a dictionary based on the given ``items``.</doc>
<status status="PASS" start="2025-01-06T20:34:28.780634" elapsed="0.001070"/>
</kw>
<kw name="Set Screenshot Directory" owner="SeleniumLibrary">
<arg>E:\\Python\\robotFramework\\tests\\config/../reports/screenshots</arg>
<doc>Sets the directory for captured screenshots.</doc>
<status status="PASS" start="2025-01-06T20:34:28.782798" elapsed="0.001107"/>
</kw>
<kw name="Run Keyword And Ignore Error" owner="BuiltIn">
<kw name="Set Selenium Timeout" owner="SeleniumLibrary">
<arg>5</arg>
<doc>Sets the timeout that is used by various keywords.</doc>
<status status="PASS" start="2025-01-06T20:34:28.787099" elapsed="0.000997"/>
</kw>
<arg>Set Selenium Timeout</arg>
<arg>5</arg>
<doc>Runs the given keyword with the given arguments and ignores possible error.</doc>
<status status="PASS" start="2025-01-06T20:34:28.784997" elapsed="0.004325"/>
</kw>
<kw name="Open Browser" owner="SeleniumLibrary">
<msg time="2025-01-06T20:34:28.792440" level="INFO">Opening browser 'chrome' to base url 'https://rahulshettyacademy.com/loginpagePractise/'.</msg>
<arg>${url}</arg>
<arg>chrome</arg>
<doc>Opens a new browser instance to the optional ``url``.</doc>
<status status="PASS" start="2025-01-06T20:34:28.790369" elapsed="4.802307"/>
</kw>
<kw name="Maximize Browser Window" owner="SeleniumLibrary">
<doc>Maximizes current browser window.</doc>
<status status="PASS" start="2025-01-06T20:34:33.594016" elapsed="0.045302"/>
</kw>
<kw name="Run Keyword And Ignore Error" owner="BuiltIn">
<kw name="Wait Until Page Contains Element" owner="SeleniumLibrary">
<arg>css:body</arg>
<arg>5</arg>
<doc>Waits until the element ``locator`` appears on the current page.</doc>
<status status="PASS" start="2025-01-06T20:34:33.642317" elapsed="0.020061"/>
</kw>
<msg time="2025-01-06T20:34:33.663384" level="INFO">${status} = PASS</msg>
<msg time="2025-01-06T20:34:33.663384" level="INFO">${error} = None</msg>
<var>${status}</var>
<var>${error}</var>
<arg>Wait Until Page Contains Element</arg>
<arg>css:body</arg>
<arg>5</arg>
<doc>Runs the given keyword with the given arguments and ignores possible error.</doc>
<status status="PASS" start="2025-01-06T20:34:33.640318" elapsed="0.023066"/>
</kw>
<kw name="Run Keyword If" owner="BuiltIn">
<arg>'${status}'=='FAIL'</arg>
<arg>Relaunch browser</arg>
<doc>Runs the given keyword with the given arguments, if ``condition`` is true.</doc>
<status status="PASS" start="2025-01-06T20:34:33.665842" elapsed="0.001999"/>
</kw>
<status status="PASS" start="2025-01-06T20:34:28.778362" elapsed="4.890480"/>
</kw>
<kw name="Enter username and password" owner="login">
<kw name="Input Text" owner="SeleniumLibrary">
<msg time="2025-01-06T20:34:33.676400" level="INFO">Typing text 'rahulshettyacademy' into text field 'username'.</msg>
<arg>${username_locator}</arg>
<arg>${user_name}</arg>
<doc>Types the given ``text`` into the text field identified by ``locator``.</doc>
<status status="PASS" start="2025-01-06T20:34:33.674390" elapsed="0.154525"/>
</kw>
<kw name="Input Password" owner="SeleniumLibrary">
<msg time="2025-01-06T20:34:33.831913" level="INFO">Typing password into text field 'password'.</msg>
<msg time="2025-01-06T20:34:33.867543" level="INFO">Temporally setting log level to: NONE</msg>
<arg>${password_locator}</arg>
<arg>${password}</arg>
<doc>Types the given password into the text field identified by ``locator``.</doc>
<status status="PASS" start="2025-01-06T20:34:33.829913" elapsed="0.079282"/>
</kw>
<status status="PASS" start="2025-01-06T20:34:33.670870" elapsed="0.238325"/>
</kw>
<kw name="Select user radio button" owner="login">
<kw name="Select Radio Button" owner="SeleniumLibrary">
<msg time="2025-01-06T20:34:33.912310" level="INFO">Selecting 'user' from radio button 'radio'.</msg>
<arg>radio</arg>
<arg>user</arg>
<doc>Sets the radio button group ``group_name`` to ``value``.</doc>
<status status="PASS" start="2025-01-06T20:34:33.911239" elapsed="0.079688"/>
</kw>
<kw name="Wait Until Element Is Visible" owner="SeleniumLibrary">
<arg>okayBtn</arg>
<doc>Waits until the element ``locator`` is visible.</doc>
<status status="PASS" start="2025-01-06T20:34:33.992926" elapsed="0.263399"/>
</kw>
<kw name="Click Element" owner="SeleniumLibrary">
<msg time="2025-01-06T20:34:34.260413" level="INFO">Clicking element 'okayBtn'.</msg>
<arg>okayBtn</arg>
<doc>Click the element identified by ``locator``.</doc>
<status status="PASS" start="2025-01-06T20:34:34.258414" elapsed="0.104853"/>
</kw>
<kw name="Wait Until Element Is Not Visible" owner="SeleniumLibrary">
<arg>okayBtn</arg>
<doc>Waits until the element ``locator`` is not visible.</doc>
<status status="PASS" start="2025-01-06T20:34:34.364267" elapsed="0.243309"/>
</kw>
<kw name="Radio Button Should Be Set To" owner="SeleniumLibrary">
<msg time="2025-01-06T20:34:34.608577" level="INFO">Verifying radio button 'radio' has selection 'user'.</msg>
<arg>radio</arg>
<arg>user</arg>
<doc>Verifies radio button group ``group_name`` is set to ``value``.</doc>
<status status="PASS" start="2025-01-06T20:34:34.608577" elapsed="0.039871"/>
</kw>
<status status="PASS" start="2025-01-06T20:34:33.910217" elapsed="0.739232"/>
</kw>
<kw name="Select Teacher from the dropdown box" owner="login">
<kw name="Select From List By Value" owner="SeleniumLibrary">
<msg time="2025-01-06T20:34:34.653369" level="INFO">Selecting options from selection list 'css:Select.form-control' by value teach.</msg>
<arg>css:Select.form-control</arg>
<arg>teach</arg>
<doc>Selects options from selection list ``locator`` by ``values``.</doc>
<status status="PASS" start="2025-01-06T20:34:34.652444" elapsed="0.095411"/>
</kw>
<status status="PASS" start="2025-01-06T20:34:34.650444" elapsed="0.097411"/>
</kw>
<kw name="Check the agreement box" owner="login">
<kw name="Select Checkbox" owner="SeleniumLibrary">
<msg time="2025-01-06T20:34:34.750932" level="INFO">Selecting checkbox 'terms'.</msg>
<arg>terms</arg>
<doc>Selects the checkbox identified by ``locator``.</doc>
<status status="PASS" start="2025-01-06T20:34:34.749934" elapsed="0.095180"/>
</kw>
<kw name="Checkbox Should Be Selected" owner="SeleniumLibrary">
<msg time="2025-01-06T20:34:34.846114" level="INFO">Verifying checkbox 'terms' is selected.</msg>
<arg>terms</arg>
<doc>Verifies checkbox ``locator`` is selected/checked.</doc>
<status status="PASS" start="2025-01-06T20:34:34.846114" elapsed="0.027403"/>
</kw>
<status status="PASS" start="2025-01-06T20:34:34.748854" elapsed="0.125691"/>
</kw>
<kw name="Click Signin and user should successfully login" owner="login">
<kw name="Click Button" owner="SeleniumLibrary">
<msg time="2025-01-06T20:34:34.877598" level="INFO">Clicking button 'signInBtn'.</msg>
<arg>signInBtn</arg>
<doc>Clicks the button identified by ``locator``.</doc>
<status status="PASS" start="2025-01-06T20:34:34.876581" elapsed="0.098189"/>
</kw>
<kw name="Wait Until Element Is Visible" owner="SeleniumLibrary">
<arg>xpath://a[contains(text(),'Checkout')]</arg>
<doc>Waits until the element ``locator`` is visible.</doc>
<status status="PASS" start="2025-01-06T20:34:34.975869" elapsed="5.124226"/>
</kw>
<status status="PASS" start="2025-01-06T20:34:34.875564" elapsed="5.224531"/>
</kw>
<kw name="Close Browser" owner="SeleniumLibrary" type="TEARDOWN">
<doc>Closes the current browser.</doc>
<status status="PASS" start="2025-01-06T20:34:40.101094" elapsed="2.287109"/>
</kw>
<status status="PASS" start="2025-01-06T20:34:28.775943" elapsed="13.613171"/>
</test>
<status status="PASS" start="2025-01-06T20:33:09.442304" elapsed="92.950815"/>
</suite>
<statistics>
<total>
<stat pass="5" fail="0" skip="0">All Tests</stat>
</total>
<tag>
</tag>
<suite>
<stat pass="5" fail="0" skip="0" id="s1" name="testDemo1">testDemo1</stat>
</suite>
</statistics>
<errors>
</errors>
</robot>
