<?xml version="1.0" encoding="UTF-8"?>
<robot generator="Robot 7.1.1 (Python 3.12.1 on win32)" generated="2025-01-06T17:06:12.692061" rpa="false" schemaversion="5">
<suite id="s1" name="testDemo1" source="E:\Python\robotFramework\tests\testDemo1.robot">
<test id="s1-t1" name="Parameterised Test case" line="13">
<kw name="Open the browser and launch the login page" owner="resources" type="SETUP">
<kw name="Create Dictionary" owner="BuiltIn">
<arg>screenshot_dir</arg>
<arg>E:\\Python\\robotFramework\\tests\\config/../reports/screenshots</arg>
<doc>Creates and returns a dictionary based on the given ``items``.</doc>
<status status="NOT RUN" start="2025-01-06T17:06:14.239603" elapsed="0.000000"/>
</kw>
<kw name="Set Screenshot Directory" owner="SeleniumLibrary">
<arg>E:\\Python\\robotFramework\\tests\\config/../reports/screenshots</arg>
<doc>Sets the directory for captured screenshots.</doc>
<status status="NOT RUN" start="2025-01-06T17:06:14.239603" elapsed="0.000925"/>
</kw>
<kw name="Run Keyword And Ignore Error" owner="BuiltIn">
<kw name="Set Selenium Timeout" owner="SeleniumLibrary">
<arg>5</arg>
<doc>Sets the timeout that is used by various keywords.</doc>
<status status="NOT RUN" start="2025-01-06T17:06:14.240528" elapsed="0.000000"/>
</kw>
<arg>Set Selenium Timeout</arg>
<arg>5</arg>
<doc>Runs the given keyword with the given arguments and ignores possible error.</doc>
<status status="NOT RUN" start="2025-01-06T17:06:14.240528" elapsed="0.000000"/>
</kw>
<kw name="Open Browser" owner="SeleniumLibrary">
<arg>${url}</arg>
<arg>chrome</arg>
<doc>Opens a new browser instance to the optional ``url``.</doc>
<status status="NOT RUN" start="2025-01-06T17:06:14.240528" elapsed="0.000000"/>
</kw>
<kw name="Maximize Browser Window" owner="SeleniumLibrary">
<doc>Maximizes current browser window.</doc>
<status status="NOT RUN" start="2025-01-06T17:06:14.240528" elapsed="0.000000"/>
</kw>
<kw name="Run Keyword And Ignore Error" owner="BuiltIn">
<kw name="Wait Until Page Contains Element" owner="SeleniumLibrary">
<arg>css:body</arg>
<arg>5</arg>
<doc>Waits until the element ``locator`` appears on the current page.</doc>
<status status="NOT RUN" start="2025-01-06T17:06:14.241528" elapsed="0.000000"/>
</kw>
<var>${status}</var>
<var>${error}</var>
<arg>Wait Until Page Contains Element</arg>
<arg>css:body</arg>
<arg>5</arg>
<doc>Runs the given keyword with the given arguments and ignores possible error.</doc>
<status status="NOT RUN" start="2025-01-06T17:06:14.241528" elapsed="0.000000"/>
</kw>
<kw name="Run Keyword If" owner="BuiltIn">
<kw name="Relaunch browser" owner="resources">
<kw name="Log" owner="BuiltIn">
<arg>Relaunching the browser as it fails to load</arg>
<doc>Logs the given message with the given level.</doc>
<status status="NOT RUN" start="2025-01-06T17:06:14.242528" elapsed="0.000000"/>
</kw>
<kw name="Close Browser" owner="SeleniumLibrary">
<doc>Closes the current browser.</doc>
<status status="NOT RUN" start="2025-01-06T17:06:14.242528" elapsed="0.000000"/>
</kw>
<kw name="Open Browser" owner="SeleniumLibrary">
<arg>${url}</arg>
<arg>chrome</arg>
<doc>Opens a new browser instance to the optional ``url``.</doc>
<status status="NOT RUN" start="2025-01-06T17:06:14.242528" elapsed="0.000000"/>
</kw>
<kw name="Maximize Browser Window" owner="SeleniumLibrary">
<doc>Maximizes current browser window.</doc>
<status status="NOT RUN" start="2025-01-06T17:06:14.242528" elapsed="0.000000"/>
</kw>
<status status="PASS" start="2025-01-06T17:06:14.241528" elapsed="0.001000"/>
</kw>
<arg>'${status}'=='FAIL'</arg>
<arg>Relaunch browser</arg>
<doc>Runs the given keyword with the given arguments, if ``condition`` is true.</doc>
<status status="NOT RUN" start="2025-01-06T17:06:14.241528" elapsed="0.001000"/>
</kw>
<status status="PASS" start="2025-01-06T17:06:14.228525" elapsed="0.014003"/>
</kw>
<kw name="Check the unsucessful login scnearios" owner="login">
<kw name="Enter username and password" owner="login">
<kw name="Input Text" owner="SeleniumLibrary">
<arg>${username_locator}</arg>
<arg>${user_name}</arg>
<doc>Types the given ``text`` into the text field identified by ``locator``.</doc>
<status status="NOT RUN" start="2025-01-06T17:06:14.244609" elapsed="0.000000"/>
</kw>
<kw name="Input Password" owner="SeleniumLibrary">
<arg>${password_locator}</arg>
<arg>${password}</arg>
<doc>Types the given password into the text field identified by ``locator``.</doc>
<status status="NOT RUN" start="2025-01-06T17:06:14.244609" elapsed="0.000000"/>
</kw>
<arg>${username_parameterised}</arg>
<arg>${password_parameterised}</arg>
<status status="PASS" start="2025-01-06T17:06:14.243528" elapsed="0.001081"/>
</kw>
<kw name="Click Button" owner="SeleniumLibrary">
<arg>signInBtn</arg>
<doc>Clicks the button identified by ``locator``.</doc>
<status status="NOT RUN" start="2025-01-06T17:06:14.244609" elapsed="0.000000"/>
</kw>
<kw name="Wait Until Element Is Visible" owner="SeleniumLibrary">
<arg>${incorrect_login_msg_locator}</arg>
<doc>Waits until the element ``locator`` is visible.</doc>
<status status="NOT RUN" start="2025-01-06T17:06:14.244609" elapsed="0.000000"/>
</kw>
<kw name="Get Text" owner="SeleniumLibrary">
<var>${unsuccessful_msg}</var>
<arg>${incorrect_login_msg_locator}</arg>
<doc>Returns the text value of the element identified by ``locator``.</doc>
<status status="NOT RUN" start="2025-01-06T17:06:14.244609" elapsed="0.000000"/>
</kw>
<kw name="Sleep" owner="BuiltIn">
<arg>5</arg>
<doc>Pauses the test executed for the given time.</doc>
<status status="NOT RUN" start="2025-01-06T17:06:14.245606" elapsed="0.000000"/>
</kw>
<kw name="Validate the error message" owner="login">
<kw name="Log" owner="BuiltIn">
<arg>${unsuccessful_msg}</arg>
<doc>Logs the given message with the given level.</doc>
<status status="NOT RUN" start="2025-01-06T17:06:14.245606" elapsed="0.000000"/>
</kw>
<kw name="Should Be Equal As Strings" owner="BuiltIn">
<arg>${unsuccessful_msg}</arg>
<arg>${expected_alert_message}</arg>
<doc>Fails if objects are unequal after converting them to strings.</doc>
<status status="NOT RUN" start="2025-01-06T17:06:14.245606" elapsed="0.000000"/>
</kw>
<arg>${unsuccessful_msg}</arg>
<status status="PASS" start="2025-01-06T17:06:14.245606" elapsed="0.000000"/>
</kw>
<arg>scp</arg>
<arg>learning</arg>
<status status="PASS" start="2025-01-06T17:06:14.243528" elapsed="0.002078"/>
</kw>
<kw name="Check the unsucessful login scnearios" owner="login">
<kw name="Enter username and password" owner="login">
<kw name="Input Text" owner="SeleniumLibrary">
<arg>${username_locator}</arg>
<arg>${user_name}</arg>
<doc>Types the given ``text`` into the text field identified by ``locator``.</doc>
<status status="NOT RUN" start="2025-01-06T17:06:14.246576" elapsed="0.000000"/>
</kw>
<kw name="Input Password" owner="SeleniumLibrary">
<arg>${password_locator}</arg>
<arg>${password}</arg>
<doc>Types the given password into the text field identified by ``locator``.</doc>
<status status="NOT RUN" start="2025-01-06T17:06:14.247525" elapsed="0.000000"/>
</kw>
<arg>${username_parameterised}</arg>
<arg>${password_parameterised}</arg>
<status status="PASS" start="2025-01-06T17:06:14.246576" elapsed="0.000949"/>
</kw>
<kw name="Click Button" owner="SeleniumLibrary">
<arg>signInBtn</arg>
<doc>Clicks the button identified by ``locator``.</doc>
<status status="NOT RUN" start="2025-01-06T17:06:14.247525" elapsed="0.000000"/>
</kw>
<kw name="Wait Until Element Is Visible" owner="SeleniumLibrary">
<arg>${incorrect_login_msg_locator}</arg>
<doc>Waits until the element ``locator`` is visible.</doc>
<status status="NOT RUN" start="2025-01-06T17:06:14.247525" elapsed="0.000000"/>
</kw>
<kw name="Get Text" owner="SeleniumLibrary">
<var>${unsuccessful_msg}</var>
<arg>${incorrect_login_msg_locator}</arg>
<doc>Returns the text value of the element identified by ``locator``.</doc>
<status status="NOT RUN" start="2025-01-06T17:06:14.247525" elapsed="0.000000"/>
</kw>
<kw name="Sleep" owner="BuiltIn">
<arg>5</arg>
<doc>Pauses the test executed for the given time.</doc>
<status status="NOT RUN" start="2025-01-06T17:06:14.247525" elapsed="0.000000"/>
</kw>
<kw name="Validate the error message" owner="login">
<kw name="Log" owner="BuiltIn">
<arg>${unsuccessful_msg}</arg>
<doc>Logs the given message with the given level.</doc>
<status status="NOT RUN" start="2025-01-06T17:06:14.248603" elapsed="0.000000"/>
</kw>
<kw name="Should Be Equal As Strings" owner="BuiltIn">
<arg>${unsuccessful_msg}</arg>
<arg>${expected_alert_message}</arg>
<doc>Fails if objects are unequal after converting them to strings.</doc>
<status status="NOT RUN" start="2025-01-06T17:06:14.248603" elapsed="0.000000"/>
</kw>
<arg>${unsuccessful_msg}</arg>
<status status="PASS" start="2025-01-06T17:06:14.248603" elapsed="0.000000"/>
</kw>
<arg>rahulshettyacademy</arg>
<arg>kjndsj</arg>
<status status="PASS" start="2025-01-06T17:06:14.246576" elapsed="0.002027"/>
</kw>
<kw name="Check the unsucessful login scnearios" owner="login">
<kw name="Enter username and password" owner="login">
<kw name="Input Text" owner="SeleniumLibrary">
<arg>${username_locator}</arg>
<arg>${user_name}</arg>
<doc>Types the given ``text`` into the text field identified by ``locator``.</doc>
<status status="NOT RUN" start="2025-01-06T17:06:14.249563" elapsed="0.000000"/>
</kw>
<kw name="Input Password" owner="SeleniumLibrary">
<arg>${password_locator}</arg>
<arg>${password}</arg>
<doc>Types the given password into the text field identified by ``locator``.</doc>
<status status="NOT RUN" start="2025-01-06T17:06:14.249563" elapsed="0.000000"/>
</kw>
<arg>${username_parameterised}</arg>
<arg>${password_parameterised}</arg>
<status status="PASS" start="2025-01-06T17:06:14.249563" elapsed="0.000000"/>
</kw>
<kw name="Click Button" owner="SeleniumLibrary">
<arg>signInBtn</arg>
<doc>Clicks the button identified by ``locator``.</doc>
<status status="NOT RUN" start="2025-01-06T17:06:14.249563" elapsed="0.000000"/>
</kw>
<kw name="Wait Until Element Is Visible" owner="SeleniumLibrary">
<arg>${incorrect_login_msg_locator}</arg>
<doc>Waits until the element ``locator`` is visible.</doc>
<status status="NOT RUN" start="2025-01-06T17:06:14.249563" elapsed="0.000000"/>
</kw>
<kw name="Get Text" owner="SeleniumLibrary">
<var>${unsuccessful_msg}</var>
<arg>${incorrect_login_msg_locator}</arg>
<doc>Returns the text value of the element identified by ``locator``.</doc>
<status status="NOT RUN" start="2025-01-06T17:06:14.249563" elapsed="0.000000"/>
</kw>
<kw name="Sleep" owner="BuiltIn">
<arg>5</arg>
<doc>Pauses the test executed for the given time.</doc>
<status status="NOT RUN" start="2025-01-06T17:06:14.250603" elapsed="0.000000"/>
</kw>
<kw name="Validate the error message" owner="login">
<kw name="Log" owner="BuiltIn">
<arg>${unsuccessful_msg}</arg>
<doc>Logs the given message with the given level.</doc>
<status status="NOT RUN" start="2025-01-06T17:06:14.250603" elapsed="0.000000"/>
</kw>
<kw name="Should Be Equal As Strings" owner="BuiltIn">
<arg>${unsuccessful_msg}</arg>
<arg>${expected_alert_message}</arg>
<doc>Fails if objects are unequal after converting them to strings.</doc>
<status status="NOT RUN" start="2025-01-06T17:06:14.250603" elapsed="0.000000"/>
</kw>
<arg>${unsuccessful_msg}</arg>
<status status="PASS" start="2025-01-06T17:06:14.250603" elapsed="0.000000"/>
</kw>
<arg>@3$</arg>
<arg>sdfbhd</arg>
<status status="PASS" start="2025-01-06T17:06:14.248603" elapsed="0.002000"/>
</kw>
<kw name="Close Browser" owner="SeleniumLibrary" type="TEARDOWN">
<doc>Closes the current browser.</doc>
<status status="NOT RUN" start="2025-01-06T17:06:14.251560" elapsed="0.000000"/>
</kw>
<status status="PASS" start="2025-01-06T17:06:14.228525" elapsed="0.023035"/>
</test>
<test id="s1-t2" name="Check whether the cart is displayed in the home page" line="20">
<kw name="Open the browser and launch the login page" owner="resources" type="SETUP">
<kw name="Create Dictionary" owner="BuiltIn">
<arg>screenshot_dir</arg>
<arg>E:\\Python\\robotFramework\\tests\\config/../reports/screenshots</arg>
<doc>Creates and returns a dictionary based on the given ``items``.</doc>
<status status="NOT RUN" start="2025-01-06T17:06:14.252526" elapsed="0.000999"/>
</kw>
<kw name="Set Screenshot Directory" owner="SeleniumLibrary">
<arg>E:\\Python\\robotFramework\\tests\\config/../reports/screenshots</arg>
<doc>Sets the directory for captured screenshots.</doc>
<status status="NOT RUN" start="2025-01-06T17:06:14.253525" elapsed="0.000000"/>
</kw>
<kw name="Run Keyword And Ignore Error" owner="BuiltIn">
<kw name="Set Selenium Timeout" owner="SeleniumLibrary">
<arg>5</arg>
<doc>Sets the timeout that is used by various keywords.</doc>
<status status="NOT RUN" start="2025-01-06T17:06:14.253525" elapsed="0.000000"/>
</kw>
<arg>Set Selenium Timeout</arg>
<arg>5</arg>
<doc>Runs the given keyword with the given arguments and ignores possible error.</doc>
<status status="NOT RUN" start="2025-01-06T17:06:14.253525" elapsed="0.000000"/>
</kw>
<kw name="Open Browser" owner="SeleniumLibrary">
<arg>${url}</arg>
<arg>chrome</arg>
<doc>Opens a new browser instance to the optional ``url``.</doc>
<status status="NOT RUN" start="2025-01-06T17:06:14.254525" elapsed="0.000000"/>
</kw>
<kw name="Maximize Browser Window" owner="SeleniumLibrary">
<doc>Maximizes current browser window.</doc>
<status status="NOT RUN" start="2025-01-06T17:06:14.254525" elapsed="0.000000"/>
</kw>
<kw name="Run Keyword And Ignore Error" owner="BuiltIn">
<kw name="Wait Until Page Contains Element" owner="SeleniumLibrary">
<arg>css:body</arg>
<arg>5</arg>
<doc>Waits until the element ``locator`` appears on the current page.</doc>
<status status="NOT RUN" start="2025-01-06T17:06:14.254525" elapsed="0.000000"/>
</kw>
<var>${status}</var>
<var>${error}</var>
<arg>Wait Until Page Contains Element</arg>
<arg>css:body</arg>
<arg>5</arg>
<doc>Runs the given keyword with the given arguments and ignores possible error.</doc>
<status status="NOT RUN" start="2025-01-06T17:06:14.254525" elapsed="0.001000"/>
</kw>
<kw name="Run Keyword If" owner="BuiltIn">
<kw name="Relaunch browser" owner="resources">
<kw name="Log" owner="BuiltIn">
<arg>Relaunching the browser as it fails to load</arg>
<doc>Logs the given message with the given level.</doc>
<status status="NOT RUN" start="2025-01-06T17:06:14.255525" elapsed="0.000000"/>
</kw>
<kw name="Close Browser" owner="SeleniumLibrary">
<doc>Closes the current browser.</doc>
<status status="NOT RUN" start="2025-01-06T17:06:14.256525" elapsed="0.000000"/>
</kw>
<kw name="Open Browser" owner="SeleniumLibrary">
<arg>${url}</arg>
<arg>chrome</arg>
<doc>Opens a new browser instance to the optional ``url``.</doc>
<status status="NOT RUN" start="2025-01-06T17:06:14.256525" elapsed="0.000000"/>
</kw>
<kw name="Maximize Browser Window" owner="SeleniumLibrary">
<doc>Maximizes current browser window.</doc>
<status status="NOT RUN" start="2025-01-06T17:06:14.256525" elapsed="0.000000"/>
</kw>
<status status="PASS" start="2025-01-06T17:06:14.255525" elapsed="0.001000"/>
</kw>
<arg>'${status}'=='FAIL'</arg>
<arg>Relaunch browser</arg>
<doc>Runs the given keyword with the given arguments, if ``condition`` is true.</doc>
<status status="NOT RUN" start="2025-01-06T17:06:14.255525" elapsed="0.001000"/>
</kw>
<status status="PASS" start="2025-01-06T17:06:14.252526" elapsed="0.003999"/>
</kw>
<kw name="Login to home page" owner="login">
<kw name="Input Text" owner="SeleniumLibrary">
<arg>${username_locator}</arg>
<arg>${default_username}</arg>
<doc>Types the given ``text`` into the text field identified by ``locator``.</doc>
<status status="NOT RUN" start="2025-01-06T17:06:14.257525" elapsed="0.000000"/>
</kw>
<kw name="Input Password" owner="SeleniumLibrary">
<arg>${password_locator}</arg>
<arg>${default_password}</arg>
<doc>Types the given password into the text field identified by ``locator``.</doc>
<status status="NOT RUN" start="2025-01-06T17:06:14.257525" elapsed="0.000000"/>
</kw>
<kw name="Click Button" owner="SeleniumLibrary">
<arg>${sign_in_locator}</arg>
<doc>Clicks the button identified by ``locator``.</doc>
<status status="NOT RUN" start="2025-01-06T17:06:14.257525" elapsed="0.001001"/>
</kw>
<kw name="Wait Until Element Is Visible" owner="SeleniumLibrary">
<arg>${cart_locator}</arg>
<doc>Waits until the element ``locator`` is visible.</doc>
<status status="NOT RUN" start="2025-01-06T17:06:14.258526" elapsed="0.000000"/>
</kw>
<status status="PASS" start="2025-01-06T17:06:14.257525" elapsed="0.001001"/>
</kw>
<kw name="Sleep" owner="BuiltIn">
<arg>5</arg>
<doc>Pauses the test executed for the given time.</doc>
<status status="NOT RUN" start="2025-01-06T17:06:14.258526" elapsed="0.000000"/>
</kw>
<kw name="Close Browser" owner="SeleniumLibrary" type="TEARDOWN">
<doc>Closes the current browser.</doc>
<status status="NOT RUN" start="2025-01-06T17:06:14.258526" elapsed="0.000000"/>
</kw>
<status status="PASS" start="2025-01-06T17:06:14.251560" elapsed="0.006966"/>
</test>
<test id="s1-t3" name="Check the items displayed in the home page" line="23">
<kw name="Open the browser and launch the login page" owner="resources" type="SETUP">
<kw name="Create Dictionary" owner="BuiltIn">
<arg>screenshot_dir</arg>
<arg>E:\\Python\\robotFramework\\tests\\config/../reports/screenshots</arg>
<doc>Creates and returns a dictionary based on the given ``items``.</doc>
<status status="NOT RUN" start="2025-01-06T17:06:14.260599" elapsed="0.000000"/>
</kw>
<kw name="Set Screenshot Directory" owner="SeleniumLibrary">
<arg>E:\\Python\\robotFramework\\tests\\config/../reports/screenshots</arg>
<doc>Sets the directory for captured screenshots.</doc>
<status status="NOT RUN" start="2025-01-06T17:06:14.260599" elapsed="0.000000"/>
</kw>
<kw name="Run Keyword And Ignore Error" owner="BuiltIn">
<kw name="Set Selenium Timeout" owner="SeleniumLibrary">
<arg>5</arg>
<doc>Sets the timeout that is used by various keywords.</doc>
<status status="NOT RUN" start="2025-01-06T17:06:14.260599" elapsed="0.000000"/>
</kw>
<arg>Set Selenium Timeout</arg>
<arg>5</arg>
<doc>Runs the given keyword with the given arguments and ignores possible error.</doc>
<status status="NOT RUN" start="2025-01-06T17:06:14.260599" elapsed="0.000000"/>
</kw>
<kw name="Open Browser" owner="SeleniumLibrary">
<arg>${url}</arg>
<arg>chrome</arg>
<doc>Opens a new browser instance to the optional ``url``.</doc>
<status status="NOT RUN" start="2025-01-06T17:06:14.260599" elapsed="0.000000"/>
</kw>
<kw name="Maximize Browser Window" owner="SeleniumLibrary">
<doc>Maximizes current browser window.</doc>
<status status="NOT RUN" start="2025-01-06T17:06:14.260599" elapsed="0.000000"/>
</kw>
<kw name="Run Keyword And Ignore Error" owner="BuiltIn">
<kw name="Wait Until Page Contains Element" owner="SeleniumLibrary">
<arg>css:body</arg>
<arg>5</arg>
<doc>Waits until the element ``locator`` appears on the current page.</doc>
<status status="NOT RUN" start="2025-01-06T17:06:14.261637" elapsed="0.000000"/>
</kw>
<var>${status}</var>
<var>${error}</var>
<arg>Wait Until Page Contains Element</arg>
<arg>css:body</arg>
<arg>5</arg>
<doc>Runs the given keyword with the given arguments and ignores possible error.</doc>
<status status="NOT RUN" start="2025-01-06T17:06:14.261637" elapsed="0.000000"/>
</kw>
<kw name="Run Keyword If" owner="BuiltIn">
<kw name="Relaunch browser" owner="resources">
<kw name="Log" owner="BuiltIn">
<arg>Relaunching the browser as it fails to load</arg>
<doc>Logs the given message with the given level.</doc>
<status status="NOT RUN" start="2025-01-06T17:06:14.261637" elapsed="0.000000"/>
</kw>
<kw name="Close Browser" owner="SeleniumLibrary">
<doc>Closes the current browser.</doc>
<status status="NOT RUN" start="2025-01-06T17:06:14.261637" elapsed="0.001005"/>
</kw>
<kw name="Open Browser" owner="SeleniumLibrary">
<arg>${url}</arg>
<arg>chrome</arg>
<doc>Opens a new browser instance to the optional ``url``.</doc>
<status status="NOT RUN" start="2025-01-06T17:06:14.262642" elapsed="0.000000"/>
</kw>
<kw name="Maximize Browser Window" owner="SeleniumLibrary">
<doc>Maximizes current browser window.</doc>
<status status="NOT RUN" start="2025-01-06T17:06:14.262642" elapsed="0.000000"/>
</kw>
<status status="PASS" start="2025-01-06T17:06:14.261637" elapsed="0.001005"/>
</kw>
<arg>'${status}'=='FAIL'</arg>
<arg>Relaunch browser</arg>
<doc>Runs the given keyword with the given arguments, if ``condition`` is true.</doc>
<status status="NOT RUN" start="2025-01-06T17:06:14.261637" elapsed="0.001005"/>
</kw>
<status status="PASS" start="2025-01-06T17:06:14.259556" elapsed="0.003086"/>
</kw>
<kw name="Login to home page" owner="login">
<kw name="Input Text" owner="SeleniumLibrary">
<arg>${username_locator}</arg>
<arg>${default_username}</arg>
<doc>Types the given ``text`` into the text field identified by ``locator``.</doc>
<status status="NOT RUN" start="2025-01-06T17:06:14.263560" elapsed="0.000000"/>
</kw>
<kw name="Input Password" owner="SeleniumLibrary">
<arg>${password_locator}</arg>
<arg>${default_password}</arg>
<doc>Types the given password into the text field identified by ``locator``.</doc>
<status status="NOT RUN" start="2025-01-06T17:06:14.263560" elapsed="0.000000"/>
</kw>
<kw name="Click Button" owner="SeleniumLibrary">
<arg>${sign_in_locator}</arg>
<doc>Clicks the button identified by ``locator``.</doc>
<status status="NOT RUN" start="2025-01-06T17:06:14.263560" elapsed="0.000000"/>
</kw>
<kw name="Wait Until Element Is Visible" owner="SeleniumLibrary">
<arg>${cart_locator}</arg>
<doc>Waits until the element ``locator`` is visible.</doc>
<status status="NOT RUN" start="2025-01-06T17:06:14.263560" elapsed="0.000000"/>
</kw>
<status status="PASS" start="2025-01-06T17:06:14.262642" elapsed="0.000918"/>
</kw>
<kw name="The homepage should contain the items from the expected list" owner="home">
<kw name="Create List" owner="BuiltIn">
<var>${expected_list}</var>
<arg>iphone X</arg>
<arg>Samsung Note 8</arg>
<arg>Nokia Edge</arg>
<arg>Blackberry</arg>
<doc>Returns a list containing given items.</doc>
<status status="NOT RUN" start="2025-01-06T17:06:14.264560" elapsed="0.000000"/>
</kw>
<kw name="Get WebElements" owner="SeleniumLibrary">
<var>${cart_list_webElements}</var>
<arg>${cart_title_locator}</arg>
<doc>Returns a list of WebElement objects matching the ``locator``.</doc>
<status status="NOT RUN" start="2025-01-06T17:06:14.264560" elapsed="0.000000"/>
</kw>
<kw name="Create List" owner="BuiltIn">
<var>@{actual_list}</var>
<doc>Returns a list containing given items.</doc>
<status status="NOT RUN" start="2025-01-06T17:06:14.264560" elapsed="0.000000"/>
</kw>
<for flavor="IN">
<iter>
<kw name="Get Text" owner="SeleniumLibrary">
<var>${item_title}</var>
<arg>${each_ele}</arg>
<doc>Returns the text value of the element identified by ``locator``.</doc>
<status status="NOT RUN" start="2025-01-06T17:06:14.264560" elapsed="0.000000"/>
</kw>
<kw name="Append To List" owner="Collections">
<arg>${actual_list}</arg>
<arg>${item_title}</arg>
<doc>Adds ``values`` to the end of ``list``.</doc>
<status status="NOT RUN" start="2025-01-06T17:06:14.265597" elapsed="0.000000"/>
</kw>
<var name="${each_ele}"/>
<status status="PASS" start="2025-01-06T17:06:14.264560" elapsed="0.001037"/>
</iter>
<var>${each_ele}</var>
<value>@{cart_list_webElements}</value>
<status status="PASS" start="2025-01-06T17:06:14.264560" elapsed="0.001037"/>
</for>
<kw name="Log" owner="BuiltIn">
<arg>${actual_list}</arg>
<doc>Logs the given message with the given level.</doc>
<status status="NOT RUN" start="2025-01-06T17:06:14.265597" elapsed="0.000000"/>
</kw>
<kw name="Log" owner="BuiltIn">
<arg>${expected_list}</arg>
<doc>Logs the given message with the given level.</doc>
<status status="NOT RUN" start="2025-01-06T17:06:14.265597" elapsed="0.000000"/>
</kw>
<kw name="Lists Should Be Equal" owner="Collections">
<arg>${actual_list}</arg>
<arg>${expected_list}</arg>
<doc>Fails if given lists are unequal.</doc>
<status status="NOT RUN" start="2025-01-06T17:06:14.265597" elapsed="0.000000"/>
</kw>
<status status="PASS" start="2025-01-06T17:06:14.264560" elapsed="0.001037"/>
</kw>
<kw name="Close Browser" owner="SeleniumLibrary" type="TEARDOWN">
<doc>Closes the current browser.</doc>
<status status="NOT RUN" start="2025-01-06T17:06:14.266640" elapsed="0.000000"/>
</kw>
<status status="PASS" start="2025-01-06T17:06:14.259556" elapsed="0.007084"/>
</test>
<test id="s1-t4" name="Verify the functionality for adding items to the cart" line="27">
<kw name="Open the browser and launch the login page" owner="resources" type="SETUP">
<kw name="Create Dictionary" owner="BuiltIn">
<arg>screenshot_dir</arg>
<arg>E:\\Python\\robotFramework\\tests\\config/../reports/screenshots</arg>
<doc>Creates and returns a dictionary based on the given ``items``.</doc>
<status status="NOT RUN" start="2025-01-06T17:06:14.267560" elapsed="0.000000"/>
</kw>
<kw name="Set Screenshot Directory" owner="SeleniumLibrary">
<arg>E:\\Python\\robotFramework\\tests\\config/../reports/screenshots</arg>
<doc>Sets the directory for captured screenshots.</doc>
<status status="NOT RUN" start="2025-01-06T17:06:14.268640" elapsed="0.000000"/>
</kw>
<kw name="Run Keyword And Ignore Error" owner="BuiltIn">
<kw name="Set Selenium Timeout" owner="SeleniumLibrary">
<arg>5</arg>
<doc>Sets the timeout that is used by various keywords.</doc>
<status status="NOT RUN" start="2025-01-06T17:06:14.268640" elapsed="0.000000"/>
</kw>
<arg>Set Selenium Timeout</arg>
<arg>5</arg>
<doc>Runs the given keyword with the given arguments and ignores possible error.</doc>
<status status="NOT RUN" start="2025-01-06T17:06:14.268640" elapsed="0.000000"/>
</kw>
<kw name="Open Browser" owner="SeleniumLibrary">
<arg>${url}</arg>
<arg>chrome</arg>
<doc>Opens a new browser instance to the optional ``url``.</doc>
<status status="NOT RUN" start="2025-01-06T17:06:14.268640" elapsed="0.000000"/>
</kw>
<kw name="Maximize Browser Window" owner="SeleniumLibrary">
<doc>Maximizes current browser window.</doc>
<status status="NOT RUN" start="2025-01-06T17:06:14.269566" elapsed="0.000000"/>
</kw>
<kw name="Run Keyword And Ignore Error" owner="BuiltIn">
<kw name="Wait Until Page Contains Element" owner="SeleniumLibrary">
<arg>css:body</arg>
<arg>5</arg>
<doc>Waits until the element ``locator`` appears on the current page.</doc>
<status status="NOT RUN" start="2025-01-06T17:06:14.269566" elapsed="0.000000"/>
</kw>
<var>${status}</var>
<var>${error}</var>
<arg>Wait Until Page Contains Element</arg>
<arg>css:body</arg>
<arg>5</arg>
<doc>Runs the given keyword with the given arguments and ignores possible error.</doc>
<status status="NOT RUN" start="2025-01-06T17:06:14.269566" elapsed="0.000000"/>
</kw>
<kw name="Run Keyword If" owner="BuiltIn">
<kw name="Relaunch browser" owner="resources">
<kw name="Log" owner="BuiltIn">
<arg>Relaunching the browser as it fails to load</arg>
<doc>Logs the given message with the given level.</doc>
<status status="NOT RUN" start="2025-01-06T17:06:14.270567" elapsed="0.000000"/>
</kw>
<kw name="Close Browser" owner="SeleniumLibrary">
<doc>Closes the current browser.</doc>
<status status="NOT RUN" start="2025-01-06T17:06:14.270567" elapsed="0.000000"/>
</kw>
<kw name="Open Browser" owner="SeleniumLibrary">
<arg>${url}</arg>
<arg>chrome</arg>
<doc>Opens a new browser instance to the optional ``url``.</doc>
<status status="NOT RUN" start="2025-01-06T17:06:14.270567" elapsed="0.000000"/>
</kw>
<kw name="Maximize Browser Window" owner="SeleniumLibrary">
<doc>Maximizes current browser window.</doc>
<status status="NOT RUN" start="2025-01-06T17:06:14.270567" elapsed="0.000000"/>
</kw>
<status status="PASS" start="2025-01-06T17:06:14.269566" elapsed="0.001001"/>
</kw>
<arg>'${status}'=='FAIL'</arg>
<arg>Relaunch browser</arg>
<doc>Runs the given keyword with the given arguments, if ``condition`` is true.</doc>
<status status="NOT RUN" start="2025-01-06T17:06:14.269566" elapsed="0.001001"/>
</kw>
<status status="PASS" start="2025-01-06T17:06:14.267560" elapsed="0.003007"/>
</kw>
<kw name="Login to home page" owner="login">
<kw name="Input Text" owner="SeleniumLibrary">
<arg>${username_locator}</arg>
<arg>${default_username}</arg>
<doc>Types the given ``text`` into the text field identified by ``locator``.</doc>
<status status="NOT RUN" start="2025-01-06T17:06:14.271561" elapsed="0.000000"/>
</kw>
<kw name="Input Password" owner="SeleniumLibrary">
<arg>${password_locator}</arg>
<arg>${default_password}</arg>
<doc>Types the given password into the text field identified by ``locator``.</doc>
<status status="NOT RUN" start="2025-01-06T17:06:14.271561" elapsed="0.000000"/>
</kw>
<kw name="Click Button" owner="SeleniumLibrary">
<arg>${sign_in_locator}</arg>
<doc>Clicks the button identified by ``locator``.</doc>
<status status="NOT RUN" start="2025-01-06T17:06:14.271561" elapsed="0.000000"/>
</kw>
<kw name="Wait Until Element Is Visible" owner="SeleniumLibrary">
<arg>${cart_locator}</arg>
<doc>Waits until the element ``locator`` is visible.</doc>
<status status="NOT RUN" start="2025-01-06T17:06:14.271561" elapsed="0.000000"/>
</kw>
<status status="PASS" start="2025-01-06T17:06:14.271561" elapsed="0.000000"/>
</kw>
<kw name="From the home page, check for the items in expected list and add it to the cart" owner="home">
<kw name="Create Dictionary" owner="BuiltIn">
<var>${item_dic}</var>
<doc>Creates and returns a dictionary based on the given ``items``.</doc>
<status status="NOT RUN" start="2025-01-06T17:06:14.272565" elapsed="0.000000"/>
</kw>
<kw name="Get WebElements" owner="SeleniumLibrary">
<var>${cart_list_webElements}</var>
<arg>${cart_title_locator}</arg>
<doc>Returns a list of WebElement objects matching the ``locator``.</doc>
<status status="NOT RUN" start="2025-01-06T17:06:14.272565" elapsed="0.000000"/>
</kw>
<kw name="Set Variable" owner="BuiltIn">
<var>${index}</var>
<arg>1</arg>
<doc>Returns the given values which can then be assigned to a variables.</doc>
<status status="NOT RUN" start="2025-01-06T17:06:14.272565" elapsed="0.000000"/>
</kw>
<for flavor="IN">
<iter>
<kw name="Get Text" owner="SeleniumLibrary">
<var>${item_title}</var>
<arg>${each_ele}</arg>
<doc>Returns the text value of the element identified by ``locator``.</doc>
<status status="NOT RUN" start="2025-01-06T17:06:14.272565" elapsed="0.000000"/>
</kw>
<kw name="Set To Dictionary" owner="Collections">
<arg>${item_dic}</arg>
<arg>${item_title}=${index}</arg>
<doc>Adds the given ``key_value_pairs`` and/or ``items`` to the ``dictionary``.</doc>
<status status="NOT RUN" start="2025-01-06T17:06:14.272565" elapsed="0.000000"/>
</kw>
<kw name="Evaluate" owner="BuiltIn">
<var>${index}</var>
<arg>${index}+1</arg>
<doc>Evaluates the given expression in Python and returns the result.</doc>
<status status="NOT RUN" start="2025-01-06T17:06:14.272565" elapsed="0.000000"/>
</kw>
<var name="${each_ele}"/>
<status status="PASS" start="2025-01-06T17:06:14.272565" elapsed="0.001002"/>
</iter>
<var>${each_ele}</var>
<value>@{cart_list_webElements}</value>
<status status="PASS" start="2025-01-06T17:06:14.272565" elapsed="0.001002"/>
</for>
<for flavor="IN">
<iter>
<kw name="Set Variable" owner="BuiltIn">
<var>${dic_val_test}</var>
<arg>${item_dic}[${element}]</arg>
<doc>Returns the given values which can then be assigned to a variables.</doc>
<status status="NOT RUN" start="2025-01-06T17:06:14.273567" elapsed="0.000000"/>
</kw>
<kw name="Click Element" owner="SeleniumLibrary">
<arg>xpath:(//div[@class='card-footer'])[${dic_val_test}]/button</arg>
<doc>Click the element identified by ``locator``.</doc>
<status status="NOT RUN" start="2025-01-06T17:06:14.273567" elapsed="0.000000"/>
</kw>
<var name="${element}"/>
<status status="PASS" start="2025-01-06T17:06:14.273567" elapsed="0.000000"/>
</iter>
<var>${element}</var>
<value>@{check_in_items}</value>
<status status="PASS" start="2025-01-06T17:06:14.273567" elapsed="0.000000"/>
</for>
<status status="PASS" start="2025-01-06T17:06:14.271561" elapsed="0.002006"/>
</kw>
<kw name="Go to the cart and verify the products" owner="cart">
<kw name="Click Element" owner="SeleniumLibrary">
<arg>xpath://a[contains(text(),'Checkout')]</arg>
<doc>Click the element identified by ``locator``.</doc>
<status status="NOT RUN" start="2025-01-06T17:06:14.273567" elapsed="0.000998"/>
</kw>
<kw name="Wait Until Element Is Visible" owner="SeleniumLibrary">
<arg>xpath://button[contains(text(),'Checkout')]</arg>
<doc>Waits until the element ``locator`` is visible.</doc>
<status status="NOT RUN" start="2025-01-06T17:06:14.274565" elapsed="0.000000"/>
</kw>
<kw name="Create List" owner="BuiltIn">
<var>@{cart_items}</var>
<doc>Returns a list containing given items.</doc>
<status status="NOT RUN" start="2025-01-06T17:06:14.274565" elapsed="0.000000"/>
</kw>
<kw name="Get WebElements" owner="SeleniumLibrary">
<var>@{cart_item_webelements}</var>
<arg>xpath://h4[@class='media-heading']/a</arg>
<doc>Returns a list of WebElement objects matching the ``locator``.</doc>
<status status="NOT RUN" start="2025-01-06T17:06:14.274565" elapsed="0.000000"/>
</kw>
<for flavor="IN">
<iter>
<kw name="Get Text" owner="SeleniumLibrary">
<var>${item_title}</var>
<arg>${cart_item}</arg>
<doc>Returns the text value of the element identified by ``locator``.</doc>
<status status="NOT RUN" start="2025-01-06T17:06:14.274565" elapsed="0.000000"/>
</kw>
<kw name="Append To List" owner="Collections">
<arg>${cart_items}</arg>
<arg>${item_title}</arg>
<doc>Adds ``values`` to the end of ``list``.</doc>
<status status="NOT RUN" start="2025-01-06T17:06:14.274565" elapsed="0.000000"/>
</kw>
<var name="${cart_item}"/>
<status status="PASS" start="2025-01-06T17:06:14.274565" elapsed="0.000000"/>
</iter>
<var>${cart_item}</var>
<value>@{cart_item_webelements}</value>
<status status="PASS" start="2025-01-06T17:06:14.274565" elapsed="0.000000"/>
</for>
<kw name="Log" owner="BuiltIn">
<arg>${cart_items}</arg>
<doc>Logs the given message with the given level.</doc>
<status status="NOT RUN" start="2025-01-06T17:06:14.274565" elapsed="0.000000"/>
</kw>
<kw name="Lists Should Be Equal" owner="Collections">
<arg>${cart_items}</arg>
<arg>${check_in_items}</arg>
<doc>Fails if given lists are unequal.</doc>
<status status="NOT RUN" start="2025-01-06T17:06:14.275565" elapsed="0.000000"/>
</kw>
<status status="PASS" start="2025-01-06T17:06:14.273567" elapsed="0.001998"/>
</kw>
<kw name="Close Browser" owner="SeleniumLibrary" type="TEARDOWN">
<doc>Closes the current browser.</doc>
<status status="NOT RUN" start="2025-01-06T17:06:14.275565" elapsed="0.000000"/>
</kw>
<status status="PASS" start="2025-01-06T17:06:14.267560" elapsed="0.008005"/>
</test>
<test id="s1-t5" name="Verify the login form data fields" line="31">
<kw name="Open the browser and launch the login page" owner="resources" type="SETUP">
<kw name="Create Dictionary" owner="BuiltIn">
<arg>screenshot_dir</arg>
<arg>E:\\Python\\robotFramework\\tests\\config/../reports/screenshots</arg>
<doc>Creates and returns a dictionary based on the given ``items``.</doc>
<status status="NOT RUN" start="2025-01-06T17:06:14.276565" elapsed="0.000000"/>
</kw>
<kw name="Set Screenshot Directory" owner="SeleniumLibrary">
<arg>E:\\Python\\robotFramework\\tests\\config/../reports/screenshots</arg>
<doc>Sets the directory for captured screenshots.</doc>
<status status="NOT RUN" start="2025-01-06T17:06:14.276565" elapsed="0.000000"/>
</kw>
<kw name="Run Keyword And Ignore Error" owner="BuiltIn">
<kw name="Set Selenium Timeout" owner="SeleniumLibrary">
<arg>5</arg>
<doc>Sets the timeout that is used by various keywords.</doc>
<status status="NOT RUN" start="2025-01-06T17:06:14.276565" elapsed="0.000000"/>
</kw>
<arg>Set Selenium Timeout</arg>
<arg>5</arg>
<doc>Runs the given keyword with the given arguments and ignores possible error.</doc>
<status status="NOT RUN" start="2025-01-06T17:06:14.276565" elapsed="0.000000"/>
</kw>
<kw name="Open Browser" owner="SeleniumLibrary">
<arg>${url}</arg>
<arg>chrome</arg>
<doc>Opens a new browser instance to the optional ``url``.</doc>
<status status="NOT RUN" start="2025-01-06T17:06:14.277566" elapsed="0.000000"/>
</kw>
<kw name="Maximize Browser Window" owner="SeleniumLibrary">
<doc>Maximizes current browser window.</doc>
<status status="NOT RUN" start="2025-01-06T17:06:14.277566" elapsed="0.000000"/>
</kw>
<kw name="Run Keyword And Ignore Error" owner="BuiltIn">
<kw name="Wait Until Page Contains Element" owner="SeleniumLibrary">
<arg>css:body</arg>
<arg>5</arg>
<doc>Waits until the element ``locator`` appears on the current page.</doc>
<status status="NOT RUN" start="2025-01-06T17:06:14.277566" elapsed="0.000000"/>
</kw>
<var>${status}</var>
<var>${error}</var>
<arg>Wait Until Page Contains Element</arg>
<arg>css:body</arg>
<arg>5</arg>
<doc>Runs the given keyword with the given arguments and ignores possible error.</doc>
<status status="NOT RUN" start="2025-01-06T17:06:14.277566" elapsed="0.000000"/>
</kw>
<kw name="Run Keyword If" owner="BuiltIn">
<kw name="Relaunch browser" owner="resources">
<kw name="Log" owner="BuiltIn">
<arg>Relaunching the browser as it fails to load</arg>
<doc>Logs the given message with the given level.</doc>
<status status="NOT RUN" start="2025-01-06T17:06:14.277566" elapsed="0.000000"/>
</kw>
<kw name="Close Browser" owner="SeleniumLibrary">
<doc>Closes the current browser.</doc>
<status status="NOT RUN" start="2025-01-06T17:06:14.278566" elapsed="0.000000"/>
</kw>
<kw name="Open Browser" owner="SeleniumLibrary">
<arg>${url}</arg>
<arg>chrome</arg>
<doc>Opens a new browser instance to the optional ``url``.</doc>
<status status="NOT RUN" start="2025-01-06T17:06:14.278566" elapsed="0.000000"/>
</kw>
<kw name="Maximize Browser Window" owner="SeleniumLibrary">
<doc>Maximizes current browser window.</doc>
<status status="NOT RUN" start="2025-01-06T17:06:14.278566" elapsed="0.000000"/>
</kw>
<status status="PASS" start="2025-01-06T17:06:14.277566" elapsed="0.001000"/>
</kw>
<arg>'${status}'=='FAIL'</arg>
<arg>Relaunch browser</arg>
<doc>Runs the given keyword with the given arguments, if ``condition`` is true.</doc>
<status status="NOT RUN" start="2025-01-06T17:06:14.277566" elapsed="0.001000"/>
</kw>
<status status="PASS" start="2025-01-06T17:06:14.276565" elapsed="0.002001"/>
</kw>
<kw name="Enter username and password" owner="login">
<kw name="Input Text" owner="SeleniumLibrary">
<arg>${username_locator}</arg>
<arg>${user_name}</arg>
<doc>Types the given ``text`` into the text field identified by ``locator``.</doc>
<status status="NOT RUN" start="2025-01-06T17:06:14.278566" elapsed="0.000000"/>
</kw>
<kw name="Input Password" owner="SeleniumLibrary">
<arg>${password_locator}</arg>
<arg>${password}</arg>
<doc>Types the given password into the text field identified by ``locator``.</doc>
<status status="NOT RUN" start="2025-01-06T17:06:14.278566" elapsed="0.000000"/>
</kw>
<status status="PASS" start="2025-01-06T17:06:14.278566" elapsed="0.000000"/>
</kw>
<kw name="Select user radio button" owner="login">
<kw name="Select Radio Button" owner="SeleniumLibrary">
<arg>radio</arg>
<arg>user</arg>
<doc>Sets the radio button group ``group_name`` to ``value``.</doc>
<status status="NOT RUN" start="2025-01-06T17:06:14.279565" elapsed="0.000000"/>
</kw>
<kw name="Wait Until Element Is Visible" owner="SeleniumLibrary">
<arg>okayBtn</arg>
<doc>Waits until the element ``locator`` is visible.</doc>
<status status="NOT RUN" start="2025-01-06T17:06:14.279565" elapsed="0.000000"/>
</kw>
<kw name="Click Element" owner="SeleniumLibrary">
<arg>okayBtn</arg>
<doc>Click the element identified by ``locator``.</doc>
<status status="NOT RUN" start="2025-01-06T17:06:14.279565" elapsed="0.000000"/>
</kw>
<kw name="Wait Until Element Is Not Visible" owner="SeleniumLibrary">
<arg>okayBtn</arg>
<doc>Waits until the element ``locator`` is not visible.</doc>
<status status="NOT RUN" start="2025-01-06T17:06:14.279565" elapsed="0.000000"/>
</kw>
<kw name="Radio Button Should Be Set To" owner="SeleniumLibrary">
<arg>radio</arg>
<arg>user</arg>
<doc>Verifies radio button group ``group_name`` is set to ``value``.</doc>
<status status="NOT RUN" start="2025-01-06T17:06:14.279565" elapsed="0.000000"/>
</kw>
<status status="PASS" start="2025-01-06T17:06:14.279565" elapsed="0.001005"/>
</kw>
<kw name="Select Teacher from the dropdown box" owner="login">
<kw name="Select From List By Value" owner="SeleniumLibrary">
<arg>css:Select.form-control</arg>
<arg>teach</arg>
<doc>Selects options from selection list ``locator`` by ``values``.</doc>
<status status="NOT RUN" start="2025-01-06T17:06:14.280570" elapsed="0.000000"/>
</kw>
<status status="PASS" start="2025-01-06T17:06:14.280570" elapsed="0.000000"/>
</kw>
<kw name="Check the agreement box" owner="login">
<kw name="Select Checkbox" owner="SeleniumLibrary">
<arg>terms</arg>
<doc>Selects the checkbox identified by ``locator``.</doc>
<status status="NOT RUN" start="2025-01-06T17:06:14.281767" elapsed="0.000000"/>
</kw>
<kw name="Checkbox Should Be Selected" owner="SeleniumLibrary">
<arg>terms</arg>
<doc>Verifies checkbox ``locator`` is selected/checked.</doc>
<status status="NOT RUN" start="2025-01-06T17:06:14.281767" elapsed="0.000000"/>
</kw>
<status status="PASS" start="2025-01-06T17:06:14.280570" elapsed="0.001197"/>
</kw>
<kw name="Click Signin and user should successfully login" owner="login">
<kw name="Click Button" owner="SeleniumLibrary">
<arg>signInBtn</arg>
<doc>Clicks the button identified by ``locator``.</doc>
<status status="NOT RUN" start="2025-01-06T17:06:14.282774" elapsed="0.000000"/>
</kw>
<kw name="Wait Until Element Is Visible" owner="SeleniumLibrary">
<arg>xpath://a[contains(text(),'Checkout')]</arg>
<doc>Waits until the element ``locator`` is visible.</doc>
<status status="NOT RUN" start="2025-01-06T17:06:14.282774" elapsed="0.000000"/>
</kw>
<status status="PASS" start="2025-01-06T17:06:14.281767" elapsed="0.001007"/>
</kw>
<kw name="Close Browser" owner="SeleniumLibrary" type="TEARDOWN">
<doc>Closes the current browser.</doc>
<status status="NOT RUN" start="2025-01-06T17:06:14.282774" elapsed="0.000000"/>
</kw>
<status status="PASS" start="2025-01-06T17:06:14.275565" elapsed="0.007209"/>
</test>
<status status="PASS" start="2025-01-06T17:06:12.718517" elapsed="1.565257"/>
</suite>
<statistics>
<total>
<stat pass="5" fail="0" skip="0">All Tests</stat>
</total>
<tag>
</tag>
<suite>
<stat pass="5" fail="0" skip="0" id="s1" name="testDemo1">testDemo1</stat>
</suite>
</statistics>
<errors>
</errors>
</robot>
