<?xml version="1.0" encoding="UTF-8"?>
<robot generator="Robot 7.1.1 (Python 3.12.1 on win32)" generated="2025-01-06T21:39:08.178450" rpa="false" schemaversion="5">
<suite id="s1" name="Tests" source="E:\Python\robotFramework\tests">
<suite id="s1-s1" name="testDemo2" source="E:\Python\robotFramework\tests\testDemo2.robot">
<test id="s1-s1-t1" name="Invalid username" line="19">
<kw name="Open the browser and launch the login page" owner="resources" type="SETUP">
<kw name="Create Dictionary" owner="BuiltIn">
<arg>screenshot_dir</arg>
<arg>E:\\Python\\robotFramework\\tests\\config/../reports/screenshots</arg>
<doc>Creates and returns a dictionary based on the given ``items``.</doc>
<status status="PASS" start="2025-01-06T21:39:08.632743" elapsed="0.001001"/>
</kw>
<kw name="Set Screenshot Directory" owner="SeleniumLibrary">
<arg>E:\\Python\\robotFramework\\tests\\config/../reports/screenshots</arg>
<doc>Sets the directory for captured screenshots.</doc>
<status status="PASS" start="2025-01-06T21:39:08.633744" elapsed="0.001000"/>
</kw>
<kw name="Run Keyword And Ignore Error" owner="BuiltIn">
<kw name="Set Selenium Timeout" owner="SeleniumLibrary">
<arg>5</arg>
<doc>Sets the timeout that is used by various keywords.</doc>
<status status="PASS" start="2025-01-06T21:39:08.635744" elapsed="0.000000"/>
</kw>
<arg>Set Selenium Timeout</arg>
<arg>5</arg>
<doc>Runs the given keyword with the given arguments and ignores possible error.</doc>
<status status="PASS" start="2025-01-06T21:39:08.634744" elapsed="0.001000"/>
</kw>
<kw name="Open Browser" owner="SeleniumLibrary">
<msg time="2025-01-06T21:39:08.636744" level="INFO">Opening browser 'chrome' to base url 'https://rahulshettyacademy.com/loginpagePractise/'.</msg>
<arg>${url}</arg>
<arg>chrome</arg>
<doc>Opens a new browser instance to the optional ``url``.</doc>
<status status="PASS" start="2025-01-06T21:39:08.636744" elapsed="6.031817"/>
</kw>
<kw name="Maximize Browser Window" owner="SeleniumLibrary">
<doc>Maximizes current browser window.</doc>
<status status="PASS" start="2025-01-06T21:39:14.668561" elapsed="0.036649"/>
</kw>
<kw name="Run Keyword And Ignore Error" owner="BuiltIn">
<kw name="Wait Until Page Contains Element" owner="SeleniumLibrary">
<arg>css:body</arg>
<arg>5</arg>
<doc>Waits until the element ``locator`` appears on the current page.</doc>
<status status="PASS" start="2025-01-06T21:39:14.706283" elapsed="0.019818"/>
</kw>
<msg time="2025-01-06T21:39:14.726101" level="INFO">${status} = PASS</msg>
<msg time="2025-01-06T21:39:14.726101" level="INFO">${error} = None</msg>
<var>${status}</var>
<var>${error}</var>
<arg>Wait Until Page Contains Element</arg>
<arg>css:body</arg>
<arg>5</arg>
<doc>Runs the given keyword with the given arguments and ignores possible error.</doc>
<status status="PASS" start="2025-01-06T21:39:14.706283" elapsed="0.019818"/>
</kw>
<kw name="Run Keyword If" owner="BuiltIn">
<arg>'${status}'=='FAIL'</arg>
<arg>Relaunch browser</arg>
<doc>Runs the given keyword with the given arguments, if ``condition`` is true.</doc>
<status status="PASS" start="2025-01-06T21:39:14.727107" elapsed="0.001000"/>
</kw>
<status status="PASS" start="2025-01-06T21:39:08.630743" elapsed="6.097364"/>
</kw>
<kw name="Login with username and password">
<kw name="Enter username and password" owner="login">
<kw name="Input Text" owner="SeleniumLibrary">
<msg time="2025-01-06T21:39:14.731106" level="INFO">Typing text 'XXXX' into text field 'username'.</msg>
<arg>${username_locator}</arg>
<arg>${user_name}</arg>
<doc>Types the given ``text`` into the text field identified by ``locator``.</doc>
<status status="PASS" start="2025-01-06T21:39:14.730106" elapsed="0.144783"/>
</kw>
<kw name="Input Password" owner="SeleniumLibrary">
<msg time="2025-01-06T21:39:14.875898" level="INFO">Typing password into text field 'password'.</msg>
<msg time="2025-01-06T21:39:14.918389" level="INFO">Temporally setting log level to: NONE</msg>
<arg>${password_locator}</arg>
<arg>${password}</arg>
<doc>Types the given password into the text field identified by ``locator``.</doc>
<status status="PASS" start="2025-01-06T21:39:14.874889" elapsed="0.098959"/>
</kw>
<arg>${user_name_test_data}</arg>
<arg>${password_test_data}</arg>
<status status="PASS" start="2025-01-06T21:39:14.730106" elapsed="0.243742"/>
</kw>
<kw name="Click Button" owner="SeleniumLibrary">
<msg time="2025-01-06T21:39:14.974845" level="INFO">Clicking button 'signInBtn'.</msg>
<arg>signInBtn</arg>
<doc>Clicks the button identified by ``locator``.</doc>
<status status="PASS" start="2025-01-06T21:39:14.973848" elapsed="0.068989"/>
</kw>
<kw name="Wait Until Element Is Visible" owner="SeleniumLibrary">
<arg>${incorrect_login_msg_locator}</arg>
<doc>Waits until the element ``locator`` is visible.</doc>
<status status="PASS" start="2025-01-06T21:39:15.043838" elapsed="2.046304"/>
</kw>
<kw name="Get Text" owner="SeleniumLibrary">
<msg time="2025-01-06T21:39:17.124027" level="INFO">${unsuccessful_msg} = Incorrect username/password.</msg>
<var>${unsuccessful_msg}</var>
<arg>${incorrect_login_msg_locator}</arg>
<doc>Returns the text value of the element identified by ``locator``.</doc>
<status status="PASS" start="2025-01-06T21:39:17.090142" elapsed="0.033885"/>
</kw>
<kw name="Sleep" owner="BuiltIn">
<msg time="2025-01-06T21:39:22.124535" level="INFO">Slept 5 seconds.</msg>
<arg>5</arg>
<doc>Pauses the test executed for the given time.</doc>
<status status="PASS" start="2025-01-06T21:39:17.124027" elapsed="5.000508"/>
</kw>
<kw name="Validate the error message" owner="login">
<kw name="Log" owner="BuiltIn">
<msg time="2025-01-06T21:39:22.125538" level="INFO">Incorrect username/password.</msg>
<arg>${unsuccessful_msg}</arg>
<doc>Logs the given message with the given level.</doc>
<status status="PASS" start="2025-01-06T21:39:22.125538" elapsed="0.000000"/>
</kw>
<kw name="Should Be Equal As Strings" owner="BuiltIn">
<arg>${unsuccessful_msg}</arg>
<arg>${expected_alert_message}</arg>
<doc>Fails if objects are unequal after converting them to strings.</doc>
<status status="PASS" start="2025-01-06T21:39:22.125538" elapsed="0.000000"/>
</kw>
<arg>${unsuccessful_msg}</arg>
<status status="PASS" start="2025-01-06T21:39:22.124535" elapsed="0.001003"/>
</kw>
<arg>user_name_test_data=XXXX</arg>
<arg>password_test_data=learning</arg>
<status status="PASS" start="2025-01-06T21:39:14.729107" elapsed="7.396431"/>
</kw>
<kw name="Close Browser" owner="SeleniumLibrary" type="TEARDOWN">
<doc>Closes the current browser.</doc>
<status status="PASS" start="2025-01-06T21:39:22.126538" elapsed="3.971186"/>
</kw>
<status status="PASS" start="2025-01-06T21:39:08.628743" elapsed="17.468981"/>
</test>
<test id="s1-s1-t2" name="Invalid Password" line="19">
<kw name="Open the browser and launch the login page" owner="resources" type="SETUP">
<kw name="Create Dictionary" owner="BuiltIn">
<arg>screenshot_dir</arg>
<arg>E:\\Python\\robotFramework\\tests\\config/../reports/screenshots</arg>
<doc>Creates and returns a dictionary based on the given ``items``.</doc>
<status status="PASS" start="2025-01-06T21:39:26.099737" elapsed="0.001009"/>
</kw>
<kw name="Set Screenshot Directory" owner="SeleniumLibrary">
<arg>E:\\Python\\robotFramework\\tests\\config/../reports/screenshots</arg>
<doc>Sets the directory for captured screenshots.</doc>
<status status="PASS" start="2025-01-06T21:39:26.100746" elapsed="0.000000"/>
</kw>
<kw name="Run Keyword And Ignore Error" owner="BuiltIn">
<kw name="Set Selenium Timeout" owner="SeleniumLibrary">
<arg>5</arg>
<doc>Sets the timeout that is used by various keywords.</doc>
<status status="PASS" start="2025-01-06T21:39:26.100746" elapsed="0.000989"/>
</kw>
<arg>Set Selenium Timeout</arg>
<arg>5</arg>
<doc>Runs the given keyword with the given arguments and ignores possible error.</doc>
<status status="PASS" start="2025-01-06T21:39:26.100746" elapsed="0.000989"/>
</kw>
<kw name="Open Browser" owner="SeleniumLibrary">
<msg time="2025-01-06T21:39:26.101735" level="INFO">Opening browser 'chrome' to base url 'https://rahulshettyacademy.com/loginpagePractise/'.</msg>
<arg>${url}</arg>
<arg>chrome</arg>
<doc>Opens a new browser instance to the optional ``url``.</doc>
<status status="PASS" start="2025-01-06T21:39:26.101735" elapsed="3.914860"/>
</kw>
<kw name="Maximize Browser Window" owner="SeleniumLibrary">
<doc>Maximizes current browser window.</doc>
<status status="PASS" start="2025-01-06T21:39:30.016595" elapsed="0.035564"/>
</kw>
<kw name="Run Keyword And Ignore Error" owner="BuiltIn">
<kw name="Wait Until Page Contains Element" owner="SeleniumLibrary">
<arg>css:body</arg>
<arg>5</arg>
<doc>Waits until the element ``locator`` appears on the current page.</doc>
<status status="PASS" start="2025-01-06T21:39:30.053158" elapsed="0.017920"/>
</kw>
<msg time="2025-01-06T21:39:30.071078" level="INFO">${status} = PASS</msg>
<msg time="2025-01-06T21:39:30.071078" level="INFO">${error} = None</msg>
<var>${status}</var>
<var>${error}</var>
<arg>Wait Until Page Contains Element</arg>
<arg>css:body</arg>
<arg>5</arg>
<doc>Runs the given keyword with the given arguments and ignores possible error.</doc>
<status status="PASS" start="2025-01-06T21:39:30.052159" elapsed="0.018919"/>
</kw>
<kw name="Run Keyword If" owner="BuiltIn">
<arg>'${status}'=='FAIL'</arg>
<arg>Relaunch browser</arg>
<doc>Runs the given keyword with the given arguments, if ``condition`` is true.</doc>
<status status="PASS" start="2025-01-06T21:39:30.071078" elapsed="0.001067"/>
</kw>
<status status="PASS" start="2025-01-06T21:39:26.099737" elapsed="3.972408"/>
</kw>
<kw name="Login with username and password">
<kw name="Enter username and password" owner="login">
<kw name="Input Text" owner="SeleniumLibrary">
<msg time="2025-01-06T21:39:30.073175" level="INFO">Typing text 'rahulshettyacademy' into text field 'username'.</msg>
<arg>${username_locator}</arg>
<arg>${user_name}</arg>
<doc>Types the given ``text`` into the text field identified by ``locator``.</doc>
<status status="PASS" start="2025-01-06T21:39:30.073175" elapsed="0.221419"/>
</kw>
<kw name="Input Password" owner="SeleniumLibrary">
<msg time="2025-01-06T21:39:30.296059" level="INFO">Typing password into text field 'password'.</msg>
<msg time="2025-01-06T21:39:30.344529" level="INFO">Temporally setting log level to: NONE</msg>
<arg>${password_locator}</arg>
<arg>${password}</arg>
<doc>Types the given password into the text field identified by ``locator``.</doc>
<status status="PASS" start="2025-01-06T21:39:30.296059" elapsed="0.105876"/>
</kw>
<arg>${user_name_test_data}</arg>
<arg>${password_test_data}</arg>
<status status="PASS" start="2025-01-06T21:39:30.072145" elapsed="0.329790"/>
</kw>
<kw name="Click Button" owner="SeleniumLibrary">
<msg time="2025-01-06T21:39:30.401935" level="INFO">Clicking button 'signInBtn'.</msg>
<arg>signInBtn</arg>
<doc>Clicks the button identified by ``locator``.</doc>
<status status="PASS" start="2025-01-06T21:39:30.401935" elapsed="0.076772"/>
</kw>
<kw name="Wait Until Element Is Visible" owner="SeleniumLibrary">
<arg>${incorrect_login_msg_locator}</arg>
<doc>Waits until the element ``locator`` is visible.</doc>
<status status="PASS" start="2025-01-06T21:39:30.479707" elapsed="2.196779"/>
</kw>
<kw name="Get Text" owner="SeleniumLibrary">
<msg time="2025-01-06T21:39:32.701077" level="INFO">${unsuccessful_msg} = Incorrect username/password.</msg>
<var>${unsuccessful_msg}</var>
<arg>${incorrect_login_msg_locator}</arg>
<doc>Returns the text value of the element identified by ``locator``.</doc>
<status status="PASS" start="2025-01-06T21:39:32.676486" elapsed="0.024591"/>
</kw>
<kw name="Sleep" owner="BuiltIn">
<msg time="2025-01-06T21:39:37.701251" level="INFO">Slept 5 seconds.</msg>
<arg>5</arg>
<doc>Pauses the test executed for the given time.</doc>
<status status="PASS" start="2025-01-06T21:39:32.701077" elapsed="5.000174"/>
</kw>
<kw name="Validate the error message" owner="login">
<kw name="Log" owner="BuiltIn">
<msg time="2025-01-06T21:39:37.703256" level="INFO">Incorrect username/password.</msg>
<arg>${unsuccessful_msg}</arg>
<doc>Logs the given message with the given level.</doc>
<status status="PASS" start="2025-01-06T21:39:37.702257" elapsed="0.000999"/>
</kw>
<kw name="Should Be Equal As Strings" owner="BuiltIn">
<arg>${unsuccessful_msg}</arg>
<arg>${expected_alert_message}</arg>
<doc>Fails if objects are unequal after converting them to strings.</doc>
<status status="PASS" start="2025-01-06T21:39:37.703256" elapsed="0.001000"/>
</kw>
<arg>${unsuccessful_msg}</arg>
<status status="PASS" start="2025-01-06T21:39:37.702257" elapsed="0.001999"/>
</kw>
<arg>user_name_test_data=rahulshettyacademy</arg>
<arg>password_test_data=PPPP</arg>
<status status="PASS" start="2025-01-06T21:39:30.072145" elapsed="7.632111"/>
</kw>
<kw name="Close Browser" owner="SeleniumLibrary" type="TEARDOWN">
<doc>Closes the current browser.</doc>
<status status="PASS" start="2025-01-06T21:39:37.704256" elapsed="2.379967"/>
</kw>
<status status="PASS" start="2025-01-06T21:39:26.097724" elapsed="13.986499"/>
</test>
<test id="s1-s1-t3" name="Special Character username" line="19">
<kw name="Open the browser and launch the login page" owner="resources" type="SETUP">
<kw name="Create Dictionary" owner="BuiltIn">
<arg>screenshot_dir</arg>
<arg>E:\\Python\\robotFramework\\tests\\config/../reports/screenshots</arg>
<doc>Creates and returns a dictionary based on the given ``items``.</doc>
<status status="PASS" start="2025-01-06T21:39:40.088387" elapsed="0.000000"/>
</kw>
<kw name="Set Screenshot Directory" owner="SeleniumLibrary">
<arg>E:\\Python\\robotFramework\\tests\\config/../reports/screenshots</arg>
<doc>Sets the directory for captured screenshots.</doc>
<status status="PASS" start="2025-01-06T21:39:40.089386" elapsed="0.001004"/>
</kw>
<kw name="Run Keyword And Ignore Error" owner="BuiltIn">
<kw name="Set Selenium Timeout" owner="SeleniumLibrary">
<arg>5</arg>
<doc>Sets the timeout that is used by various keywords.</doc>
<status status="PASS" start="2025-01-06T21:39:40.091393" elapsed="0.000000"/>
</kw>
<arg>Set Selenium Timeout</arg>
<arg>5</arg>
<doc>Runs the given keyword with the given arguments and ignores possible error.</doc>
<status status="PASS" start="2025-01-06T21:39:40.090390" elapsed="0.002005"/>
</kw>
<kw name="Open Browser" owner="SeleniumLibrary">
<msg time="2025-01-06T21:39:40.093389" level="INFO">Opening browser 'chrome' to base url 'https://rahulshettyacademy.com/loginpagePractise/'.</msg>
<arg>${url}</arg>
<arg>chrome</arg>
<doc>Opens a new browser instance to the optional ``url``.</doc>
<status status="PASS" start="2025-01-06T21:39:40.092395" elapsed="4.512938"/>
</kw>
<kw name="Maximize Browser Window" owner="SeleniumLibrary">
<doc>Maximizes current browser window.</doc>
<status status="PASS" start="2025-01-06T21:39:44.605333" elapsed="0.029171"/>
</kw>
<kw name="Run Keyword And Ignore Error" owner="BuiltIn">
<kw name="Wait Until Page Contains Element" owner="SeleniumLibrary">
<arg>css:body</arg>
<arg>5</arg>
<doc>Waits until the element ``locator`` appears on the current page.</doc>
<status status="PASS" start="2025-01-06T21:39:44.635512" elapsed="0.018482"/>
</kw>
<msg time="2025-01-06T21:39:44.654994" level="INFO">${status} = PASS</msg>
<msg time="2025-01-06T21:39:44.654994" level="INFO">${error} = None</msg>
<var>${status}</var>
<var>${error}</var>
<arg>Wait Until Page Contains Element</arg>
<arg>css:body</arg>
<arg>5</arg>
<doc>Runs the given keyword with the given arguments and ignores possible error.</doc>
<status status="PASS" start="2025-01-06T21:39:44.635512" elapsed="0.019482"/>
</kw>
<kw name="Run Keyword If" owner="BuiltIn">
<arg>'${status}'=='FAIL'</arg>
<arg>Relaunch browser</arg>
<doc>Runs the given keyword with the given arguments, if ``condition`` is true.</doc>
<status status="PASS" start="2025-01-06T21:39:44.654994" elapsed="0.000000"/>
</kw>
<status status="PASS" start="2025-01-06T21:39:40.087387" elapsed="4.568606"/>
</kw>
<kw name="Login with username and password">
<kw name="Enter username and password" owner="login">
<kw name="Input Text" owner="SeleniumLibrary">
<msg time="2025-01-06T21:39:44.656994" level="INFO">Typing text '!@#$' into text field 'username'.</msg>
<arg>${username_locator}</arg>
<arg>${user_name}</arg>
<doc>Types the given ``text`` into the text field identified by ``locator``.</doc>
<status status="PASS" start="2025-01-06T21:39:44.656994" elapsed="0.152784"/>
</kw>
<kw name="Input Password" owner="SeleniumLibrary">
<msg time="2025-01-06T21:39:44.810777" level="INFO">Typing password into text field 'password'.</msg>
<msg time="2025-01-06T21:39:44.868999" level="INFO">Temporally setting log level to: NONE</msg>
<arg>${password_locator}</arg>
<arg>${password}</arg>
<doc>Types the given password into the text field identified by ``locator``.</doc>
<status status="PASS" start="2025-01-06T21:39:44.809778" elapsed="0.135398"/>
</kw>
<arg>${user_name_test_data}</arg>
<arg>${password_test_data}</arg>
<status status="PASS" start="2025-01-06T21:39:44.655993" elapsed="0.290183"/>
</kw>
<kw name="Click Button" owner="SeleniumLibrary">
<msg time="2025-01-06T21:39:44.946176" level="INFO">Clicking button 'signInBtn'.</msg>
<arg>signInBtn</arg>
<doc>Clicks the button identified by ``locator``.</doc>
<status status="PASS" start="2025-01-06T21:39:44.946176" elapsed="0.080813"/>
</kw>
<kw name="Wait Until Element Is Visible" owner="SeleniumLibrary">
<arg>${incorrect_login_msg_locator}</arg>
<doc>Waits until the element ``locator`` is visible.</doc>
<status status="PASS" start="2025-01-06T21:39:45.026989" elapsed="2.195625"/>
</kw>
<kw name="Get Text" owner="SeleniumLibrary">
<msg time="2025-01-06T21:39:47.244649" level="INFO">${unsuccessful_msg} = Incorrect username/password.</msg>
<var>${unsuccessful_msg}</var>
<arg>${incorrect_login_msg_locator}</arg>
<doc>Returns the text value of the element identified by ``locator``.</doc>
<status status="PASS" start="2025-01-06T21:39:47.222614" elapsed="0.022035"/>
</kw>
<kw name="Sleep" owner="BuiltIn">
<msg time="2025-01-06T21:39:52.245799" level="INFO">Slept 5 seconds.</msg>
<arg>5</arg>
<doc>Pauses the test executed for the given time.</doc>
<status status="PASS" start="2025-01-06T21:39:47.245628" elapsed="5.000171"/>
</kw>
<kw name="Validate the error message" owner="login">
<kw name="Log" owner="BuiltIn">
<msg time="2025-01-06T21:39:52.247483" level="INFO">Incorrect username/password.</msg>
<arg>${unsuccessful_msg}</arg>
<doc>Logs the given message with the given level.</doc>
<status status="PASS" start="2025-01-06T21:39:52.246398" elapsed="0.001085"/>
</kw>
<kw name="Should Be Equal As Strings" owner="BuiltIn">
<arg>${unsuccessful_msg}</arg>
<arg>${expected_alert_message}</arg>
<doc>Fails if objects are unequal after converting them to strings.</doc>
<status status="PASS" start="2025-01-06T21:39:52.247483" elapsed="0.001001"/>
</kw>
<arg>${unsuccessful_msg}</arg>
<status status="PASS" start="2025-01-06T21:39:52.246398" elapsed="0.002086"/>
</kw>
<arg>user_name_test_data=!@#$</arg>
<arg>password_test_data=learning</arg>
<status status="PASS" start="2025-01-06T21:39:44.655993" elapsed="7.592491"/>
</kw>
<kw name="Close Browser" owner="SeleniumLibrary" type="TEARDOWN">
<doc>Closes the current browser.</doc>
<status status="PASS" start="2025-01-06T21:39:52.248484" elapsed="2.372570"/>
</kw>
<status status="PASS" start="2025-01-06T21:39:40.085301" elapsed="14.535753"/>
</test>
<test id="s1-s1-t4" name="Special Charatcer Passowrd" line="19">
<kw name="Open the browser and launch the login page" owner="resources" type="SETUP">
<kw name="Create Dictionary" owner="BuiltIn">
<arg>screenshot_dir</arg>
<arg>E:\\Python\\robotFramework\\tests\\config/../reports/screenshots</arg>
<doc>Creates and returns a dictionary based on the given ``items``.</doc>
<status status="PASS" start="2025-01-06T21:39:54.625746" elapsed="0.000000"/>
</kw>
<kw name="Set Screenshot Directory" owner="SeleniumLibrary">
<arg>E:\\Python\\robotFramework\\tests\\config/../reports/screenshots</arg>
<doc>Sets the directory for captured screenshots.</doc>
<status status="PASS" start="2025-01-06T21:39:54.626746" elapsed="0.000997"/>
</kw>
<kw name="Run Keyword And Ignore Error" owner="BuiltIn">
<kw name="Set Selenium Timeout" owner="SeleniumLibrary">
<arg>5</arg>
<doc>Sets the timeout that is used by various keywords.</doc>
<status status="PASS" start="2025-01-06T21:39:54.628745" elapsed="0.000000"/>
</kw>
<arg>Set Selenium Timeout</arg>
<arg>5</arg>
<doc>Runs the given keyword with the given arguments and ignores possible error.</doc>
<status status="PASS" start="2025-01-06T21:39:54.627743" elapsed="0.001002"/>
</kw>
<kw name="Open Browser" owner="SeleniumLibrary">
<msg time="2025-01-06T21:39:54.629745" level="INFO">Opening browser 'chrome' to base url 'https://rahulshettyacademy.com/loginpagePractise/'.</msg>
<arg>${url}</arg>
<arg>chrome</arg>
<doc>Opens a new browser instance to the optional ``url``.</doc>
<status status="PASS" start="2025-01-06T21:39:54.629745" elapsed="3.804468"/>
</kw>
<kw name="Maximize Browser Window" owner="SeleniumLibrary">
<doc>Maximizes current browser window.</doc>
<status status="PASS" start="2025-01-06T21:39:58.434213" elapsed="0.043178"/>
</kw>
<kw name="Run Keyword And Ignore Error" owner="BuiltIn">
<kw name="Wait Until Page Contains Element" owner="SeleniumLibrary">
<arg>css:body</arg>
<arg>5</arg>
<doc>Waits until the element ``locator`` appears on the current page.</doc>
<status status="PASS" start="2025-01-06T21:39:58.478741" elapsed="0.013445"/>
</kw>
<msg time="2025-01-06T21:39:58.493271" level="INFO">${status} = PASS</msg>
<msg time="2025-01-06T21:39:58.493271" level="INFO">${error} = None</msg>
<var>${status}</var>
<var>${error}</var>
<arg>Wait Until Page Contains Element</arg>
<arg>css:body</arg>
<arg>5</arg>
<doc>Runs the given keyword with the given arguments and ignores possible error.</doc>
<status status="PASS" start="2025-01-06T21:39:58.477391" elapsed="0.015880"/>
</kw>
<kw name="Run Keyword If" owner="BuiltIn">
<arg>'${status}'=='FAIL'</arg>
<arg>Relaunch browser</arg>
<doc>Runs the given keyword with the given arguments, if ``condition`` is true.</doc>
<status status="PASS" start="2025-01-06T21:39:58.493271" elapsed="0.001019"/>
</kw>
<status status="PASS" start="2025-01-06T21:39:54.624660" elapsed="3.869630"/>
</kw>
<kw name="Login with username and password">
<kw name="Enter username and password" owner="login">
<kw name="Input Text" owner="SeleniumLibrary">
<msg time="2025-01-06T21:39:58.496586" level="INFO">Typing text 'rahulshettyacademy' into text field 'username'.</msg>
<arg>${username_locator}</arg>
<arg>${user_name}</arg>
<doc>Types the given ``text`` into the text field identified by ``locator``.</doc>
<status status="PASS" start="2025-01-06T21:39:58.495566" elapsed="0.205839"/>
</kw>
<kw name="Input Password" owner="SeleniumLibrary">
<msg time="2025-01-06T21:39:58.702658" level="INFO">Typing password into text field 'password'.</msg>
<msg time="2025-01-06T21:39:58.738888" level="INFO">Temporally setting log level to: NONE</msg>
<arg>${password_locator}</arg>
<arg>${password}</arg>
<doc>Types the given password into the text field identified by ``locator``.</doc>
<status status="PASS" start="2025-01-06T21:39:58.702658" elapsed="0.097129"/>
</kw>
<arg>${user_name_test_data}</arg>
<arg>${password_test_data}</arg>
<status status="PASS" start="2025-01-06T21:39:58.495566" elapsed="0.304221"/>
</kw>
<kw name="Click Button" owner="SeleniumLibrary">
<msg time="2025-01-06T21:39:58.800787" level="INFO">Clicking button 'signInBtn'.</msg>
<arg>signInBtn</arg>
<doc>Clicks the button identified by ``locator``.</doc>
<status status="PASS" start="2025-01-06T21:39:58.800787" elapsed="0.078937"/>
</kw>
<kw name="Wait Until Element Is Visible" owner="SeleniumLibrary">
<arg>${incorrect_login_msg_locator}</arg>
<doc>Waits until the element ``locator`` is visible.</doc>
<status status="PASS" start="2025-01-06T21:39:58.880724" elapsed="2.003242"/>
</kw>
<kw name="Get Text" owner="SeleniumLibrary">
<msg time="2025-01-06T21:40:00.909102" level="INFO">${unsuccessful_msg} = Incorrect username/password.</msg>
<var>${unsuccessful_msg}</var>
<arg>${incorrect_login_msg_locator}</arg>
<doc>Returns the text value of the element identified by ``locator``.</doc>
<status status="PASS" start="2025-01-06T21:40:00.883966" elapsed="0.025136"/>
</kw>
<kw name="Sleep" owner="BuiltIn">
<msg time="2025-01-06T21:40:05.910346" level="INFO">Slept 5 seconds.</msg>
<arg>5</arg>
<doc>Pauses the test executed for the given time.</doc>
<status status="PASS" start="2025-01-06T21:40:00.910101" elapsed="5.000245"/>
</kw>
<kw name="Validate the error message" owner="login">
<kw name="Log" owner="BuiltIn">
<msg time="2025-01-06T21:40:05.911871" level="INFO">Incorrect username/password.</msg>
<arg>${unsuccessful_msg}</arg>
<doc>Logs the given message with the given level.</doc>
<status status="PASS" start="2025-01-06T21:40:05.910858" elapsed="0.001013"/>
</kw>
<kw name="Should Be Equal As Strings" owner="BuiltIn">
<arg>${unsuccessful_msg}</arg>
<arg>${expected_alert_message}</arg>
<doc>Fails if objects are unequal after converting them to strings.</doc>
<status status="PASS" start="2025-01-06T21:40:05.911871" elapsed="0.000000"/>
</kw>
<arg>${unsuccessful_msg}</arg>
<status status="PASS" start="2025-01-06T21:40:05.910858" elapsed="0.002009"/>
</kw>
<arg>user_name_test_data=rahulshettyacademy</arg>
<arg>password_test_data=$%%^&amp;</arg>
<status status="PASS" start="2025-01-06T21:39:58.494290" elapsed="7.418577"/>
</kw>
<kw name="Close Browser" owner="SeleniumLibrary" type="TEARDOWN">
<doc>Closes the current browser.</doc>
<status status="PASS" start="2025-01-06T21:40:05.912867" elapsed="2.408461"/>
</kw>
<status status="PASS" start="2025-01-06T21:39:54.622062" elapsed="13.699266"/>
</test>
<status status="PASS" start="2025-01-06T21:39:08.203016" elapsed="60.120310"/>
</suite>
<status status="PASS" start="2025-01-06T21:39:08.181789" elapsed="60.143631"/>
</suite>
<statistics>
<total>
<stat pass="4" fail="0" skip="0">All Tests</stat>
</total>
<tag>
</tag>
<suite>
<stat pass="4" fail="0" skip="0" id="s1" name="Tests">Tests</stat>
<stat pass="4" fail="0" skip="0" id="s1-s1" name="testDemo2">Tests.testDemo2</stat>
</suite>
</statistics>
<errors>
</errors>
</robot>
