<?xml version="1.0" encoding="UTF-8"?>
<robot generator="Rebot 7.2 (Python 3.12.7 on win32)" generated="2025-01-14T15:31:36.859548" rpa="false" schemaversion="5">
<suite id="s1" name="Tests" source="E:\Sree Docs\Work\robotFrameworkPOC\robotFrameworkPOC\tests">
<suite id="s1-s1" name="testDemo1" source="E:\Sree Docs\Work\robotFrameworkPOC\robotFrameworkPOC\tests\testDemo1.robot">
<test id="s1-s1-t1" name="Check whether the cart is displayed in the home page" line="20">
<kw name="Open the browser and launch the login page" owner="resources" type="SETUP">
<kw name="Create Dictionary" owner="BuiltIn">
<arg>screenshot_dir</arg>
<arg>E:\\Sree Docs\\Work\\robotFrameworkPOC\\robotFrameworkPOC\\tests\\config/../reports/screenshots</arg>
<doc>Creates and returns a dictionary based on the given ``items``.</doc>
<status status="PASS" start="2025-01-14T15:31:11.445302" elapsed="0.000000"/>
</kw>
<kw name="Set Screenshot Directory" owner="SeleniumLibrary">
<arg>E:\\Sree Docs\\Work\\robotFrameworkPOC\\robotFrameworkPOC\\tests\\config/../reports/screenshots</arg>
<doc>Sets the directory for captured screenshots.</doc>
<status status="PASS" start="2025-01-14T15:31:11.446338" elapsed="0.000000"/>
</kw>
<kw name="Run Keyword And Ignore Error" owner="BuiltIn">
<kw name="Set Selenium Timeout" owner="SeleniumLibrary">
<arg>5</arg>
<doc>Sets the timeout that is used by various keywords.</doc>
<status status="PASS" start="2025-01-14T15:31:11.446338" elapsed="0.000000"/>
</kw>
<arg>Set Selenium Timeout</arg>
<arg>5</arg>
<doc>Runs the given keyword with the given arguments and ignores possible error.</doc>
<status status="PASS" start="2025-01-14T15:31:11.446338" elapsed="0.000000"/>
</kw>
<kw name="Open Browser" owner="SeleniumLibrary">
<msg time="2025-01-14T15:31:11.447338" level="INFO">Opening browser 'firefox' to base url 'https://rahulshettyacademy.com/loginpagePractise/'.</msg>
<arg>${url}</arg>
<arg>${BROWSER}</arg>
<doc>Opens a new browser instance to the optional ``url``.</doc>
<status status="PASS" start="2025-01-14T15:31:11.447338" elapsed="8.444233"/>
</kw>
<kw name="Maximize Browser Window" owner="SeleniumLibrary">
<doc>Maximizes current browser window.</doc>
<status status="PASS" start="2025-01-14T15:31:19.891571" elapsed="0.287506"/>
</kw>
<kw name="Run Keyword And Ignore Error" owner="BuiltIn">
<kw name="Wait Until Page Contains Element" owner="SeleniumLibrary">
<arg>css:body</arg>
<arg>5</arg>
<doc>Waits until the element ``locator`` appears on the current page.</doc>
<status status="PASS" start="2025-01-14T15:31:20.179077" elapsed="0.012339"/>
</kw>
<msg time="2025-01-14T15:31:20.191416" level="INFO">${status} = PASS</msg>
<msg time="2025-01-14T15:31:20.191416" level="INFO">${error} = None</msg>
<var>${status}</var>
<var>${error}</var>
<arg>Wait Until Page Contains Element</arg>
<arg>css:body</arg>
<arg>5</arg>
<doc>Runs the given keyword with the given arguments and ignores possible error.</doc>
<status status="PASS" start="2025-01-14T15:31:20.179077" elapsed="0.012339"/>
</kw>
<kw name="Run Keyword If" owner="BuiltIn">
<arg>'${status}'=='FAIL'</arg>
<arg>Relaunch browser</arg>
<doc>Runs the given keyword with the given arguments, if ``condition`` is true.</doc>
<status status="PASS" start="2025-01-14T15:31:20.192427" elapsed="0.000000"/>
</kw>
<status status="PASS" start="2025-01-14T15:31:11.444514" elapsed="8.747913"/>
</kw>
<kw name="Login to home page" owner="login">
<kw name="Input Text" owner="SeleniumLibrary">
<msg time="2025-01-14T15:31:20.193464" level="INFO">Typing text 'rahulshettyacademy' into text field 'username'.</msg>
<arg>${username_locator}</arg>
<arg>${default_username}</arg>
<doc>Types the given ``text`` into the text field identified by ``locator``.</doc>
<status status="PASS" start="2025-01-14T15:31:20.193464" elapsed="0.091192"/>
</kw>
<kw name="Input Password" owner="SeleniumLibrary">
<msg time="2025-01-14T15:31:20.285657" level="INFO">Typing password into text field 'password'.</msg>
<msg time="2025-01-14T15:31:20.290649" level="INFO">Temporally setting log level to: NONE</msg>
<arg>${password_locator}</arg>
<arg>${default_password}</arg>
<doc>Types the given password into the text field identified by ``locator``.</doc>
<status status="PASS" start="2025-01-14T15:31:20.284656" elapsed="0.017553"/>
</kw>
<kw name="Click Button" owner="SeleniumLibrary">
<msg time="2025-01-14T15:31:20.303212" level="INFO">Clicking button 'signInBtn'.</msg>
<arg>${sign_in_locator}</arg>
<doc>Clicks the button identified by ``locator``.</doc>
<status status="PASS" start="2025-01-14T15:31:20.302209" elapsed="0.242993"/>
</kw>
<kw name="Wait Until Element Is Visible" owner="SeleniumLibrary">
<arg>${cart_locator}</arg>
<doc>Waits until the element ``locator`` is visible.</doc>
<status status="PASS" start="2025-01-14T15:31:20.545202" elapsed="4.068609"/>
</kw>
<status status="PASS" start="2025-01-14T15:31:20.192427" elapsed="4.421384"/>
</kw>
<kw name="Sleep" owner="BuiltIn">
<msg time="2025-01-14T15:31:29.614400" level="INFO">Slept 5 seconds.</msg>
<arg>5</arg>
<doc>Pauses the test executed for the given time.</doc>
<status status="PASS" start="2025-01-14T15:31:24.613811" elapsed="5.000589"/>
</kw>
<kw name="Close Browser" owner="SeleniumLibrary" type="TEARDOWN">
<doc>Closes the current browser.</doc>
<status status="PASS" start="2025-01-14T15:31:29.614400" elapsed="2.951643"/>
</kw>
<tag>fail</tag>
<tag>smoke</tag>
<status status="PASS" start="2025-01-14T15:31:11.443514" elapsed="21.122529"/>
</test>
<status status="PASS" start="2025-01-14T15:31:11.133000" elapsed="21.123000"/>
</suite>
<suite id="s1-s2" name="testDemo4" source="E:\Sree Docs\Work\robotFrameworkPOC\robotFrameworkPOC\tests\testDemo4.robot">
<test id="s1-s2-t1" name="Verify the functionality for adding items to the cart" line="18">
<kw name="Open the browser and launch the login page" owner="resources" type="SETUP">
<kw name="Create Dictionary" owner="BuiltIn">
<arg>screenshot_dir</arg>
<arg>E:\\Sree Docs\\Work\\robotFrameworkPOC\\robotFrameworkPOC\\tests\\config/../reports/screenshots</arg>
<doc>Creates and returns a dictionary based on the given ``items``.</doc>
<status status="PASS" start="2025-01-14T15:31:11.445302" elapsed="0.000000"/>
</kw>
<kw name="Set Screenshot Directory" owner="SeleniumLibrary">
<arg>E:\\Sree Docs\\Work\\robotFrameworkPOC\\robotFrameworkPOC\\tests\\config/../reports/screenshots</arg>
<doc>Sets the directory for captured screenshots.</doc>
<status status="PASS" start="2025-01-14T15:31:11.445302" elapsed="0.001036"/>
</kw>
<kw name="Run Keyword And Ignore Error" owner="BuiltIn">
<kw name="Set Selenium Timeout" owner="SeleniumLibrary">
<arg>5</arg>
<doc>Sets the timeout that is used by various keywords.</doc>
<status status="PASS" start="2025-01-14T15:31:11.446338" elapsed="0.000000"/>
</kw>
<arg>Set Selenium Timeout</arg>
<arg>5</arg>
<doc>Runs the given keyword with the given arguments and ignores possible error.</doc>
<status status="PASS" start="2025-01-14T15:31:11.446338" elapsed="0.000000"/>
</kw>
<kw name="Open Browser" owner="SeleniumLibrary">
<msg time="2025-01-14T15:31:11.447338" level="INFO">Opening browser 'firefox' to base url 'https://rahulshettyacademy.com/loginpagePractise/'.</msg>
<arg>${url}</arg>
<arg>${BROWSER}</arg>
<doc>Opens a new browser instance to the optional ``url``.</doc>
<status status="PASS" start="2025-01-14T15:31:11.446338" elapsed="7.629606"/>
</kw>
<kw name="Maximize Browser Window" owner="SeleniumLibrary">
<doc>Maximizes current browser window.</doc>
<status status="PASS" start="2025-01-14T15:31:19.076944" elapsed="0.288037"/>
</kw>
<kw name="Run Keyword And Ignore Error" owner="BuiltIn">
<kw name="Wait Until Page Contains Element" owner="SeleniumLibrary">
<arg>css:body</arg>
<arg>5</arg>
<doc>Waits until the element ``locator`` appears on the current page.</doc>
<status status="PASS" start="2025-01-14T15:31:19.365982" elapsed="0.016621"/>
</kw>
<msg time="2025-01-14T15:31:19.382603" level="INFO">${status} = PASS</msg>
<msg time="2025-01-14T15:31:19.382603" level="INFO">${error} = None</msg>
<var>${status}</var>
<var>${error}</var>
<arg>Wait Until Page Contains Element</arg>
<arg>css:body</arg>
<arg>5</arg>
<doc>Runs the given keyword with the given arguments and ignores possible error.</doc>
<status status="PASS" start="2025-01-14T15:31:19.364981" elapsed="0.017622"/>
</kw>
<kw name="Run Keyword If" owner="BuiltIn">
<arg>'${status}'=='FAIL'</arg>
<arg>Relaunch browser</arg>
<doc>Runs the given keyword with the given arguments, if ``condition`` is true.</doc>
<status status="PASS" start="2025-01-14T15:31:19.382603" elapsed="0.001000"/>
</kw>
<status status="PASS" start="2025-01-14T15:31:11.444514" elapsed="7.939089"/>
</kw>
<kw name="Login to home page" owner="login">
<kw name="Input Text" owner="SeleniumLibrary">
<msg time="2025-01-14T15:31:19.384604" level="INFO">Typing text 'rahulshettyacademy' into text field 'username'.</msg>
<arg>${username_locator}</arg>
<arg>${default_username}</arg>
<doc>Types the given ``text`` into the text field identified by ``locator``.</doc>
<status status="PASS" start="2025-01-14T15:31:19.384604" elapsed="0.087307"/>
</kw>
<kw name="Input Password" owner="SeleniumLibrary">
<msg time="2025-01-14T15:31:19.471911" level="INFO">Typing password into text field 'password'.</msg>
<msg time="2025-01-14T15:31:19.479594" level="INFO">Temporally setting log level to: NONE</msg>
<arg>${password_locator}</arg>
<arg>${default_password}</arg>
<doc>Types the given password into the text field identified by ``locator``.</doc>
<status status="PASS" start="2025-01-14T15:31:19.471911" elapsed="0.016691"/>
</kw>
<kw name="Click Button" owner="SeleniumLibrary">
<msg time="2025-01-14T15:31:19.489602" level="INFO">Clicking button 'signInBtn'.</msg>
<arg>${sign_in_locator}</arg>
<doc>Clicks the button identified by ``locator``.</doc>
<status status="PASS" start="2025-01-14T15:31:19.489602" elapsed="0.249036"/>
</kw>
<kw name="Wait Until Element Is Visible" owner="SeleniumLibrary">
<arg>${cart_locator}</arg>
<doc>Waits until the element ``locator`` is visible.</doc>
<status status="PASS" start="2025-01-14T15:31:19.738638" elapsed="3.878183"/>
</kw>
<status status="PASS" start="2025-01-14T15:31:19.383603" elapsed="4.233218"/>
</kw>
<kw name="Add Items To The Cart" owner="Shop">
<msg time="2025-01-14T15:31:23.633625" level="INFO">Clicking element '(//div[@class='card-footer'])[2]/button'.</msg>
<msg time="2025-01-14T15:31:23.864017" level="INFO">Clicking element '(//div[@class='card-footer'])[4]/button'.</msg>
<arg>${check_in_items}</arg>
<status status="PASS" start="2025-01-14T15:31:23.616821" elapsed="0.459704"/>
</kw>
<kw name="Verify Elements In The Cart" owner="Cart">
<msg time="2025-01-14T15:31:24.076525" level="INFO">Clicking element '//a[contains(text(),'Checkout')]'.</msg>
<msg time="2025-01-14T15:31:24.314016" level="INFO">['Samsung Note 8', 'Blackberry']
['Samsung Note 8', 'Blackberry']
True</msg>
<arg>${check_in_items}</arg>
<status status="PASS" start="2025-01-14T15:31:24.076525" elapsed="0.237491"/>
</kw>
<kw name="Close Browser" owner="SeleniumLibrary" type="TEARDOWN">
<doc>Closes the current browser.</doc>
<status status="PASS" start="2025-01-14T15:31:24.314016" elapsed="2.966662"/>
</kw>
<tag>regression</tag>
<tag>smoke</tag>
<status status="PASS" start="2025-01-14T15:31:11.443514" elapsed="15.837164"/>
</test>
<status status="PASS" start="2025-01-14T15:31:11.133649" elapsed="16.147029"/>
</suite>
<doc>[https://pabot.org/?ref=log|Pabot] result from 2 executions.</doc>
<status status="PASS" start="2025-01-14T15:31:11.116000" elapsed="21.123000"/>
</suite>
<statistics>
<total>
<stat pass="2" fail="0" skip="0">All Tests</stat>
</total>
<tag>
<stat pass="1" fail="0" skip="0">fail</stat>
<stat pass="1" fail="0" skip="0">regression</stat>
<stat pass="2" fail="0" skip="0">smoke</stat>
</tag>
<suite>
<stat name="Tests" id="s1" pass="2" fail="0" skip="0">Tests</stat>
<stat name="testDemo1" id="s1-s1" pass="1" fail="0" skip="0">Tests.testDemo1</stat>
<stat name="testDemo4" id="s1-s2" pass="1" fail="0" skip="0">Tests.testDemo4</stat>
</suite>
</statistics>
<errors>
</errors>
</robot>
