<?xml version="1.0" encoding="UTF-8"?>
<robot generator="Robot 7.1.1 (Python 3.12.1 on win32)" generated="2025-01-06T20:57:48.396852" rpa="false" schemaversion="5">
<suite id="s1" name="Tests" source="E:\Python\robotFramework\tests">
<suite id="s1-s1" name="testDemo1" source="E:\Python\robotFramework\tests\testDemo1.robot">
<test id="s1-s1-t1" name="Check whether the cart is displayed in the home page" line="20">
<kw name="Open the browser and launch the login page" owner="resources" type="SETUP">
<kw name="Create Dictionary" owner="BuiltIn">
<arg>screenshot_dir</arg>
<arg>E:\\Python\\robotFramework\\tests\\config/../reports/screenshots</arg>
<doc>Creates and returns a dictionary based on the given ``items``.</doc>
<status status="PASS" start="2025-01-06T20:57:48.816074" elapsed="0.000000"/>
</kw>
<kw name="Set Screenshot Directory" owner="SeleniumLibrary">
<arg>E:\\Python\\robotFramework\\tests\\config/../reports/screenshots</arg>
<doc>Sets the directory for captured screenshots.</doc>
<status status="PASS" start="2025-01-06T20:57:48.816074" elapsed="0.001000"/>
</kw>
<kw name="Run Keyword And Ignore Error" owner="BuiltIn">
<kw name="Set Selenium Timeout" owner="SeleniumLibrary">
<arg>5</arg>
<doc>Sets the timeout that is used by various keywords.</doc>
<status status="PASS" start="2025-01-06T20:57:48.817074" elapsed="0.000000"/>
</kw>
<arg>Set Selenium Timeout</arg>
<arg>5</arg>
<doc>Runs the given keyword with the given arguments and ignores possible error.</doc>
<status status="PASS" start="2025-01-06T20:57:48.817074" elapsed="0.000000"/>
</kw>
<kw name="Open Browser" owner="SeleniumLibrary">
<msg time="2025-01-06T20:57:48.817074" level="INFO">Opening browser 'chrome' to base url 'https://rahulshettyacademy.com/loginpagePractise/'.</msg>
<arg>${url}</arg>
<arg>chrome</arg>
<doc>Opens a new browser instance to the optional ``url``.</doc>
<status status="PASS" start="2025-01-06T20:57:48.817074" elapsed="3.885868"/>
</kw>
<kw name="Maximize Browser Window" owner="SeleniumLibrary">
<doc>Maximizes current browser window.</doc>
<status status="PASS" start="2025-01-06T20:57:52.703942" elapsed="0.037532"/>
</kw>
<kw name="Run Keyword And Ignore Error" owner="BuiltIn">
<kw name="Wait Until Page Contains Element" owner="SeleniumLibrary">
<arg>css:body</arg>
<arg>5</arg>
<doc>Waits until the element ``locator`` appears on the current page.</doc>
<status status="PASS" start="2025-01-06T20:57:52.741983" elapsed="0.016939"/>
</kw>
<msg time="2025-01-06T20:57:52.758922" level="INFO">${status} = PASS</msg>
<msg time="2025-01-06T20:57:52.759922" level="INFO">${error} = None</msg>
<var>${status}</var>
<var>${error}</var>
<arg>Wait Until Page Contains Element</arg>
<arg>css:body</arg>
<arg>5</arg>
<doc>Runs the given keyword with the given arguments and ignores possible error.</doc>
<status status="PASS" start="2025-01-06T20:57:52.741983" elapsed="0.017939"/>
</kw>
<kw name="Run Keyword If" owner="BuiltIn">
<arg>'${status}'=='FAIL'</arg>
<arg>Relaunch browser</arg>
<doc>Runs the given keyword with the given arguments, if ``condition`` is true.</doc>
<status status="PASS" start="2025-01-06T20:57:52.759922" elapsed="0.000000"/>
</kw>
<status status="PASS" start="2025-01-06T20:57:48.815074" elapsed="3.944848"/>
</kw>
<kw name="Login to home page" owner="login">
<kw name="Input Text" owner="SeleniumLibrary">
<msg time="2025-01-06T20:57:52.760922" level="INFO">Typing text 'rahulshettyacademy' into text field 'username'.</msg>
<arg>${username_locator}</arg>
<arg>${default_username}</arg>
<doc>Types the given ``text`` into the text field identified by ``locator``.</doc>
<status status="PASS" start="2025-01-06T20:57:52.760922" elapsed="0.195047"/>
</kw>
<kw name="Input Password" owner="SeleniumLibrary">
<msg time="2025-01-06T20:57:52.957237" level="INFO">Typing password into text field 'password'.</msg>
<msg time="2025-01-06T20:57:53.005344" level="INFO">Temporally setting log level to: NONE</msg>
<arg>${password_locator}</arg>
<arg>${default_password}</arg>
<doc>Types the given password into the text field identified by ``locator``.</doc>
<status status="PASS" start="2025-01-06T20:57:52.957237" elapsed="0.111906"/>
</kw>
<kw name="Click Button" owner="SeleniumLibrary">
<msg time="2025-01-06T20:57:53.070183" level="INFO">Clicking button 'signInBtn'.</msg>
<arg>${sign_in_locator}</arg>
<doc>Clicks the button identified by ``locator``.</doc>
<status status="PASS" start="2025-01-06T20:57:53.069143" elapsed="0.079790"/>
</kw>
<kw name="Wait Until Element Is Visible" owner="SeleniumLibrary">
<arg>${cart_locator}</arg>
<doc>Waits until the element ``locator`` is visible.</doc>
<status status="PASS" start="2025-01-06T20:57:53.148933" elapsed="5.448320"/>
</kw>
<status status="PASS" start="2025-01-06T20:57:52.759922" elapsed="5.838333"/>
</kw>
<kw name="Sleep" owner="BuiltIn">
<msg time="2025-01-06T20:58:03.599454" level="INFO">Slept 5 seconds.</msg>
<arg>5</arg>
<doc>Pauses the test executed for the given time.</doc>
<status status="PASS" start="2025-01-06T20:57:58.598255" elapsed="5.001199"/>
</kw>
<kw name="Close Browser" owner="SeleniumLibrary" type="TEARDOWN">
<doc>Closes the current browser.</doc>
<status status="PASS" start="2025-01-06T20:58:03.600557" elapsed="4.027443"/>
</kw>
<tag>smoke</tag>
<status status="PASS" start="2025-01-06T20:57:48.815074" elapsed="18.813846"/>
</test>
<status status="PASS" start="2025-01-06T20:57:48.420817" elapsed="19.209108"/>
</suite>
<suite id="s1-s2" name="testDemo4" source="E:\Python\robotFramework\tests\testDemo4.robot">
<test id="s1-s2-t1" name="Verify the functionality for adding items to the cart" line="18">
<kw name="Open the browser and launch the login page" owner="resources" type="SETUP">
<kw name="Create Dictionary" owner="BuiltIn">
<arg>screenshot_dir</arg>
<arg>E:\\Python\\robotFramework\\tests\\config/../reports/screenshots</arg>
<doc>Creates and returns a dictionary based on the given ``items``.</doc>
<status status="PASS" start="2025-01-06T20:58:07.688452" elapsed="0.001001"/>
</kw>
<kw name="Set Screenshot Directory" owner="SeleniumLibrary">
<arg>E:\\Python\\robotFramework\\tests\\config/../reports/screenshots</arg>
<doc>Sets the directory for captured screenshots.</doc>
<status status="PASS" start="2025-01-06T20:58:07.689453" elapsed="0.001001"/>
</kw>
<kw name="Run Keyword And Ignore Error" owner="BuiltIn">
<kw name="Set Selenium Timeout" owner="SeleniumLibrary">
<arg>5</arg>
<doc>Sets the timeout that is used by various keywords.</doc>
<status status="PASS" start="2025-01-06T20:58:07.691453" elapsed="0.000000"/>
</kw>
<arg>Set Selenium Timeout</arg>
<arg>5</arg>
<doc>Runs the given keyword with the given arguments and ignores possible error.</doc>
<status status="PASS" start="2025-01-06T20:58:07.691453" elapsed="0.000000"/>
</kw>
<kw name="Open Browser" owner="SeleniumLibrary">
<msg time="2025-01-06T20:58:07.692449" level="INFO">Opening browser 'chrome' to base url 'https://rahulshettyacademy.com/loginpagePractise/'.</msg>
<arg>${url}</arg>
<arg>chrome</arg>
<doc>Opens a new browser instance to the optional ``url``.</doc>
<status status="PASS" start="2025-01-06T20:58:07.691453" elapsed="3.754928"/>
</kw>
<kw name="Maximize Browser Window" owner="SeleniumLibrary">
<doc>Maximizes current browser window.</doc>
<status status="PASS" start="2025-01-06T20:58:11.446381" elapsed="0.027591"/>
</kw>
<kw name="Run Keyword And Ignore Error" owner="BuiltIn">
<kw name="Wait Until Page Contains Element" owner="SeleniumLibrary">
<arg>css:body</arg>
<arg>5</arg>
<doc>Waits until the element ``locator`` appears on the current page.</doc>
<status status="PASS" start="2025-01-06T20:58:11.475114" elapsed="0.018764"/>
</kw>
<msg time="2025-01-06T20:58:11.493878" level="INFO">${status} = PASS</msg>
<msg time="2025-01-06T20:58:11.493878" level="INFO">${error} = None</msg>
<var>${status}</var>
<var>${error}</var>
<arg>Wait Until Page Contains Element</arg>
<arg>css:body</arg>
<arg>5</arg>
<doc>Runs the given keyword with the given arguments and ignores possible error.</doc>
<status status="PASS" start="2025-01-06T20:58:11.473972" elapsed="0.019906"/>
</kw>
<kw name="Run Keyword If" owner="BuiltIn">
<arg>'${status}'=='FAIL'</arg>
<arg>Relaunch browser</arg>
<doc>Runs the given keyword with the given arguments, if ``condition`` is true.</doc>
<status status="PASS" start="2025-01-06T20:58:11.493878" elapsed="0.001000"/>
</kw>
<status status="PASS" start="2025-01-06T20:58:07.687452" elapsed="3.807426"/>
</kw>
<kw name="Login to home page" owner="login">
<kw name="Input Text" owner="SeleniumLibrary">
<msg time="2025-01-06T20:58:11.496239" level="INFO">Typing text 'rahulshettyacademy' into text field 'username'.</msg>
<arg>${username_locator}</arg>
<arg>${default_username}</arg>
<doc>Types the given ``text`` into the text field identified by ``locator``.</doc>
<status status="PASS" start="2025-01-06T20:58:11.494878" elapsed="0.146832"/>
</kw>
<kw name="Input Password" owner="SeleniumLibrary">
<msg time="2025-01-06T20:58:11.641710" level="INFO">Typing password into text field 'password'.</msg>
<msg time="2025-01-06T20:58:11.672642" level="INFO">Temporally setting log level to: NONE</msg>
<arg>${password_locator}</arg>
<arg>${default_password}</arg>
<doc>Types the given password into the text field identified by ``locator``.</doc>
<status status="PASS" start="2025-01-06T20:58:11.641710" elapsed="0.124456"/>
</kw>
<kw name="Click Button" owner="SeleniumLibrary">
<msg time="2025-01-06T20:58:11.767441" level="INFO">Clicking button 'signInBtn'.</msg>
<arg>${sign_in_locator}</arg>
<doc>Clicks the button identified by ``locator``.</doc>
<status status="PASS" start="2025-01-06T20:58:11.767441" elapsed="0.113436"/>
</kw>
<kw name="Wait Until Element Is Visible" owner="SeleniumLibrary">
<arg>${cart_locator}</arg>
<doc>Waits until the element ``locator`` is visible.</doc>
<status status="PASS" start="2025-01-06T20:58:11.880877" elapsed="5.137901"/>
</kw>
<status status="PASS" start="2025-01-06T20:58:11.494878" elapsed="5.523900"/>
</kw>
<kw name="Add Items To The Cart" owner="Shop">
<msg time="2025-01-06T20:58:17.078686" level="INFO">Clicking element '(//div[@class='card-footer'])[2]/button'.</msg>
<msg time="2025-01-06T20:58:17.214993" level="INFO">Clicking element '(//div[@class='card-footer'])[4]/button'.</msg>
<arg>${check_in_items}</arg>
<status status="PASS" start="2025-01-06T20:58:17.019787" elapsed="0.294287"/>
</kw>
<kw name="Verify Elements In The Cart" owner="Cart">
<msg time="2025-01-06T20:58:17.315077" level="INFO">Clicking element '//a[contains(text(),'Checkout')]'.</msg>
<msg time="2025-01-06T20:58:17.508518" level="INFO">['Samsung Note 8', 'Blackberry']
['Samsung Note 8', 'Blackberry']
True</msg>
<arg>${check_in_items}</arg>
<status status="PASS" start="2025-01-06T20:58:17.315077" elapsed="0.193441"/>
</kw>
<kw name="Pause Execution" owner="Dialogs">
<doc>Pauses execution until user clicks ``Ok`` button.</doc>
<status status="PASS" start="2025-01-06T20:58:17.508518" elapsed="13.755008"/>
</kw>
<kw name="Close Browser" owner="SeleniumLibrary" type="TEARDOWN">
<doc>Closes the current browser.</doc>
<status status="PASS" start="2025-01-06T20:58:31.264953" elapsed="2.312277"/>
</kw>
<tag>smoke</tag>
<status status="PASS" start="2025-01-06T20:58:07.685450" elapsed="25.891780"/>
</test>
<status status="PASS" start="2025-01-06T20:58:07.630925" elapsed="25.947566"/>
</suite>
<status status="PASS" start="2025-01-06T20:57:48.401301" elapsed="45.178238"/>
</suite>
<statistics>
<total>
<stat pass="2" fail="0" skip="0">All Tests</stat>
</total>
<tag>
<stat pass="2" fail="0" skip="0">smoke</stat>
</tag>
<suite>
<stat pass="2" fail="0" skip="0" id="s1" name="Tests">Tests</stat>
<stat pass="1" fail="0" skip="0" id="s1-s1" name="testDemo1">Tests.testDemo1</stat>
<stat pass="1" fail="0" skip="0" id="s1-s2" name="testDemo4">Tests.testDemo4</stat>
</suite>
</statistics>
<errors>
</errors>
</robot>
