<?xml version="1.0" encoding="UTF-8"?>
<robot generator="Robot 7.2 (Python 3.12.7 on win32)" generated="2025-01-14T15:33:02.556951" rpa="false" schemaversion="5">
<suite id="s1" name="testDemo1" source="E:\Sree Docs\Work\robotFrameworkPOC\robotFrameworkPOC\tests\testDemo1.robot">
<test id="s1-t1" name="Check whether the cart is displayed in the home page" line="20">
<kw name="Open the browser and launch the login page" owner="resources" type="SETUP">
<kw name="Create Dictionary" owner="BuiltIn">
<arg>screenshot_dir</arg>
<arg>E:\\Sree Docs\\Work\\robotFrameworkPOC\\robotFrameworkPOC\\tests\\config/../reports/screenshots</arg>
<doc>Creates and returns a dictionary based on the given ``items``.</doc>
<status status="PASS" start="2025-01-14T15:33:02.851162" elapsed="0.000000"/>
</kw>
<kw name="Set Screenshot Directory" owner="SeleniumLibrary">
<arg>E:\\Sree Docs\\Work\\robotFrameworkPOC\\robotFrameworkPOC\\tests\\config/../reports/screenshots</arg>
<doc>Sets the directory for captured screenshots.</doc>
<status status="PASS" start="2025-01-14T15:33:02.851162" elapsed="0.000000"/>
</kw>
<kw name="Run Keyword And Ignore Error" owner="BuiltIn">
<kw name="Set Selenium Timeout" owner="SeleniumLibrary">
<arg>5</arg>
<doc>Sets the timeout that is used by various keywords.</doc>
<status status="PASS" start="2025-01-14T15:33:02.852146" elapsed="0.000000"/>
</kw>
<arg>Set Selenium Timeout</arg>
<arg>5</arg>
<doc>Runs the given keyword with the given arguments and ignores possible error.</doc>
<status status="PASS" start="2025-01-14T15:33:02.852146" elapsed="0.000000"/>
</kw>
<kw name="Open Browser" owner="SeleniumLibrary">
<msg time="2025-01-14T15:33:02.852146" level="INFO">Opening browser 'chrome' to base url 'https://rahulshettyacademy.com/loginpagePractise/'.</msg>
<arg>${url}</arg>
<arg>${BROWSER}</arg>
<doc>Opens a new browser instance to the optional ``url``.</doc>
<status status="PASS" start="2025-01-14T15:33:02.852146" elapsed="2.441302"/>
</kw>
<kw name="Maximize Browser Window" owner="SeleniumLibrary">
<doc>Maximizes current browser window.</doc>
<status status="PASS" start="2025-01-14T15:33:05.294446" elapsed="0.032999"/>
</kw>
<kw name="Run Keyword And Ignore Error" owner="BuiltIn">
<kw name="Wait Until Page Contains Element" owner="SeleniumLibrary">
<arg>css:body</arg>
<arg>5</arg>
<doc>Waits until the element ``locator`` appears on the current page.</doc>
<status status="PASS" start="2025-01-14T15:33:05.327445" elapsed="0.011005"/>
</kw>
<msg time="2025-01-14T15:33:05.338450" level="INFO">${status} = PASS</msg>
<msg time="2025-01-14T15:33:05.338450" level="INFO">${error} = None</msg>
<var>${status}</var>
<var>${error}</var>
<arg>Wait Until Page Contains Element</arg>
<arg>css:body</arg>
<arg>5</arg>
<doc>Runs the given keyword with the given arguments and ignores possible error.</doc>
<status status="PASS" start="2025-01-14T15:33:05.327445" elapsed="0.011005"/>
</kw>
<kw name="Run Keyword If" owner="BuiltIn">
<arg>'${status}'=='FAIL'</arg>
<arg>Relaunch browser</arg>
<doc>Runs the given keyword with the given arguments, if ``condition`` is true.</doc>
<status status="PASS" start="2025-01-14T15:33:05.338450" elapsed="0.000000"/>
</kw>
<status status="PASS" start="2025-01-14T15:33:02.850119" elapsed="2.489324"/>
</kw>
<kw name="Login to home page" owner="login">
<kw name="Input Text" owner="SeleniumLibrary">
<msg time="2025-01-14T15:33:05.339443" level="INFO">Typing text 'rahulshettyacademy' into text field 'username'.</msg>
<arg>${username_locator}</arg>
<arg>${default_username}</arg>
<doc>Types the given ``text`` into the text field identified by ``locator``.</doc>
<status status="PASS" start="2025-01-14T15:33:05.339443" elapsed="0.121423"/>
</kw>
<kw name="Input Password" owner="SeleniumLibrary">
<msg time="2025-01-14T15:33:05.461420" level="INFO">Typing password into text field 'password'.</msg>
<msg time="2025-01-14T15:33:05.494912" level="INFO">Temporally setting log level to: NONE</msg>
<arg>${password_locator}</arg>
<arg>${default_password}</arg>
<doc>Types the given password into the text field identified by ``locator``.</doc>
<status status="PASS" start="2025-01-14T15:33:05.460866" elapsed="0.085334"/>
</kw>
<kw name="Click Button" owner="SeleniumLibrary">
<msg time="2025-01-14T15:33:05.546200" level="INFO">Clicking button 'signInBtn'.</msg>
<arg>${sign_in_locator}</arg>
<doc>Clicks the button identified by ``locator``.</doc>
<status status="PASS" start="2025-01-14T15:33:05.546200" elapsed="0.055725"/>
</kw>
<kw name="Wait Until Element Is Visible" owner="SeleniumLibrary">
<arg>${cart_locator}</arg>
<doc>Waits until the element ``locator`` is visible.</doc>
<status status="PASS" start="2025-01-14T15:33:05.601925" elapsed="4.622734"/>
</kw>
<status status="PASS" start="2025-01-14T15:33:05.339443" elapsed="4.885216"/>
</kw>
<kw name="Sleep" owner="BuiltIn">
<msg time="2025-01-14T15:33:15.225756" level="INFO">Slept 5 seconds.</msg>
<arg>5</arg>
<doc>Pauses the test executed for the given time.</doc>
<status status="PASS" start="2025-01-14T15:33:10.225656" elapsed="5.000100"/>
</kw>
<kw name="Close Browser" owner="SeleniumLibrary" type="TEARDOWN">
<doc>Closes the current browser.</doc>
<status status="PASS" start="2025-01-14T15:33:15.225756" elapsed="2.385025"/>
</kw>
<tag>fail</tag>
<tag>smoke</tag>
<status status="PASS" start="2025-01-14T15:33:02.849504" elapsed="14.761277"/>
</test>
<status status="PASS" start="2025-01-14T15:33:02.558457" elapsed="15.053860"/>
</suite>
<statistics>
<total>
<stat pass="1" fail="0" skip="0">All Tests</stat>
</total>
<tag>
<stat pass="1" fail="0" skip="0">fail</stat>
<stat pass="1" fail="0" skip="0">smoke</stat>
</tag>
<suite>
<stat name="testDemo1" id="s1" pass="1" fail="0" skip="0">testDemo1</stat>
</suite>
</statistics>
<errors>
</errors>
</robot>
