<?xml version="1.0" encoding="UTF-8"?>
<robot generator="Robot 7.1.1 (Python 3.12.1 on win32)" generated="2025-01-06T21:05:50.386845" rpa="false" schemaversion="5">
<suite id="s1" name="Tests" source="E:\Python\robotFramework\tests">
<suite id="s1-s1" name="testDemo1" source="E:\Python\robotFramework\tests\testDemo1.robot">
<test id="s1-s1-t1" name="Check whether the cart is displayed in the home page" line="20">
<kw name="Open the browser and launch the login page" owner="resources" type="SETUP">
<kw name="Create Dictionary" owner="BuiltIn">
<arg>screenshot_dir</arg>
<arg>E:\\Python\\robotFramework\\tests\\config/../reports/screenshots</arg>
<doc>Creates and returns a dictionary based on the given ``items``.</doc>
<status status="PASS" start="2025-01-06T21:05:50.768975" elapsed="0.000000"/>
</kw>
<kw name="Set Screenshot Directory" owner="SeleniumLibrary">
<arg>E:\\Python\\robotFramework\\tests\\config/../reports/screenshots</arg>
<doc>Sets the directory for captured screenshots.</doc>
<status status="PASS" start="2025-01-06T21:05:50.768975" elapsed="0.000000"/>
</kw>
<kw name="Run Keyword And Ignore Error" owner="BuiltIn">
<kw name="Set Selenium Timeout" owner="SeleniumLibrary">
<arg>5</arg>
<doc>Sets the timeout that is used by various keywords.</doc>
<status status="PASS" start="2025-01-06T21:05:50.768975" elapsed="0.001000"/>
</kw>
<arg>Set Selenium Timeout</arg>
<arg>5</arg>
<doc>Runs the given keyword with the given arguments and ignores possible error.</doc>
<status status="PASS" start="2025-01-06T21:05:50.768975" elapsed="0.001000"/>
</kw>
<kw name="Open Browser" owner="SeleniumLibrary">
<msg time="2025-01-06T21:05:50.769975" level="INFO">Opening browser 'chrome' to base url 'https://rahulshettyacademy.com/loginpagePractise/'.</msg>
<arg>${url}</arg>
<arg>chrome</arg>
<doc>Opens a new browser instance to the optional ``url``.</doc>
<status status="PASS" start="2025-01-06T21:05:50.769975" elapsed="3.757822"/>
</kw>
<kw name="Maximize Browser Window" owner="SeleniumLibrary">
<doc>Maximizes current browser window.</doc>
<status status="PASS" start="2025-01-06T21:05:54.527797" elapsed="0.041623"/>
</kw>
<kw name="Run Keyword And Ignore Error" owner="BuiltIn">
<kw name="Wait Until Page Contains Element" owner="SeleniumLibrary">
<arg>css:body</arg>
<arg>5</arg>
<doc>Waits until the element ``locator`` appears on the current page.</doc>
<status status="PASS" start="2025-01-06T21:05:54.570419" elapsed="0.018461"/>
</kw>
<msg time="2025-01-06T21:05:54.588880" level="INFO">${status} = PASS</msg>
<msg time="2025-01-06T21:05:54.588880" level="INFO">${error} = None</msg>
<var>${status}</var>
<var>${error}</var>
<arg>Wait Until Page Contains Element</arg>
<arg>css:body</arg>
<arg>5</arg>
<doc>Runs the given keyword with the given arguments and ignores possible error.</doc>
<status status="PASS" start="2025-01-06T21:05:54.569420" elapsed="0.019460"/>
</kw>
<kw name="Run Keyword If" owner="BuiltIn">
<arg>'${status}'=='FAIL'</arg>
<arg>Relaunch browser</arg>
<doc>Runs the given keyword with the given arguments, if ``condition`` is true.</doc>
<status status="PASS" start="2025-01-06T21:05:54.590362" elapsed="0.000000"/>
</kw>
<status status="PASS" start="2025-01-06T21:05:50.767975" elapsed="3.822387"/>
</kw>
<kw name="Login to home page" owner="login">
<kw name="Input Text" owner="SeleniumLibrary">
<msg time="2025-01-06T21:05:54.591370" level="INFO">Typing text 'rahulshettyacademy' into text field 'username'.</msg>
<arg>${username_locator}</arg>
<arg>${default_username}</arg>
<doc>Types the given ``text`` into the text field identified by ``locator``.</doc>
<status status="PASS" start="2025-01-06T21:05:54.591370" elapsed="0.199281"/>
</kw>
<kw name="Input Password" owner="SeleniumLibrary">
<msg time="2025-01-06T21:05:54.791655" level="INFO">Typing password into text field 'password'.</msg>
<msg time="2025-01-06T21:05:54.832759" level="INFO">Temporally setting log level to: NONE</msg>
<arg>${password_locator}</arg>
<arg>${default_password}</arg>
<doc>Types the given password into the text field identified by ``locator``.</doc>
<status status="PASS" start="2025-01-06T21:05:54.791655" elapsed="0.105765"/>
</kw>
<kw name="Click Button" owner="SeleniumLibrary">
<msg time="2025-01-06T21:05:54.898451" level="INFO">Clicking button 'signInBtn'.</msg>
<arg>${sign_in_locator}</arg>
<doc>Clicks the button identified by ``locator``.</doc>
<status status="PASS" start="2025-01-06T21:05:54.898451" elapsed="0.075560"/>
</kw>
<kw name="Wait Until Element Is Visible" owner="SeleniumLibrary">
<arg>${cart_locator}</arg>
<doc>Waits until the element ``locator`` is visible.</doc>
<status status="PASS" start="2025-01-06T21:05:54.974011" elapsed="5.425138"/>
</kw>
<status status="PASS" start="2025-01-06T21:05:54.591370" elapsed="5.807779"/>
</kw>
<kw name="Sleep" owner="BuiltIn">
<msg time="2025-01-06T21:06:05.399541" level="INFO">Slept 5 seconds.</msg>
<arg>5</arg>
<doc>Pauses the test executed for the given time.</doc>
<status status="PASS" start="2025-01-06T21:06:00.399149" elapsed="5.000392"/>
</kw>
<kw name="Close Browser" owner="SeleniumLibrary" type="TEARDOWN">
<doc>Closes the current browser.</doc>
<status status="PASS" start="2025-01-06T21:06:05.399541" elapsed="2.460661"/>
</kw>
<tag>smoke</tag>
<status status="PASS" start="2025-01-06T21:05:50.766975" elapsed="17.094225"/>
</test>
<status status="PASS" start="2025-01-06T21:05:50.401985" elapsed="17.460216"/>
</suite>
<suite id="s1-s2" name="testDemo3" source="E:\Python\robotFramework\tests\testDemo3.robot">
<test id="s1-s2-t1" name="Check the items displayed in the home page" line="15">
<kw name="Open the browser and launch the login page" owner="resources" type="SETUP">
<kw name="Create Dictionary" owner="BuiltIn">
<arg>screenshot_dir</arg>
<arg>E:\\Python\\robotFramework\\tests\\config/../reports/screenshots</arg>
<doc>Creates and returns a dictionary based on the given ``items``.</doc>
<status status="PASS" start="2025-01-06T21:06:07.922908" elapsed="0.001000"/>
</kw>
<kw name="Set Screenshot Directory" owner="SeleniumLibrary">
<arg>E:\\Python\\robotFramework\\tests\\config/../reports/screenshots</arg>
<doc>Sets the directory for captured screenshots.</doc>
<status status="PASS" start="2025-01-06T21:06:07.923908" elapsed="0.001000"/>
</kw>
<kw name="Run Keyword And Ignore Error" owner="BuiltIn">
<kw name="Set Selenium Timeout" owner="SeleniumLibrary">
<arg>5</arg>
<doc>Sets the timeout that is used by various keywords.</doc>
<status status="PASS" start="2025-01-06T21:06:07.924908" elapsed="0.001000"/>
</kw>
<arg>Set Selenium Timeout</arg>
<arg>5</arg>
<doc>Runs the given keyword with the given arguments and ignores possible error.</doc>
<status status="PASS" start="2025-01-06T21:06:07.924908" elapsed="0.001000"/>
</kw>
<kw name="Open Browser" owner="SeleniumLibrary">
<msg time="2025-01-06T21:06:07.926908" level="INFO">Opening browser 'chrome' to base url 'https://rahulshettyacademy.com/loginpagePractise/'.</msg>
<arg>${url}</arg>
<arg>chrome</arg>
<doc>Opens a new browser instance to the optional ``url``.</doc>
<status status="PASS" start="2025-01-06T21:06:07.925908" elapsed="3.913670"/>
</kw>
<kw name="Maximize Browser Window" owner="SeleniumLibrary">
<doc>Maximizes current browser window.</doc>
<status status="PASS" start="2025-01-06T21:06:11.840578" elapsed="0.044984"/>
</kw>
<kw name="Run Keyword And Ignore Error" owner="BuiltIn">
<kw name="Wait Until Page Contains Element" owner="SeleniumLibrary">
<arg>css:body</arg>
<arg>5</arg>
<doc>Waits until the element ``locator`` appears on the current page.</doc>
<status status="PASS" start="2025-01-06T21:06:11.885562" elapsed="0.014611"/>
</kw>
<msg time="2025-01-06T21:06:11.901167" level="INFO">${status} = PASS</msg>
<msg time="2025-01-06T21:06:11.901167" level="INFO">${error} = None</msg>
<var>${status}</var>
<var>${error}</var>
<arg>Wait Until Page Contains Element</arg>
<arg>css:body</arg>
<arg>5</arg>
<doc>Runs the given keyword with the given arguments and ignores possible error.</doc>
<status status="PASS" start="2025-01-06T21:06:11.885562" elapsed="0.015605"/>
</kw>
<kw name="Run Keyword If" owner="BuiltIn">
<arg>'${status}'=='FAIL'</arg>
<arg>Relaunch browser</arg>
<doc>Runs the given keyword with the given arguments, if ``condition`` is true.</doc>
<status status="PASS" start="2025-01-06T21:06:11.902166" elapsed="0.001002"/>
</kw>
<status status="PASS" start="2025-01-06T21:06:07.921912" elapsed="3.981256"/>
</kw>
<kw name="Login to home page" owner="login">
<kw name="Input Text" owner="SeleniumLibrary">
<msg time="2025-01-06T21:06:11.906167" level="INFO">Typing text 'rahulshettyacademy' into text field 'username'.</msg>
<arg>${username_locator}</arg>
<arg>${default_username}</arg>
<doc>Types the given ``text`` into the text field identified by ``locator``.</doc>
<status status="PASS" start="2025-01-06T21:06:11.905170" elapsed="0.203849"/>
</kw>
<kw name="Input Password" owner="SeleniumLibrary">
<msg time="2025-01-06T21:06:12.110501" level="INFO">Typing password into text field 'password'.</msg>
<msg time="2025-01-06T21:06:12.159933" level="INFO">Temporally setting log level to: NONE</msg>
<arg>${password_locator}</arg>
<arg>${default_password}</arg>
<doc>Types the given password into the text field identified by ``locator``.</doc>
<status status="PASS" start="2025-01-06T21:06:12.109019" elapsed="0.116142"/>
</kw>
<kw name="Click Button" owner="SeleniumLibrary">
<msg time="2025-01-06T21:06:12.226272" level="INFO">Clicking button 'signInBtn'.</msg>
<arg>${sign_in_locator}</arg>
<doc>Clicks the button identified by ``locator``.</doc>
<status status="PASS" start="2025-01-06T21:06:12.226272" elapsed="0.076793"/>
</kw>
<kw name="Wait Until Element Is Visible" owner="SeleniumLibrary">
<arg>${cart_locator}</arg>
<doc>Waits until the element ``locator`` is visible.</doc>
<status status="PASS" start="2025-01-06T21:06:12.303065" elapsed="5.385758"/>
</kw>
<status status="PASS" start="2025-01-06T21:06:11.904169" elapsed="5.784654"/>
</kw>
<kw name="The homepage should contain the items from the expected list" owner="home">
<kw name="Create List" owner="BuiltIn">
<msg time="2025-01-06T21:06:17.690822" level="INFO">${expected_list} = ['iphone X', 'Samsung Note 8', 'Nokia Edge', 'Blackberry']</msg>
<var>${expected_list}</var>
<arg>iphone X</arg>
<arg>Samsung Note 8</arg>
<arg>Nokia Edge</arg>
<arg>Blackberry</arg>
<doc>Returns a list containing given items.</doc>
<status status="PASS" start="2025-01-06T21:06:17.689822" elapsed="0.001000"/>
</kw>
<kw name="Get WebElements" owner="SeleniumLibrary">
<msg time="2025-01-06T21:06:17.708289" level="INFO">${cart_list_webElements} = [&lt;selenium.webdriver.remote.webelement.WebElement (session="eaf99d3b4003d47e18eb8f2c586aff29", element="f.23C99A1F3A74BCAE6EE3679E69EAE761.d.F83FE5DB35F3CB0CB65E636A7508E93B.e.82")&gt;, &lt;selenium.webdriv...</msg>
<var>${cart_list_webElements}</var>
<arg>${cart_title_locator}</arg>
<doc>Returns a list of WebElement objects matching the ``locator``.</doc>
<status status="PASS" start="2025-01-06T21:06:17.690822" elapsed="0.017467"/>
</kw>
<kw name="Create List" owner="BuiltIn">
<msg time="2025-01-06T21:06:17.709290" level="INFO">@{actual_list} = [ ]</msg>
<var>@{actual_list}</var>
<doc>Returns a list containing given items.</doc>
<status status="PASS" start="2025-01-06T21:06:17.708289" elapsed="0.001001"/>
</kw>
<for flavor="IN">
<iter>
<kw name="Get Text" owner="SeleniumLibrary">
<msg time="2025-01-06T21:06:17.728774" level="INFO">${item_title} = iphone X</msg>
<var>${item_title}</var>
<arg>${each_ele}</arg>
<doc>Returns the text value of the element identified by ``locator``.</doc>
<status status="PASS" start="2025-01-06T21:06:17.709290" elapsed="0.019484"/>
</kw>
<kw name="Append To List" owner="Collections">
<arg>${actual_list}</arg>
<arg>${item_title}</arg>
<doc>Adds ``values`` to the end of ``list``.</doc>
<status status="PASS" start="2025-01-06T21:06:17.728774" elapsed="0.000997"/>
</kw>
<var name="${each_ele}">&lt;selenium.webdriver.remote.webelement.WebElement (session="eaf99d3b4003d47e18eb8f2c586aff29", element="f.23C99A1F3A74BCAE6EE3679E69EAE761.d.F83FE5DB35F3CB0CB65E636A7508E93B.e.82")&gt;</var>
<status status="PASS" start="2025-01-06T21:06:17.709290" elapsed="0.020481"/>
</iter>
<iter>
<kw name="Get Text" owner="SeleniumLibrary">
<msg time="2025-01-06T21:06:17.746769" level="INFO">${item_title} = Samsung Note 8</msg>
<var>${item_title}</var>
<arg>${each_ele}</arg>
<doc>Returns the text value of the element identified by ``locator``.</doc>
<status status="PASS" start="2025-01-06T21:06:17.730771" elapsed="0.015998"/>
</kw>
<kw name="Append To List" owner="Collections">
<arg>${actual_list}</arg>
<arg>${item_title}</arg>
<doc>Adds ``values`` to the end of ``list``.</doc>
<status status="PASS" start="2025-01-06T21:06:17.746769" elapsed="0.000000"/>
</kw>
<var name="${each_ele}">&lt;selenium.webdriver.remote.webelement.WebElement (session="eaf99d3b4003d47e18eb8f2c586aff29", element="f.23C99A1F3A74BCAE6EE3679E69EAE761.d.F83FE5DB35F3CB0CB65E636A7508E93B.e.83")&gt;</var>
<status status="PASS" start="2025-01-06T21:06:17.730771" elapsed="0.016999"/>
</iter>
<iter>
<kw name="Get Text" owner="SeleniumLibrary">
<msg time="2025-01-06T21:06:17.758770" level="INFO">${item_title} = Nokia Edge</msg>
<var>${item_title}</var>
<arg>${each_ele}</arg>
<doc>Returns the text value of the element identified by ``locator``.</doc>
<status status="PASS" start="2025-01-06T21:06:17.747770" elapsed="0.011000"/>
</kw>
<kw name="Append To List" owner="Collections">
<arg>${actual_list}</arg>
<arg>${item_title}</arg>
<doc>Adds ``values`` to the end of ``list``.</doc>
<status status="PASS" start="2025-01-06T21:06:17.759771" elapsed="0.000000"/>
</kw>
<var name="${each_ele}">&lt;selenium.webdriver.remote.webelement.WebElement (session="eaf99d3b4003d47e18eb8f2c586aff29", element="f.23C99A1F3A74BCAE6EE3679E69EAE761.d.F83FE5DB35F3CB0CB65E636A7508E93B.e.84")&gt;</var>
<status status="PASS" start="2025-01-06T21:06:17.747770" elapsed="0.012001"/>
</iter>
<iter>
<kw name="Get Text" owner="SeleniumLibrary">
<msg time="2025-01-06T21:06:17.775257" level="INFO">${item_title} = Blackberry</msg>
<var>${item_title}</var>
<arg>${each_ele}</arg>
<doc>Returns the text value of the element identified by ``locator``.</doc>
<status status="PASS" start="2025-01-06T21:06:17.760771" elapsed="0.014486"/>
</kw>
<kw name="Append To List" owner="Collections">
<arg>${actual_list}</arg>
<arg>${item_title}</arg>
<doc>Adds ``values`` to the end of ``list``.</doc>
<status status="PASS" start="2025-01-06T21:06:17.775257" elapsed="0.000915"/>
</kw>
<var name="${each_ele}">&lt;selenium.webdriver.remote.webelement.WebElement (session="eaf99d3b4003d47e18eb8f2c586aff29", element="f.23C99A1F3A74BCAE6EE3679E69EAE761.d.F83FE5DB35F3CB0CB65E636A7508E93B.e.85")&gt;</var>
<status status="PASS" start="2025-01-06T21:06:17.760771" elapsed="0.015401"/>
</iter>
<var>${each_ele}</var>
<value>@{cart_list_webElements}</value>
<status status="PASS" start="2025-01-06T21:06:17.709290" elapsed="0.066882"/>
</for>
<kw name="Log" owner="BuiltIn">
<msg time="2025-01-06T21:06:17.776172" level="INFO">['iphone X', 'Samsung Note 8', 'Nokia Edge', 'Blackberry']</msg>
<arg>${actual_list}</arg>
<doc>Logs the given message with the given level.</doc>
<status status="PASS" start="2025-01-06T21:06:17.776172" elapsed="0.001080"/>
</kw>
<kw name="Log" owner="BuiltIn">
<msg time="2025-01-06T21:06:17.777252" level="INFO">['iphone X', 'Samsung Note 8', 'Nokia Edge', 'Blackberry']</msg>
<arg>${expected_list}</arg>
<doc>Logs the given message with the given level.</doc>
<status status="PASS" start="2025-01-06T21:06:17.777252" elapsed="0.000000"/>
</kw>
<kw name="Lists Should Be Equal" owner="Collections">
<arg>${actual_list}</arg>
<arg>${expected_list}</arg>
<doc>Fails if given lists are unequal.</doc>
<status status="PASS" start="2025-01-06T21:06:17.778254" elapsed="0.000000"/>
</kw>
<status status="PASS" start="2025-01-06T21:06:17.689822" elapsed="0.088432"/>
</kw>
<kw name="Close Browser" owner="SeleniumLibrary" type="TEARDOWN">
<doc>Closes the current browser.</doc>
<status status="PASS" start="2025-01-06T21:06:17.779272" elapsed="2.321183"/>
</kw>
<tag>regrssion</tag>
<status status="PASS" start="2025-01-06T21:06:07.920899" elapsed="12.179556"/>
</test>
<status status="PASS" start="2025-01-06T21:06:07.864201" elapsed="12.237251"/>
</suite>
<suite id="s1-s3" name="testDemo4" source="E:\Python\robotFramework\tests\testDemo4.robot">
<test id="s1-s3-t1" name="Verify the functionality for adding items to the cart" line="18">
<kw name="Open the browser and launch the login page" owner="resources" type="SETUP">
<kw name="Create Dictionary" owner="BuiltIn">
<arg>screenshot_dir</arg>
<arg>E:\\Python\\robotFramework\\tests\\config/../reports/screenshots</arg>
<doc>Creates and returns a dictionary based on the given ``items``.</doc>
<status status="PASS" start="2025-01-06T21:06:20.165497" elapsed="0.001001"/>
</kw>
<kw name="Set Screenshot Directory" owner="SeleniumLibrary">
<arg>E:\\Python\\robotFramework\\tests\\config/../reports/screenshots</arg>
<doc>Sets the directory for captured screenshots.</doc>
<status status="PASS" start="2025-01-06T21:06:20.166498" elapsed="0.000993"/>
</kw>
<kw name="Run Keyword And Ignore Error" owner="BuiltIn">
<kw name="Set Selenium Timeout" owner="SeleniumLibrary">
<arg>5</arg>
<doc>Sets the timeout that is used by various keywords.</doc>
<status status="PASS" start="2025-01-06T21:06:20.167491" elapsed="0.001007"/>
</kw>
<arg>Set Selenium Timeout</arg>
<arg>5</arg>
<doc>Runs the given keyword with the given arguments and ignores possible error.</doc>
<status status="PASS" start="2025-01-06T21:06:20.167491" elapsed="0.001007"/>
</kw>
<kw name="Open Browser" owner="SeleniumLibrary">
<msg time="2025-01-06T21:06:20.168498" level="INFO">Opening browser 'chrome' to base url 'https://rahulshettyacademy.com/loginpagePractise/'.</msg>
<arg>${url}</arg>
<arg>chrome</arg>
<doc>Opens a new browser instance to the optional ``url``.</doc>
<status status="PASS" start="2025-01-06T21:06:20.168498" elapsed="3.619925"/>
</kw>
<kw name="Maximize Browser Window" owner="SeleniumLibrary">
<doc>Maximizes current browser window.</doc>
<status status="PASS" start="2025-01-06T21:06:23.788423" elapsed="0.038168"/>
</kw>
<kw name="Run Keyword And Ignore Error" owner="BuiltIn">
<kw name="Wait Until Page Contains Element" owner="SeleniumLibrary">
<arg>css:body</arg>
<arg>5</arg>
<doc>Waits until the element ``locator`` appears on the current page.</doc>
<status status="PASS" start="2025-01-06T21:06:23.827592" elapsed="0.019913"/>
</kw>
<msg time="2025-01-06T21:06:23.848574" level="INFO">${status} = PASS</msg>
<msg time="2025-01-06T21:06:23.848574" level="INFO">${error} = None</msg>
<var>${status}</var>
<var>${error}</var>
<arg>Wait Until Page Contains Element</arg>
<arg>css:body</arg>
<arg>5</arg>
<doc>Runs the given keyword with the given arguments and ignores possible error.</doc>
<status status="PASS" start="2025-01-06T21:06:23.827592" elapsed="0.020982"/>
</kw>
<kw name="Run Keyword If" owner="BuiltIn">
<arg>'${status}'=='FAIL'</arg>
<arg>Relaunch browser</arg>
<doc>Runs the given keyword with the given arguments, if ``condition`` is true.</doc>
<status status="PASS" start="2025-01-06T21:06:23.848574" elapsed="0.001007"/>
</kw>
<status status="PASS" start="2025-01-06T21:06:20.165497" elapsed="3.684084"/>
</kw>
<kw name="Login to home page" owner="login">
<kw name="Input Text" owner="SeleniumLibrary">
<msg time="2025-01-06T21:06:23.850653" level="INFO">Typing text 'rahulshettyacademy' into text field 'username'.</msg>
<arg>${username_locator}</arg>
<arg>${default_username}</arg>
<doc>Types the given ``text`` into the text field identified by ``locator``.</doc>
<status status="PASS" start="2025-01-06T21:06:23.849581" elapsed="0.190607"/>
</kw>
<kw name="Input Password" owner="SeleniumLibrary">
<msg time="2025-01-06T21:06:24.041190" level="INFO">Typing password into text field 'password'.</msg>
<msg time="2025-01-06T21:06:24.088835" level="INFO">Temporally setting log level to: NONE</msg>
<arg>${password_locator}</arg>
<arg>${default_password}</arg>
<doc>Types the given password into the text field identified by ``locator``.</doc>
<status status="PASS" start="2025-01-06T21:06:24.040188" elapsed="0.111721"/>
</kw>
<kw name="Click Button" owner="SeleniumLibrary">
<msg time="2025-01-06T21:06:24.151909" level="INFO">Clicking button 'signInBtn'.</msg>
<arg>${sign_in_locator}</arg>
<doc>Clicks the button identified by ``locator``.</doc>
<status status="PASS" start="2025-01-06T21:06:24.151909" elapsed="0.069003"/>
</kw>
<kw name="Wait Until Element Is Visible" owner="SeleniumLibrary">
<arg>${cart_locator}</arg>
<doc>Waits until the element ``locator`` is visible.</doc>
<status status="PASS" start="2025-01-06T21:06:24.220912" elapsed="5.366296"/>
</kw>
<status status="PASS" start="2025-01-06T21:06:23.849581" elapsed="5.737627"/>
</kw>
<kw name="Add Items To The Cart" owner="Shop">
<msg time="2025-01-06T21:06:29.638941" level="INFO">Clicking element '(//div[@class='card-footer'])[2]/button'.</msg>
<msg time="2025-01-06T21:06:29.770350" level="INFO">Clicking element '(//div[@class='card-footer'])[4]/button'.</msg>
<arg>${check_in_items}</arg>
<status status="PASS" start="2025-01-06T21:06:29.588220" elapsed="0.271558"/>
</kw>
<kw name="Verify Elements In The Cart" owner="Cart">
<msg time="2025-01-06T21:06:29.860838" level="INFO">Clicking element '//a[contains(text(),'Checkout')]'.</msg>
<msg time="2025-01-06T21:06:30.028231" level="INFO">['Samsung Note 8', 'Blackberry']
['Samsung Note 8', 'Blackberry']
True</msg>
<arg>${check_in_items}</arg>
<status status="PASS" start="2025-01-06T21:06:29.859778" elapsed="0.168453"/>
</kw>
<kw name="Pause Execution" owner="Dialogs">
<doc>Pauses execution until user clicks ``Ok`` button.</doc>
<status status="PASS" start="2025-01-06T21:06:30.029545" elapsed="3.774007"/>
</kw>
<kw name="Close Browser" owner="SeleniumLibrary" type="TEARDOWN">
<doc>Closes the current browser.</doc>
<status status="PASS" start="2025-01-06T21:06:33.804557" elapsed="3.947614"/>
</kw>
<tag>regrssion</tag>
<tag>smoke</tag>
<status status="PASS" start="2025-01-06T21:06:20.164496" elapsed="17.587675"/>
</test>
<status status="PASS" start="2025-01-06T21:06:20.102451" elapsed="17.649720"/>
</suite>
<status status="PASS" start="2025-01-06T21:05:50.389852" elapsed="47.363513"/>
</suite>
<statistics>
<total>
<stat pass="3" fail="0" skip="0">All Tests</stat>
</total>
<tag>
<stat pass="2" fail="0" skip="0">regrssion</stat>
<stat pass="2" fail="0" skip="0">smoke</stat>
</tag>
<suite>
<stat pass="3" fail="0" skip="0" id="s1" name="Tests">Tests</stat>
<stat pass="1" fail="0" skip="0" id="s1-s1" name="testDemo1">Tests.testDemo1</stat>
<stat pass="1" fail="0" skip="0" id="s1-s2" name="testDemo3">Tests.testDemo3</stat>
<stat pass="1" fail="0" skip="0" id="s1-s3" name="testDemo4">Tests.testDemo4</stat>
</suite>
</statistics>
<errors>
</errors>
</robot>
